2026-02-24 17:07:23 - UAVPathPlanner - [32mINFO[0m - ============================================================
2026-02-24 17:07:23 - UAVPathPlanner - [32mINFO[0m - UAV Path Planner 啟動
2026-02-24 17:07:23 - UAVPathPlanner - [32mINFO[0m - 版本: 2.0.0
2026-02-24 17:07:23 - UAVPathPlanner - [32mINFO[0m - ============================================================
2026-02-24 17:07:23 - UAVPathPlanner - [32mINFO[0m - 配置文件: 使用預設配置
2026-02-24 17:07:23 - UAVPathPlanner - [32mINFO[0m - 飛行器配置載入成功: 4 種類型
2026-02-24 17:07:23 - UAVPathPlanner - [32mINFO[0m - 啟動 GUI 模式...
2026-02-24 17:07:23 - UAVPathPlanner - [32mINFO[0m - QtWebEngineWidgets 載入成功
2026-02-24 17:07:26 - UAVPathPlanner - [32mINFO[0m - 地圖初始化成功
2026-02-24 17:07:26 - UAVPathPlanner - [32mINFO[0m - 地圖組件初始化完成
2026-02-24 17:07:26 - UAVPathPlanner - [32mINFO[0m - 參數面板初始化完成
2026-02-24 17:07:26 - UAVPathPlanner - [32mINFO[0m - 任務面板初始化完成
2026-02-24 17:07:26 - UAVPathPlanner - [32mINFO[0m - 快捷鍵設置完成: Enter=生成路徑, Delete=刪除角點, Esc=清除路徑
2026-02-24 17:07:26 - UAVPathPlanner - [33mWARNING[0m - 樣式表不存在: c:\Users\joy46\Documents\DWA_path_planner-main\ui\resources\styles\dark_theme.qss
2026-02-24 17:07:26 - UAVPathPlanner - [32mINFO[0m - 主視窗初始化完成
2026-02-24 17:07:26 - UAVPathPlanner - [32mINFO[0m - GUI 啟動成功
2026-02-24 17:07:33 - UAVPathPlanner - [32mINFO[0m - 🖱️ 收到地圖點擊: (23.702340, 120.422596), 編輯模式=True
2026-02-24 17:07:33 - UAVPathPlanner - [32mINFO[0m - 新增角點 #1: (23.702340, 120.422596)
2026-02-24 17:07:33 - UAVPathPlanner - [32mINFO[0m - 新增邊界點 #1: (23.702340, 120.422596) [剩餘: 99]
2026-02-24 17:07:33 - UAVPathPlanner - [32mINFO[0m - ✅ 添加角點成功 (總數: 1)
2026-02-24 17:07:34 - UAVPathPlanner - [32mINFO[0m - 🖱️ 收到地圖點擊: (23.701201, 120.422870), 編輯模式=True
2026-02-24 17:07:34 - UAVPathPlanner - [32mINFO[0m - 新增角點 #2: (23.701201, 120.422870)
2026-02-24 17:07:34 - UAVPathPlanner - [32mINFO[0m - 新增邊界點 #2: (23.701201, 120.422870) [剩餘: 98]
2026-02-24 17:07:34 - UAVPathPlanner - [32mINFO[0m - ✅ 添加角點成功 (總數: 2)
2026-02-24 17:07:35 - UAVPathPlanner - [32mINFO[0m - 🖱️ 收到地圖點擊: (23.701255, 120.425193), 編輯模式=True
2026-02-24 17:07:35 - UAVPathPlanner - [32mINFO[0m - 新增角點 #3: (23.701255, 120.425193)
2026-02-24 17:07:35 - UAVPathPlanner - [32mINFO[0m - 新增邊界點 #3: (23.701255, 120.425193) [剩餘: 97]
2026-02-24 17:07:35 - UAVPathPlanner - [32mINFO[0m - ✅ 添加角點成功 (總數: 3)
2026-02-24 17:07:35 - UAVPathPlanner - [32mINFO[0m - 顯示路徑: 12 個航點
2026-02-24 17:07:35 - UAVPathPlanner - [32mINFO[0m - 即時路徑生成: 12 個航點
2026-02-24 17:07:37 - UAVPathPlanner - [32mINFO[0m - 🖱️ 收到地圖點擊: (23.703195, 120.424833), 編輯模式=True
2026-02-24 17:07:37 - UAVPathPlanner - [32mINFO[0m - 新增角點 #4: (23.703195, 120.424833)
2026-02-24 17:07:37 - UAVPathPlanner - [32mINFO[0m - 新增邊界點 #4: (23.703195, 120.424833) [剩餘: 96]
2026-02-24 17:07:37 - UAVPathPlanner - [32mINFO[0m - ✅ 添加角點成功 (總數: 4)
2026-02-24 17:07:37 - UAVPathPlanner - [32mINFO[0m - 顯示路徑: 22 個航點
2026-02-24 17:07:37 - UAVPathPlanner - [32mINFO[0m - 即時路徑生成: 22 個航點
2026-02-24 17:07:39 - UAVPathPlanner - [32mINFO[0m - 🖱️ 收到地圖點擊: (23.703097, 120.424114), 編輯模式=True
2026-02-24 17:07:39 - UAVPathPlanner - [32mINFO[0m - 新增角點 #5: (23.703097, 120.424114)
2026-02-24 17:07:39 - UAVPathPlanner - [32mINFO[0m - 新增邊界點 #5: (23.703097, 120.424114) [剩餘: 95]
2026-02-24 17:07:39 - UAVPathPlanner - [32mINFO[0m - ✅ 添加角點成功 (總數: 5)
2026-02-24 17:07:39 - UAVPathPlanner - [32mINFO[0m - 顯示路徑: 22 個航點
2026-02-24 17:07:39 - UAVPathPlanner - [32mINFO[0m - 即時路徑生成: 22 個航點
2026-02-24 17:07:40 - UAVPathPlanner - [32mINFO[0m - 🖱️ 收到地圖點擊: (23.702797, 120.423256), 編輯模式=True
2026-02-24 17:07:40 - UAVPathPlanner - [32mINFO[0m - 新增角點 #6: (23.702797, 120.423256)
2026-02-24 17:07:40 - UAVPathPlanner - [32mINFO[0m - 新增邊界點 #6: (23.702797, 120.423256) [剩餘: 94]
2026-02-24 17:07:40 - UAVPathPlanner - [32mINFO[0m - ✅ 添加角點成功 (總數: 6)
2026-02-24 17:07:40 - UAVPathPlanner - [32mINFO[0m - 顯示路徑: 22 個航點
2026-02-24 17:07:40 - UAVPathPlanner - [32mINFO[0m - 即時路徑生成: 22 個航點
2026-02-24 17:07:49 - UAVPathPlanner - [32mINFO[0m - 參數已更新: {'subdivisions': 2}
2026-02-24 17:07:49 - UAVPathPlanner - [32mINFO[0m - 顯示 2 條子區域路徑
2026-02-24 17:07:51 - UAVPathPlanner - [32mINFO[0m - 路徑生成完成：42 個航點，距離 2796m
2026-02-24 17:07:51 - UAVPathPlanner - [32mINFO[0m - 請求預覽路徑
2026-02-24 17:07:59 - UAVPathPlanner - [32mINFO[0m - 參數已更新: {'subdivisions': 6}
2026-02-24 17:08:00 - UAVPathPlanner - [32mINFO[0m - 顯示 6 條子區域路徑
2026-02-24 17:08:01 - UAVPathPlanner - [32mINFO[0m - 路徑生成完成：112 個航點，距離 3887m
2026-02-24 17:08:01 - UAVPathPlanner - [32mINFO[0m - 請求預覽路徑
2026-02-24 17:08:23 - UAVPathPlanner - [32mINFO[0m - 參數已更新: {'angle': -125.0}
2026-02-24 17:08:25 - UAVPathPlanner - [32mINFO[0m - 顯示 6 條子區域路徑
2026-02-24 17:08:26 - UAVPathPlanner - [32mINFO[0m - 路徑生成完成：80 個航點，距離 4160m
2026-02-24 17:08:26 - UAVPathPlanner - [32mINFO[0m - 請求預覽路徑
2026-02-24 17:08:30 - UAVPathPlanner - [32mINFO[0m - 演算法變更: spiral
2026-02-24 17:08:30 - UAVPathPlanner - [32mINFO[0m - 參數已更新: {'algorithm': 'spiral'}
2026-02-24 17:08:30 - UAVPathPlanner - [32mINFO[0m - 演算法變更: spiral - 螺旋掃描：從外圍向中心螺旋掃描
2026-02-24 17:08:31 - UAVPathPlanner - [32mINFO[0m - 顯示 6 條子區域路徑
2026-02-24 17:08:32 - UAVPathPlanner - [32mINFO[0m - 路徑生成完成：84 個航點，距離 1496m
2026-02-24 17:08:32 - UAVPathPlanner - [32mINFO[0m - 請求預覽路徑
2026-02-24 17:08:33 - UAVPathPlanner - [32mINFO[0m - 演算法變更: circular
2026-02-24 17:08:33 - UAVPathPlanner - [32mINFO[0m - 參數已更新: {'algorithm': 'circular'}
2026-02-24 17:08:33 - UAVPathPlanner - [32mINFO[0m - 演算法變更: circular - 同心圓掃描：從中心向外擴張的同心圓環路徑，可逐圈上升
2026-02-24 17:08:34 - UAVPathPlanner - [32mINFO[0m - 顯示 6 條子區域路徑
2026-02-24 17:08:36 - UAVPathPlanner - [32mINFO[0m - 路徑生成完成：423 個航點，距離 5916m
2026-02-24 17:08:36 - UAVPathPlanner - [32mINFO[0m - 請求預覽路徑
2026-02-24 17:08:40 - UAVPathPlanner - [32mINFO[0m - 演算法變更: rrt
2026-02-24 17:08:40 - UAVPathPlanner - [32mINFO[0m - 參數已更新: {'algorithm': 'rrt'}
2026-02-24 17:08:40 - UAVPathPlanner - [32mINFO[0m - 演算法變更: rrt - RRT 演算法：快速探索隨機樹，適合複雜環境
2026-02-24 17:08:41 - UAVPathPlanner - [32mINFO[0m - 路徑生成完成：10 個航點，距離 93m
2026-02-24 17:08:41 - UAVPathPlanner - [32mINFO[0m - 請求預覽路徑
2026-02-24 17:16:52 - UAVPathPlanner - [32mINFO[0m - 🖱️ 收到地圖點擊: (23.679803, 120.418026), 編輯模式=True
2026-02-24 17:16:52 - UAVPathPlanner - [32mINFO[0m - 新增角點 #7: (23.679803, 120.418026)
2026-02-24 17:16:52 - UAVPathPlanner - [32mINFO[0m - 新增邊界點 #7: (23.679803, 120.418026) [剩餘: 93]
2026-02-24 17:16:52 - UAVPathPlanner - [32mINFO[0m - ✅ 添加角點成功 (總數: 7)
2026-02-24 17:16:52 - UAVPathPlanner - [32mINFO[0m - 顯示 6 條子區域路徑
2026-02-24 17:16:52 - UAVPathPlanner - [32mINFO[0m - 即時路徑生成: 240 個航點
2026-02-24 17:16:58 - UAVPathPlanner - [32mINFO[0m - 應用程式關閉
2026-02-24 17:16:58 - UAVPathPlanner - [32mINFO[0m - UAV Path Planner 已退出
2026-02-24 17:17:08 - UAVPathPlanner - [32mINFO[0m - ============================================================
2026-02-24 17:17:08 - UAVPathPlanner - [32mINFO[0m - UAV Path Planner 啟動
2026-02-24 17:17:08 - UAVPathPlanner - [32mINFO[0m - 版本: 2.0.0
2026-02-24 17:17:08 - UAVPathPlanner - [32mINFO[0m - ============================================================
2026-02-24 17:17:08 - UAVPathPlanner - [32mINFO[0m - 配置文件: 使用預設配置
2026-02-24 17:17:08 - UAVPathPlanner - [32mINFO[0m - 飛行器配置載入成功: 4 種類型
2026-02-24 17:17:08 - UAVPathPlanner - [32mINFO[0m - 啟動 GUI 模式...
2026-02-24 17:17:08 - UAVPathPlanner - [32mINFO[0m - QtWebEngineWidgets 載入成功
2026-02-24 17:17:09 - UAVPathPlanner - [32mINFO[0m - 地圖初始化成功
2026-02-24 17:17:09 - UAVPathPlanner - [32mINFO[0m - 地圖組件初始化完成
2026-02-24 17:17:09 - UAVPathPlanner - [32mINFO[0m - 參數面板初始化完成
2026-02-24 17:17:09 - UAVPathPlanner - [32mINFO[0m - 任務面板初始化完成
2026-02-24 17:17:09 - UAVPathPlanner - [32mINFO[0m - 快捷鍵設置完成: Enter=生成路徑, Delete=刪除角點, Esc=清除路徑
2026-02-24 17:17:09 - UAVPathPlanner - [33mWARNING[0m - 樣式表不存在: c:\Users\joy46\Documents\DWA_path_planner-main\ui\resources\styles\dark_theme.qss
2026-02-24 17:17:09 - UAVPathPlanner - [32mINFO[0m - 主視窗初始化完成
2026-02-24 17:17:09 - UAVPathPlanner - [32mINFO[0m - GUI 啟動成功
2026-02-24 17:17:12 - UAVPathPlanner - [32mINFO[0m - 🖱️ 收到地圖點擊: (23.702335, 120.422591), 編輯模式=True
2026-02-24 17:17:12 - UAVPathPlanner - [32mINFO[0m - 新增角點 #1: (23.702335, 120.422591)
2026-02-24 17:17:12 - UAVPathPlanner - [32mINFO[0m - 新增邊界點 #1: (23.702335, 120.422591) [剩餘: 99]
2026-02-24 17:17:12 - UAVPathPlanner - [32mINFO[0m - ✅ 添加角點成功 (總數: 1)
2026-02-24 17:17:14 - UAVPathPlanner - [32mINFO[0m - 🖱️ 收到地圖點擊: (23.701235, 120.422741), 編輯模式=True
2026-02-24 17:17:14 - UAVPathPlanner - [32mINFO[0m - 新增角點 #2: (23.701235, 120.422741)
2026-02-24 17:17:14 - UAVPathPlanner - [32mINFO[0m - 新增邊界點 #2: (23.701235, 120.422741) [剩餘: 98]
2026-02-24 17:17:14 - UAVPathPlanner - [32mINFO[0m - ✅ 添加角點成功 (總數: 2)
2026-02-24 17:17:16 - UAVPathPlanner - [32mINFO[0m - 🖱️ 收到地圖點擊: (23.701284, 120.425262), 編輯模式=True
2026-02-24 17:17:16 - UAVPathPlanner - [32mINFO[0m - 新增角點 #3: (23.701284, 120.425262)
2026-02-24 17:17:16 - UAVPathPlanner - [32mINFO[0m - 新增邊界點 #3: (23.701284, 120.425262) [剩餘: 97]
2026-02-24 17:17:16 - UAVPathPlanner - [32mINFO[0m - ✅ 添加角點成功 (總數: 3)
2026-02-24 17:17:16 - UAVPathPlanner - [32mINFO[0m - 顯示路徑: 12 個航點
2026-02-24 17:17:16 - UAVPathPlanner - [32mINFO[0m - 即時路徑生成: 12 個航點
2026-02-24 17:17:19 - UAVPathPlanner - [32mINFO[0m - 🖱️ 收到地圖點擊: (23.703279, 120.424747), 編輯模式=True
2026-02-24 17:17:19 - UAVPathPlanner - [32mINFO[0m - 新增角點 #4: (23.703279, 120.424747)
2026-02-24 17:17:19 - UAVPathPlanner - [32mINFO[0m - 新增邊界點 #4: (23.703279, 120.424747) [剩餘: 96]
2026-02-24 17:17:19 - UAVPathPlanner - [32mINFO[0m - ✅ 添加角點成功 (總數: 4)
2026-02-24 17:17:19 - UAVPathPlanner - [32mINFO[0m - 顯示路徑: 22 個航點
2026-02-24 17:17:19 - UAVPathPlanner - [32mINFO[0m - 即時路徑生成: 22 個航點
2026-02-24 17:17:21 - UAVPathPlanner - [32mINFO[0m - 🖱️ 收到地圖點擊: (23.703048, 120.424077), 編輯模式=True
2026-02-24 17:17:21 - UAVPathPlanner - [32mINFO[0m - 新增角點 #5: (23.703048, 120.424077)
2026-02-24 17:17:21 - UAVPathPlanner - [32mINFO[0m - 新增邊界點 #5: (23.703048, 120.424077) [剩餘: 95]
2026-02-24 17:17:21 - UAVPathPlanner - [32mINFO[0m - ✅ 添加角點成功 (總數: 5)
2026-02-24 17:17:21 - UAVPathPlanner - [32mINFO[0m - 顯示路徑: 22 個航點
2026-02-24 17:17:21 - UAVPathPlanner - [32mINFO[0m - 即時路徑生成: 22 個航點
2026-02-24 17:17:23 - UAVPathPlanner - [32mINFO[0m - 🖱️ 收到地圖點擊: (23.702841, 120.423406), 編輯模式=True
2026-02-24 17:17:23 - UAVPathPlanner - [32mINFO[0m - 新增角點 #6: (23.702841, 120.423406)
2026-02-24 17:17:23 - UAVPathPlanner - [32mINFO[0m - 新增邊界點 #6: (23.702841, 120.423406) [剩餘: 94]
2026-02-24 17:17:23 - UAVPathPlanner - [32mINFO[0m - ✅ 添加角點成功 (總數: 6)
2026-02-24 17:17:23 - UAVPathPlanner - [32mINFO[0m - 顯示路徑: 22 個航點
2026-02-24 17:17:23 - UAVPathPlanner - [32mINFO[0m - 即時路徑生成: 22 個航點
2026-02-24 17:17:24 - UAVPathPlanner - [32mINFO[0m - 🖱️ 收到地圖點擊: (23.702645, 120.422918), 編輯模式=True
2026-02-24 17:17:24 - UAVPathPlanner - [32mINFO[0m - 新增角點 #7: (23.702645, 120.422918)
2026-02-24 17:17:24 - UAVPathPlanner - [32mINFO[0m - 新增邊界點 #7: (23.702645, 120.422918) [剩餘: 93]
2026-02-24 17:17:24 - UAVPathPlanner - [32mINFO[0m - ✅ 添加角點成功 (總數: 7)
2026-02-24 17:17:25 - UAVPathPlanner - [32mINFO[0m - 顯示路徑: 22 個航點
2026-02-24 17:17:25 - UAVPathPlanner - [32mINFO[0m - 即時路徑生成: 22 個航點
2026-02-24 17:17:28 - UAVPathPlanner - [32mINFO[0m - 顯示路徑: 22 個航點
2026-02-24 17:17:36 - UAVPathPlanner - [32mINFO[0m - 路徑生成完成：22 個航點，距離 2435m
2026-02-24 17:17:36 - UAVPathPlanner - [32mINFO[0m - 請求預覽路徑
2026-02-24 17:17:37 - UAVPathPlanner - [32mINFO[0m - 🖱️ 收到地圖點擊: (23.701451, 120.426963), 編輯模式=True
2026-02-24 17:17:37 - UAVPathPlanner - [32mINFO[0m - 新增角點 #8: (23.701451, 120.426963)
2026-02-24 17:17:37 - UAVPathPlanner - [32mINFO[0m - 新增邊界點 #8: (23.701451, 120.426963) [剩餘: 92]
2026-02-24 17:17:37 - UAVPathPlanner - [32mINFO[0m - ✅ 添加角點成功 (總數: 8)
2026-02-24 17:17:37 - UAVPathPlanner - [32mINFO[0m - 顯示路徑: 22 個航點
2026-02-24 17:17:37 - UAVPathPlanner - [32mINFO[0m - 即時路徑生成: 22 個航點
2026-02-24 17:17:39 - UAVPathPlanner - [32mINFO[0m - 應用程式關閉
2026-02-24 17:17:39 - UAVPathPlanner - [32mINFO[0m - UAV Path Planner 已退出
2026-02-24 17:20:33 - UAVPathPlanner - [32mINFO[0m - ============================================================
2026-02-24 17:20:33 - UAVPathPlanner - [32mINFO[0m - UAV Path Planner 啟動
2026-02-24 17:20:33 - UAVPathPlanner - [32mINFO[0m - 版本: 2.0.0
2026-02-24 17:20:33 - UAVPathPlanner - [32mINFO[0m - ============================================================
2026-02-24 17:20:33 - UAVPathPlanner - [32mINFO[0m - 配置文件: 使用預設配置
2026-02-24 17:20:33 - UAVPathPlanner - [32mINFO[0m - 飛行器配置載入成功: 4 種類型
2026-02-24 17:20:33 - UAVPathPlanner - [32mINFO[0m - 啟動 GUI 模式...
2026-02-24 17:20:33 - UAVPathPlanner - [32mINFO[0m - QtWebEngineWidgets 載入成功
2026-02-24 17:20:33 - UAVPathPlanner - [32mINFO[0m - 地圖初始化成功
2026-02-24 17:20:33 - UAVPathPlanner - [32mINFO[0m - 地圖組件初始化完成
2026-02-24 17:20:33 - UAVPathPlanner - [32mINFO[0m - 參數面板初始化完成
2026-02-24 17:20:34 - UAVPathPlanner - [32mINFO[0m - 任務面板初始化完成
2026-02-24 17:20:34 - UAVPathPlanner - [32mINFO[0m - 快捷鍵設置完成: Enter=生成路徑, Delete=刪除角點, Esc=清除路徑
2026-02-24 17:20:34 - UAVPathPlanner - [33mWARNING[0m - 樣式表不存在: c:\Users\joy46\Documents\DWA_path_planner-main\ui\resources\styles\dark_theme.qss
2026-02-24 17:20:34 - UAVPathPlanner - [32mINFO[0m - 主視窗初始化完成
2026-02-24 17:20:34 - UAVPathPlanner - [32mINFO[0m - GUI 啟動成功
2026-02-24 17:20:39 - UAVPathPlanner - [32mINFO[0m - 🖱️ 收到地圖點擊: (23.704285, 120.418096), 編輯模式=True
2026-02-24 17:20:39 - UAVPathPlanner - [32mINFO[0m - 新增角點 #1: (23.704285, 120.418096)
2026-02-24 17:20:39 - UAVPathPlanner - [32mINFO[0m - 新增邊界點 #1: (23.704285, 120.418096) [剩餘: 99]
2026-02-24 17:20:39 - UAVPathPlanner - [32mINFO[0m - ✅ 添加角點成功 (總數: 1)
2026-02-24 17:20:39 - UAVPathPlanner - [32mINFO[0m - 🖱️ 收到地圖點擊: (23.701495, 120.418144), 編輯模式=True
2026-02-24 17:20:39 - UAVPathPlanner - [32mINFO[0m - 新增角點 #2: (23.701495, 120.418144)
2026-02-24 17:20:39 - UAVPathPlanner - [32mINFO[0m - 新增邊界點 #2: (23.701495, 120.418144) [剩餘: 98]
2026-02-24 17:20:39 - UAVPathPlanner - [32mINFO[0m - ✅ 添加角點成功 (總數: 2)
2026-02-24 17:20:39 - UAVPathPlanner - [32mINFO[0m - 🖱️ 收到地圖點擊: (23.701279, 120.421926), 編輯模式=True
2026-02-24 17:20:39 - UAVPathPlanner - [32mINFO[0m - 新增角點 #3: (23.701279, 120.421926)
2026-02-24 17:20:39 - UAVPathPlanner - [32mINFO[0m - 新增邊界點 #3: (23.701279, 120.421926) [剩餘: 97]
2026-02-24 17:20:39 - UAVPathPlanner - [32mINFO[0m - ✅ 添加角點成功 (總數: 3)
2026-02-24 17:20:40 - UAVPathPlanner - [32mINFO[0m - 顯示路徑: 32 個航點
2026-02-24 17:20:40 - UAVPathPlanner - [32mINFO[0m - 即時路徑生成: 32 個航點
2026-02-24 17:20:41 - UAVPathPlanner - [32mINFO[0m - 🖱️ 收到地圖點擊: (23.704457, 120.422130), 編輯模式=True
2026-02-24 17:20:41 - UAVPathPlanner - [32mINFO[0m - 新增角點 #4: (23.704457, 120.422130)
2026-02-24 17:20:41 - UAVPathPlanner - [32mINFO[0m - 新增邊界點 #4: (23.704457, 120.422130) [剩餘: 96]
2026-02-24 17:20:41 - UAVPathPlanner - [32mINFO[0m - ✅ 添加角點成功 (總數: 4)
2026-02-24 17:20:41 - UAVPathPlanner - [32mINFO[0m - 顯示路徑: 34 個航點
2026-02-24 17:20:41 - UAVPathPlanner - [32mINFO[0m - 即時路徑生成: 34 個航點
2026-02-24 17:20:51 - UAVPathPlanner - [32mINFO[0m - 參數已更新: {'subdivisions': 2}
2026-02-24 17:20:52 - UAVPathPlanner - [32mINFO[0m - 顯示 2 條子區域路徑
2026-02-24 17:20:53 - UAVPathPlanner - [32mINFO[0m - 路徑生成完成：32 個航點，距離 6975m
2026-02-24 17:20:53 - UAVPathPlanner - [32mINFO[0m - 請求預覽路徑
2026-02-24 17:20:55 - UAVPathPlanner - [32mINFO[0m - 參數已更新: {'subdivisions': 4}
2026-02-24 17:20:56 - UAVPathPlanner - [32mINFO[0m - 顯示 4 條子區域路徑
2026-02-24 17:20:58 - UAVPathPlanner - [32mINFO[0m - 路徑生成完成：64 個航點，距離 8000m
2026-02-24 17:20:58 - UAVPathPlanner - [32mINFO[0m - 請求預覽路徑
2026-02-24 17:20:59 - UAVPathPlanner - [32mINFO[0m - 參數已更新: {'subdivisions': 6}
2026-02-24 17:21:00 - UAVPathPlanner - [32mINFO[0m - 顯示 6 條子區域路徑
2026-02-24 17:21:02 - UAVPathPlanner - [32mINFO[0m - 路徑生成完成：62 個航點，距離 7613m
2026-02-24 17:21:02 - UAVPathPlanner - [32mINFO[0m - 請求預覽路徑
2026-02-24 17:21:15 - UAVPathPlanner - [32mINFO[0m - 應用程式關閉
2026-02-24 17:21:15 - UAVPathPlanner - [32mINFO[0m - UAV Path Planner 已退出
2026-02-24 17:32:46 - UAVPathPlanner - [32mINFO[0m - ============================================================
2026-02-24 17:32:46 - UAVPathPlanner - [32mINFO[0m - UAV Path Planner 啟動
2026-02-24 17:32:46 - UAVPathPlanner - [32mINFO[0m - 版本: 2.0.0
2026-02-24 17:32:46 - UAVPathPlanner - [32mINFO[0m - ============================================================
2026-02-24 17:32:46 - UAVPathPlanner - [32mINFO[0m - 配置文件: 使用預設配置
2026-02-24 17:32:46 - UAVPathPlanner - [32mINFO[0m - 飛行器配置載入成功: 4 種類型
2026-02-24 17:32:46 - UAVPathPlanner - [32mINFO[0m - 啟動 GUI 模式...
2026-02-24 17:32:46 - UAVPathPlanner - [32mINFO[0m - QtWebEngineWidgets 載入成功
2026-02-24 17:32:47 - UAVPathPlanner - [32mINFO[0m - 地圖初始化成功
2026-02-24 17:32:47 - UAVPathPlanner - [32mINFO[0m - 地圖組件初始化完成
2026-02-24 17:32:47 - UAVPathPlanner - [32mINFO[0m - 參數面板初始化完成
2026-02-24 17:32:47 - UAVPathPlanner - [32mINFO[0m - 任務面板初始化完成
2026-02-24 17:32:47 - UAVPathPlanner - [32mINFO[0m - 快捷鍵設置完成: Enter=生成路徑, Delete=刪除角點, Esc=清除路徑
2026-02-24 17:32:47 - UAVPathPlanner - [33mWARNING[0m - 樣式表不存在: c:\Users\joy46\Documents\DWA_path_planner-main\ui\resources\styles\dark_theme.qss
2026-02-24 17:32:47 - UAVPathPlanner - [32mINFO[0m - 主視窗初始化完成
2026-02-24 17:32:47 - UAVPathPlanner - [32mINFO[0m - GUI 啟動成功
2026-02-24 17:32:51 - UAVPathPlanner - [32mINFO[0m - 🖱️ 收到地圖點擊: (23.703274, 120.419796), 編輯模式=True
2026-02-24 17:32:51 - UAVPathPlanner - [32mINFO[0m - 新增角點 #1: (23.703274, 120.419796)
2026-02-24 17:32:51 - UAVPathPlanner - [32mINFO[0m - 新增邊界點 #1: (23.703274, 120.419796) [剩餘: 99]
2026-02-24 17:32:51 - UAVPathPlanner - [32mINFO[0m - ✅ 添加角點成功 (總數: 1)
2026-02-24 17:32:52 - UAVPathPlanner - [32mINFO[0m - 🖱️ 收到地圖點擊: (23.701407, 120.420016), 編輯模式=True
2026-02-24 17:32:52 - UAVPathPlanner - [32mINFO[0m - 新增角點 #2: (23.701407, 120.420016)
2026-02-24 17:32:52 - UAVPathPlanner - [32mINFO[0m - 新增邊界點 #2: (23.701407, 120.420016) [剩餘: 98]
2026-02-24 17:32:52 - UAVPathPlanner - [32mINFO[0m - ✅ 添加角點成功 (總數: 2)
2026-02-24 17:32:52 - UAVPathPlanner - [32mINFO[0m - 🖱️ 收到地圖點擊: (23.701427, 120.422012), 編輯模式=True
2026-02-24 17:32:52 - UAVPathPlanner - [32mINFO[0m - 新增角點 #3: (23.701427, 120.422012)
2026-02-24 17:32:52 - UAVPathPlanner - [32mINFO[0m - 新增邊界點 #3: (23.701427, 120.422012) [剩餘: 97]
2026-02-24 17:32:52 - UAVPathPlanner - [32mINFO[0m - ✅ 添加角點成功 (總數: 3)
2026-02-24 17:32:52 - UAVPathPlanner - [32mINFO[0m - 顯示路徑: 20 個航點
2026-02-24 17:32:52 - UAVPathPlanner - [32mINFO[0m - 即時路徑生成: 20 個航點
2026-02-24 17:32:52 - UAVPathPlanner - [32mINFO[0m - 🖱️ 收到地圖點擊: (23.703431, 120.422124), 編輯模式=True
2026-02-24 17:32:52 - UAVPathPlanner - [32mINFO[0m - 新增角點 #4: (23.703431, 120.422124)
2026-02-24 17:32:52 - UAVPathPlanner - [32mINFO[0m - 新增邊界點 #4: (23.703431, 120.422124) [剩餘: 96]
2026-02-24 17:32:52 - UAVPathPlanner - [32mINFO[0m - ✅ 添加角點成功 (總數: 4)
2026-02-24 17:32:53 - UAVPathPlanner - [32mINFO[0m - 顯示路徑: 22 個航點
2026-02-24 17:32:53 - UAVPathPlanner - [32mINFO[0m - 即時路徑生成: 22 個航點
2026-02-24 17:32:59 - UAVPathPlanner - [32mINFO[0m - 已打開 Tkinter 地圖視窗
2026-02-24 17:33:07 - UAVPathPlanner - [32mINFO[0m - 參數已更新: {'angle': -149.0}
2026-02-24 17:33:08 - UAVPathPlanner - [32mINFO[0m - 顯示路徑: 30 個航點
2026-02-24 17:33:10 - UAVPathPlanner - [32mINFO[0m - 路徑生成完成：30 個航點，距離 2758m
2026-02-24 17:33:10 - UAVPathPlanner - [32mINFO[0m - 請求預覽路徑
2026-02-24 17:33:10 - UAVPathPlanner - [32mINFO[0m - 🖱️ 收到地圖點擊: (23.702051, 120.424184), 編輯模式=True
2026-02-24 17:33:10 - UAVPathPlanner - [32mINFO[0m - 新增角點 #5: (23.702051, 120.424184)
2026-02-24 17:33:10 - UAVPathPlanner - [32mINFO[0m - 新增邊界點 #5: (23.702051, 120.424184) [剩餘: 95]
2026-02-24 17:33:10 - UAVPathPlanner - [32mINFO[0m - ✅ 添加角點成功 (總數: 5)
2026-02-24 17:33:10 - UAVPathPlanner - [32mINFO[0m - 顯示路徑: 30 個航點
2026-02-24 17:33:10 - UAVPathPlanner - [32mINFO[0m - 即時路徑生成: 30 個航點
2026-02-24 17:33:20 - UAVPathPlanner - [32mINFO[0m - ============================================================
2026-02-24 17:33:20 - UAVPathPlanner - [32mINFO[0m - UAV Path Planner 啟動
2026-02-24 17:33:20 - UAVPathPlanner - [32mINFO[0m - 版本: 2.0.0
2026-02-24 17:33:20 - UAVPathPlanner - [32mINFO[0m - ============================================================
2026-02-24 17:33:20 - UAVPathPlanner - [32mINFO[0m - 配置文件: 使用預設配置
2026-02-24 17:33:20 - UAVPathPlanner - [32mINFO[0m - 飛行器配置載入成功: 4 種類型
2026-02-24 17:33:20 - UAVPathPlanner - [32mINFO[0m - 啟動 GUI 模式...
2026-02-24 17:33:20 - UAVPathPlanner - [32mINFO[0m - QtWebEngineWidgets 載入成功
2026-02-24 17:33:21 - UAVPathPlanner - [32mINFO[0m - 地圖初始化成功
2026-02-24 17:33:21 - UAVPathPlanner - [32mINFO[0m - 地圖組件初始化完成
2026-02-24 17:33:21 - UAVPathPlanner - [32mINFO[0m - 參數面板初始化完成
2026-02-24 17:33:21 - UAVPathPlanner - [32mINFO[0m - 任務面板初始化完成
2026-02-24 17:33:21 - UAVPathPlanner - [32mINFO[0m - 快捷鍵設置完成: Enter=生成路徑, Delete=刪除角點, Esc=清除路徑
2026-02-24 17:33:21 - UAVPathPlanner - [33mWARNING[0m - 樣式表不存在: c:\Users\joy46\Documents\DWA_path_planner-main\ui\resources\styles\dark_theme.qss
2026-02-24 17:33:21 - UAVPathPlanner - [32mINFO[0m - 主視窗初始化完成
2026-02-24 17:33:21 - UAVPathPlanner - [32mINFO[0m - GUI 啟動成功
2026-02-24 17:33:24 - UAVPathPlanner - [32mINFO[0m - 🖱️ 收到地圖點擊: (23.703770, 120.419018), 編輯模式=True
2026-02-24 17:33:24 - UAVPathPlanner - [32mINFO[0m - 新增角點 #1: (23.703770, 120.419018)
2026-02-24 17:33:24 - UAVPathPlanner - [32mINFO[0m - 新增邊界點 #1: (23.703770, 120.419018) [剩餘: 99]
2026-02-24 17:33:24 - UAVPathPlanner - [32mINFO[0m - ✅ 添加角點成功 (總數: 1)
2026-02-24 17:33:24 - UAVPathPlanner - [32mINFO[0m - 🖱️ 收到地圖點擊: (23.701441, 120.419163), 編輯模式=True
2026-02-24 17:33:24 - UAVPathPlanner - [32mINFO[0m - 新增角點 #2: (23.701441, 120.419163)
2026-02-24 17:33:24 - UAVPathPlanner - [32mINFO[0m - 新增邊界點 #2: (23.701441, 120.419163) [剩餘: 98]
2026-02-24 17:33:24 - UAVPathPlanner - [32mINFO[0m - ✅ 添加角點成功 (總數: 2)
2026-02-24 17:33:24 - UAVPathPlanner - [32mINFO[0m - 🖱️ 收到地圖點擊: (23.701491, 120.422199), 編輯模式=True
2026-02-24 17:33:24 - UAVPathPlanner - [32mINFO[0m - 新增角點 #3: (23.701491, 120.422199)
2026-02-24 17:33:24 - UAVPathPlanner - [32mINFO[0m - 新增邊界點 #3: (23.701491, 120.422199) [剩餘: 97]
2026-02-24 17:33:24 - UAVPathPlanner - [32mINFO[0m - ✅ 添加角點成功 (總數: 3)
2026-02-24 17:33:25 - UAVPathPlanner - [32mINFO[0m - 顯示路徑: 24 個航點
2026-02-24 17:33:25 - UAVPathPlanner - [32mINFO[0m - 即時路徑生成: 24 個航點
2026-02-24 17:33:25 - UAVPathPlanner - [32mINFO[0m - 🖱️ 收到地圖點擊: (23.703667, 120.422065), 編輯模式=True
2026-02-24 17:33:25 - UAVPathPlanner - [32mINFO[0m - 新增角點 #4: (23.703667, 120.422065)
2026-02-24 17:33:25 - UAVPathPlanner - [32mINFO[0m - 新增邊界點 #4: (23.703667, 120.422065) [剩餘: 96]
2026-02-24 17:33:25 - UAVPathPlanner - [32mINFO[0m - ✅ 添加角點成功 (總數: 4)
2026-02-24 17:33:25 - UAVPathPlanner - [32mINFO[0m - 顯示路徑: 24 個航點
2026-02-24 17:33:25 - UAVPathPlanner - [32mINFO[0m - 即時路徑生成: 24 個航點
2026-02-24 17:34:13 - UAVPathPlanner - [32mINFO[0m - ============================================================
2026-02-24 17:34:13 - UAVPathPlanner - [32mINFO[0m - UAV Path Planner 啟動
2026-02-24 17:34:13 - UAVPathPlanner - [32mINFO[0m - 版本: 2.0.0
2026-02-24 17:34:13 - UAVPathPlanner - [32mINFO[0m - ============================================================
2026-02-24 17:34:13 - UAVPathPlanner - [32mINFO[0m - 配置文件: 使用預設配置
2026-02-24 17:34:13 - UAVPathPlanner - [32mINFO[0m - 飛行器配置載入成功: 4 種類型
2026-02-24 17:34:13 - UAVPathPlanner - [32mINFO[0m - 啟動 GUI 模式...
2026-02-24 17:34:13 - UAVPathPlanner - [32mINFO[0m - QtWebEngineWidgets 載入成功
2026-02-24 17:34:13 - UAVPathPlanner - [32mINFO[0m - 地圖初始化成功
2026-02-24 17:34:13 - UAVPathPlanner - [32mINFO[0m - 地圖組件初始化完成
2026-02-24 17:34:13 - UAVPathPlanner - [32mINFO[0m - 參數面板初始化完成
2026-02-24 17:34:13 - UAVPathPlanner - [32mINFO[0m - 任務面板初始化完成
2026-02-24 17:34:13 - UAVPathPlanner - [32mINFO[0m - 快捷鍵設置完成: Enter=生成路徑, Delete=刪除角點, Esc=清除路徑
2026-02-24 17:34:13 - UAVPathPlanner - [33mWARNING[0m - 樣式表不存在: c:\Users\joy46\Documents\DWA_path_planner-main\ui\resources\styles\dark_theme.qss
2026-02-24 17:34:13 - UAVPathPlanner - [32mINFO[0m - 主視窗初始化完成
2026-02-24 17:34:13 - UAVPathPlanner - [32mINFO[0m - GUI 啟動成功
2026-02-24 17:34:16 - UAVPathPlanner - [32mINFO[0m - 🖱️ 收到地圖點擊: (23.703622, 120.419201), 編輯模式=True
2026-02-24 17:34:16 - UAVPathPlanner - [32mINFO[0m - 新增角點 #1: (23.703622, 120.419201)
2026-02-24 17:34:16 - UAVPathPlanner - [32mINFO[0m - 新增邊界點 #1: (23.703622, 120.419201) [剩餘: 99]
2026-02-24 17:34:16 - UAVPathPlanner - [32mINFO[0m - ✅ 添加角點成功 (總數: 1)
2026-02-24 17:34:16 - UAVPathPlanner - [32mINFO[0m - 🖱️ 收到地圖點擊: (23.701289, 120.419410), 編輯模式=True
2026-02-24 17:34:16 - UAVPathPlanner - [32mINFO[0m - 新增角點 #2: (23.701289, 120.419410)
2026-02-24 17:34:16 - UAVPathPlanner - [32mINFO[0m - 新增邊界點 #2: (23.701289, 120.419410) [剩餘: 98]
2026-02-24 17:34:16 - UAVPathPlanner - [32mINFO[0m - ✅ 添加角點成功 (總數: 2)
2026-02-24 17:34:16 - UAVPathPlanner - [32mINFO[0m - 🖱️ 收到地圖點擊: (23.701437, 120.424823), 編輯模式=True
2026-02-24 17:34:16 - UAVPathPlanner - [32mINFO[0m - 新增角點 #3: (23.701437, 120.424823)
2026-02-24 17:34:16 - UAVPathPlanner - [32mINFO[0m - 新增邊界點 #3: (23.701437, 120.424823) [剩餘: 97]
2026-02-24 17:34:16 - UAVPathPlanner - [32mINFO[0m - ✅ 添加角點成功 (總數: 3)
2026-02-24 17:34:17 - UAVPathPlanner - [32mINFO[0m - 顯示路徑: 26 個航點
2026-02-24 17:34:17 - UAVPathPlanner - [32mINFO[0m - 即時路徑生成: 26 個航點
2026-02-24 17:34:18 - UAVPathPlanner - [32mINFO[0m - 🖱️ 收到地圖點擊: (23.703745, 120.424281), 編輯模式=True
2026-02-24 17:34:18 - UAVPathPlanner - [32mINFO[0m - 新增角點 #4: (23.703745, 120.424281)
2026-02-24 17:34:18 - UAVPathPlanner - [32mINFO[0m - 新增邊界點 #4: (23.703745, 120.424281) [剩餘: 96]
2026-02-24 17:34:18 - UAVPathPlanner - [32mINFO[0m - ✅ 添加角點成功 (總數: 4)
2026-02-24 17:34:18 - UAVPathPlanner - [32mINFO[0m - 顯示路徑: 26 個航點
2026-02-24 17:34:18 - UAVPathPlanner - [32mINFO[0m - 即時路徑生成: 26 個航點
2026-02-24 17:36:28 - UAVPathPlanner - [32mINFO[0m - 參數已更新: {'subdivisions': 6}
2026-02-24 17:36:29 - UAVPathPlanner - [32mINFO[0m - 顯示 6 條子區域路徑
2026-02-24 17:36:30 - UAVPathPlanner - [32mINFO[0m - 路徑生成完成：48 個航點，距離 8102m
2026-02-24 17:36:30 - UAVPathPlanner - [32mINFO[0m - 請求預覽路徑
2026-02-24 17:36:33 - UAVPathPlanner - [32mINFO[0m - 參數已更新: {'region_spacing': 4.0}
2026-02-24 17:36:33 - UAVPathPlanner - [32mINFO[0m - 參數已更新: {'region_spacing': 5.0}
2026-02-24 17:36:33 - UAVPathPlanner - [32mINFO[0m - 參數已更新: {'region_spacing': 6.0}
2026-02-24 17:36:33 - UAVPathPlanner - [32mINFO[0m - 參數已更新: {'region_spacing': 7.0}
2026-02-24 17:36:33 - UAVPathPlanner - [32mINFO[0m - 參數已更新: {'region_spacing': 8.0}
2026-02-24 17:36:33 - UAVPathPlanner - [32mINFO[0m - 參數已更新: {'region_spacing': 9.0}
2026-02-24 17:36:34 - UAVPathPlanner - [32mINFO[0m - 顯示 6 條子區域路徑
2026-02-24 17:36:36 - UAVPathPlanner - [32mINFO[0m - 路徑生成完成：48 個航點，距離 8106m
2026-02-24 17:36:36 - UAVPathPlanner - [32mINFO[0m - 請求預覽路徑
2026-02-24 17:36:38 - UAVPathPlanner - [32mINFO[0m - 參數已更新: {'v_spacing_m': 4.0}
2026-02-24 17:36:38 - UAVPathPlanner - [32mINFO[0m - 參數已更新: {'v_spacing_m': 5.0}
2026-02-24 17:36:38 - UAVPathPlanner - [32mINFO[0m - 參數已更新: {'v_spacing_m': 6.0}
2026-02-24 17:36:38 - UAVPathPlanner - [32mINFO[0m - 參數已更新: {'v_spacing_m': 7.0}
2026-02-24 17:36:38 - UAVPathPlanner - [32mINFO[0m - 參數已更新: {'v_spacing_m': 8.0}
2026-02-24 17:36:38 - UAVPathPlanner - [32mINFO[0m - 參數已更新: {'v_spacing_m': 9.0}
2026-02-24 17:36:38 - UAVPathPlanner - [32mINFO[0m - 參數已更新: {'v_spacing_m': 10.0}
2026-02-24 17:36:39 - UAVPathPlanner - [32mINFO[0m - 顯示 6 條子區域路徑
2026-02-24 17:36:41 - UAVPathPlanner - [32mINFO[0m - 路徑生成完成：48 個航點，距離 8018m
2026-02-24 17:36:41 - UAVPathPlanner - [32mINFO[0m - 請求預覽路徑
2026-02-24 17:36:44 - UAVPathPlanner - [32mINFO[0m - 參數已更新: {'v_spacing_m': 0.0}
2026-02-24 17:36:45 - UAVPathPlanner - [32mINFO[0m - 參數已更新: {'v_spacing_m': 1.0}
2026-02-24 17:36:45 - UAVPathPlanner - [32mINFO[0m - 參數已更新: {'v_spacing_m': 15.0}
2026-02-24 17:36:45 - UAVPathPlanner - [32mINFO[0m - 顯示 6 條子區域路徑
2026-02-24 17:36:46 - UAVPathPlanner - [32mINFO[0m - 路徑生成完成：48 個航點，距離 7954m
2026-02-24 17:36:48 - UAVPathPlanner - [32mINFO[0m - 參數已更新: {'region_spacing': 2.0}
2026-02-24 17:36:49 - UAVPathPlanner - [32mINFO[0m - 參數已更新: {'region_spacing': 20.0}
2026-02-24 17:36:49 - UAVPathPlanner - [32mINFO[0m - 顯示 6 條子區域路徑
2026-02-24 17:36:50 - UAVPathPlanner - [32mINFO[0m - 路徑生成完成：48 個航點，距離 7030m
2026-02-24 17:36:58 - UAVPathPlanner - [32mINFO[0m - 應用程式關閉
2026-02-24 17:36:58 - UAVPathPlanner - [32mINFO[0m - UAV Path Planner 已退出
2026-02-24 17:38:32 - UAVPathPlanner - [32mINFO[0m - ============================================================
2026-02-24 17:38:32 - UAVPathPlanner - [32mINFO[0m - UAV Path Planner 啟動
2026-02-24 17:38:32 - UAVPathPlanner - [32mINFO[0m - 版本: 2.0.0
2026-02-24 17:38:32 - UAVPathPlanner - [32mINFO[0m - ============================================================
2026-02-24 17:38:32 - UAVPathPlanner - [32mINFO[0m - 配置文件: 使用預設配置
2026-02-24 17:38:32 - UAVPathPlanner - [32mINFO[0m - 飛行器配置載入成功: 4 種類型
2026-02-24 17:38:32 - UAVPathPlanner - [32mINFO[0m - 啟動 GUI 模式...
2026-02-24 17:38:32 - UAVPathPlanner - [32mINFO[0m - QtWebEngineWidgets 載入成功
2026-02-24 17:38:33 - UAVPathPlanner - [32mINFO[0m - 地圖初始化成功
2026-02-24 17:38:33 - UAVPathPlanner - [32mINFO[0m - 地圖組件初始化完成
2026-02-24 17:38:33 - UAVPathPlanner - [32mINFO[0m - 參數面板初始化完成
2026-02-24 17:38:33 - UAVPathPlanner - [32mINFO[0m - 任務面板初始化完成
2026-02-24 17:38:33 - UAVPathPlanner - [32mINFO[0m - 快捷鍵設置完成: Enter=生成路徑, Delete=刪除角點, Esc=清除路徑
2026-02-24 17:38:33 - UAVPathPlanner - [33mWARNING[0m - 樣式表不存在: c:\Users\joy46\Documents\DWA_path_planner-main\ui\resources\styles\dark_theme.qss
2026-02-24 17:38:33 - UAVPathPlanner - [32mINFO[0m - 主視窗初始化完成
2026-02-24 17:38:33 - UAVPathPlanner - [32mINFO[0m - GUI 啟動成功
2026-02-24 17:38:37 - UAVPathPlanner - [32mINFO[0m - 🖱️ 收到地圖點擊: (23.702365, 120.422607), 編輯模式=True
2026-02-24 17:38:37 - UAVPathPlanner - [32mINFO[0m - 新增角點 #1: (23.702365, 120.422607)
2026-02-24 17:38:37 - UAVPathPlanner - [32mINFO[0m - 新增邊界點 #1: (23.702365, 120.422607) [剩餘: 99]
2026-02-24 17:38:37 - UAVPathPlanner - [32mINFO[0m - ✅ 添加角點成功 (總數: 1)
2026-02-24 17:38:38 - UAVPathPlanner - [32mINFO[0m - 🖱️ 收到地圖點擊: (23.701220, 120.422789), 編輯模式=True
2026-02-24 17:38:38 - UAVPathPlanner - [32mINFO[0m - 新增角點 #2: (23.701220, 120.422789)
2026-02-24 17:38:38 - UAVPathPlanner - [32mINFO[0m - 新增邊界點 #2: (23.701220, 120.422789) [剩餘: 98]
2026-02-24 17:38:38 - UAVPathPlanner - [32mINFO[0m - ✅ 添加角點成功 (總數: 2)
2026-02-24 17:38:38 - UAVPathPlanner - [32mINFO[0m - 🖱️ 收到地圖點擊: (23.701270, 120.425118), 編輯模式=True
2026-02-24 17:38:38 - UAVPathPlanner - [32mINFO[0m - 新增角點 #3: (23.701270, 120.425118)
2026-02-24 17:38:38 - UAVPathPlanner - [32mINFO[0m - 新增邊界點 #3: (23.701270, 120.425118) [剩餘: 97]
2026-02-24 17:38:38 - UAVPathPlanner - [32mINFO[0m - ✅ 添加角點成功 (總數: 3)
2026-02-24 17:38:39 - UAVPathPlanner - [32mINFO[0m - 顯示路徑: 12 個航點
2026-02-24 17:38:39 - UAVPathPlanner - [32mINFO[0m - 即時路徑生成: 12 個航點
2026-02-24 17:38:40 - UAVPathPlanner - [32mINFO[0m - 🖱️ 收到地圖點擊: (23.703156, 120.424812), 編輯模式=True
2026-02-24 17:38:40 - UAVPathPlanner - [32mINFO[0m - 新增角點 #4: (23.703156, 120.424812)
2026-02-24 17:38:40 - UAVPathPlanner - [32mINFO[0m - 新增邊界點 #4: (23.703156, 120.424812) [剩餘: 96]
2026-02-24 17:38:40 - UAVPathPlanner - [32mINFO[0m - ✅ 添加角點成功 (總數: 4)
2026-02-24 17:38:40 - UAVPathPlanner - [32mINFO[0m - 顯示路徑: 20 個航點
2026-02-24 17:38:40 - UAVPathPlanner - [32mINFO[0m - 即時路徑生成: 20 個航點
2026-02-24 17:38:42 - UAVPathPlanner - [32mINFO[0m - 🖱️ 收到地圖點擊: (23.703003, 120.424050), 編輯模式=True
2026-02-24 17:38:42 - UAVPathPlanner - [32mINFO[0m - 新增角點 #5: (23.703003, 120.424050)
2026-02-24 17:38:42 - UAVPathPlanner - [32mINFO[0m - 新增邊界點 #5: (23.703003, 120.424050) [剩餘: 95]
2026-02-24 17:38:42 - UAVPathPlanner - [32mINFO[0m - ✅ 添加角點成功 (總數: 5)
2026-02-24 17:38:42 - UAVPathPlanner - [32mINFO[0m - 顯示路徑: 20 個航點
2026-02-24 17:38:42 - UAVPathPlanner - [32mINFO[0m - 即時路徑生成: 20 個航點
2026-02-24 17:38:43 - UAVPathPlanner - [32mINFO[0m - 🖱️ 收到地圖點擊: (23.702851, 120.423428), 編輯模式=True
2026-02-24 17:38:43 - UAVPathPlanner - [32mINFO[0m - 新增角點 #6: (23.702851, 120.423428)
2026-02-24 17:38:43 - UAVPathPlanner - [32mINFO[0m - 新增邊界點 #6: (23.702851, 120.423428) [剩餘: 94]
2026-02-24 17:38:43 - UAVPathPlanner - [32mINFO[0m - ✅ 添加角點成功 (總數: 6)
2026-02-24 17:38:43 - UAVPathPlanner - [32mINFO[0m - 顯示路徑: 20 個航點
2026-02-24 17:38:43 - UAVPathPlanner - [32mINFO[0m - 即時路徑生成: 20 個航點
2026-02-24 17:39:40 - UAVPathPlanner - [32mINFO[0m - 參數已更新: {'subdivisions': 6}
2026-02-24 17:39:41 - UAVPathPlanner - [32mINFO[0m - 顯示 6 條子區域路徑
2026-02-24 17:39:42 - UAVPathPlanner - [32mINFO[0m - 路徑生成完成：110 個航點，距離 3733m
2026-02-24 17:39:42 - UAVPathPlanner - [32mINFO[0m - 請求預覽路徑
2026-02-24 17:39:43 - UAVPathPlanner - [32mINFO[0m - 參數已更新: {'transit_stagger_enabled': True}
2026-02-24 17:39:47 - UAVPathPlanner - [32mINFO[0m - 參數已更新: {'region_spacing': 4.0}
2026-02-24 17:39:47 - UAVPathPlanner - [32mINFO[0m - 參數已更新: {'region_spacing': 5.0}
2026-02-24 17:39:47 - UAVPathPlanner - [32mINFO[0m - 參數已更新: {'region_spacing': 6.0}
2026-02-24 17:39:48 - UAVPathPlanner - [32mINFO[0m - 參數已更新: {'region_spacing': 7.0}
2026-02-24 17:39:48 - UAVPathPlanner - [32mINFO[0m - 參數已更新: {'region_spacing': 8.0}
2026-02-24 17:39:48 - UAVPathPlanner - [32mINFO[0m - 參數已更新: {'region_spacing': 9.0}
2026-02-24 17:39:48 - UAVPathPlanner - [32mINFO[0m - 參數已更新: {'region_spacing': 10.0}
2026-02-24 17:39:48 - UAVPathPlanner - [32mINFO[0m - 參數已更新: {'region_spacing': 11.0}
2026-02-24 17:39:48 - UAVPathPlanner - [32mINFO[0m - 參數已更新: {'region_spacing': 12.0}
2026-02-24 17:39:49 - UAVPathPlanner - [32mINFO[0m - 顯示 6 條子區域路徑
2026-02-24 17:39:49 - UAVPathPlanner - [32mINFO[0m - 顯示 6 條轉場路徑
2026-02-24 17:39:49 - UAVPathPlanner - [32mINFO[0m - 轉場路徑已更新: 6 條，高度錯層 10.0m
2026-02-24 17:39:51 - UAVPathPlanner - [32mINFO[0m - 路徑生成完成：108 個航點，距離 3319m
2026-02-24 17:39:54 - UAVPathPlanner - [32mINFO[0m - 參數已更新: {'v_spacing_m': 4.0}
2026-02-24 17:39:54 - UAVPathPlanner - [32mINFO[0m - 參數已更新: {'v_spacing_m': 5.0}
2026-02-24 17:39:55 - UAVPathPlanner - [32mINFO[0m - 參數已更新: {'v_spacing_m': 6.0}
2026-02-24 17:39:55 - UAVPathPlanner - [32mINFO[0m - 顯示 6 條子區域路徑
2026-02-24 17:39:55 - UAVPathPlanner - [32mINFO[0m - 顯示 6 條轉場路徑
2026-02-24 17:39:55 - UAVPathPlanner - [32mINFO[0m - 轉場路徑已更新: 6 條，高度錯層 10.0m
2026-02-24 17:39:56 - UAVPathPlanner - [32mINFO[0m - 路徑生成完成：108 個航點，距離 3319m
2026-02-24 17:40:07 - UAVPathPlanner - [32mINFO[0m - 🖱️ 收到地圖點擊: (23.702055, 120.423380), 編輯模式=True
2026-02-24 17:40:07 - UAVPathPlanner - [32mINFO[0m - 新增角點 #7: (23.702055, 120.423380)
2026-02-24 17:40:07 - UAVPathPlanner - [32mINFO[0m - 新增邊界點 #7: (23.702055, 120.423380) [剩餘: 93]
2026-02-24 17:40:07 - UAVPathPlanner - [32mINFO[0m - ✅ 添加角點成功 (總數: 7)
2026-02-24 17:40:07 - UAVPathPlanner - [32mINFO[0m - 顯示 6 條子區域路徑
2026-02-24 17:40:07 - UAVPathPlanner - [32mINFO[0m - 顯示 6 條轉場路徑
2026-02-24 17:40:07 - UAVPathPlanner - [32mINFO[0m - 轉場路徑已更新: 6 條，高度錯層 10.0m
2026-02-24 17:40:07 - UAVPathPlanner - [32mINFO[0m - 即時路徑生成: 100 個航點
2026-02-24 17:40:08 - UAVPathPlanner - [32mINFO[0m - 刪除角點: (23.702055, 120.423380), 剩餘 6 個
2026-02-24 17:40:08 - UAVPathPlanner - [32mINFO[0m - 請求刪除最後一個角點
2026-02-24 17:40:09 - UAVPathPlanner - [32mINFO[0m - 顯示 6 條子區域路徑
2026-02-24 17:40:09 - UAVPathPlanner - [32mINFO[0m - 顯示 6 條轉場路徑
2026-02-24 17:40:09 - UAVPathPlanner - [32mINFO[0m - 轉場路徑已更新: 6 條，高度錯層 10.0m
2026-02-24 17:40:09 - UAVPathPlanner - [32mINFO[0m - 即時路徑生成: 108 個航點
2026-02-24 17:40:21 - UAVPathPlanner - [32mINFO[0m - 多邊形編輯器地圖初始化成功
2026-02-24 17:40:21 - UAVPathPlanner - [32mINFO[0m - 多邊形編輯器初始化完成，最大角點數: 100
2026-02-24 17:40:21 - UAVPathPlanner - [32mINFO[0m - 已開啟多邊形編輯器
2026-02-24 17:40:29 - UAVPathPlanner - [32mINFO[0m - 多邊形編輯器地圖初始化成功
2026-02-24 17:40:29 - UAVPathPlanner - [32mINFO[0m - 多邊形編輯器初始化完成，最大角點數: 100
2026-02-24 17:40:29 - UAVPathPlanner - [32mINFO[0m - 已開啟多邊形編輯器
2026-02-24 17:40:35 - UAVPathPlanner - [32mINFO[0m - 匯出角點: C:/Users/joy46/Documents/DWA_path_planner-main/polygon_corners.json
2026-02-24 17:40:48 - UAVPathPlanner - [32mINFO[0m - 載入相機: DJI Mavic 3
2026-02-24 17:40:48 - UAVPathPlanner - [32mINFO[0m - 相機配置對話框初始化完成
2026-02-24 17:40:51 - UAVPathPlanner - [32mINFO[0m - 載入飛行器配置: c:\Users\joy46\Documents\DWA_path_planner-main\config\vehicle_profiles.yaml
2026-02-24 17:40:51 - UAVPathPlanner - [32mINFO[0m - 載入飛行器: DJI Mavic 3
2026-02-24 17:40:51 - UAVPathPlanner - [32mINFO[0m - 載入飛行器類型: 多旋翼
2026-02-24 17:40:51 - UAVPathPlanner - [32mINFO[0m - 飛行器配置對話框初始化完成
2026-02-24 17:41:01 - UAVPathPlanner - [32mINFO[0m - 參數已更新: {'angle': -65.0}
2026-02-24 17:41:02 - UAVPathPlanner - [32mINFO[0m - 顯示 6 條子區域路徑
2026-02-24 17:41:02 - UAVPathPlanner - [32mINFO[0m - 顯示 6 條轉場路徑
2026-02-24 17:41:02 - UAVPathPlanner - [32mINFO[0m - 轉場路徑已更新: 6 條，高度錯層 10.0m
2026-02-24 17:41:03 - UAVPathPlanner - [32mINFO[0m - 路徑生成完成：58 個航點，距離 3267m
2026-02-24 17:41:03 - UAVPathPlanner - [32mINFO[0m - 請求預覽路徑
2026-02-24 17:41:05 - UAVPathPlanner - [32mINFO[0m - 參數已更新: {'region_spacing': 3.0}
2026-02-24 17:41:05 - UAVPathPlanner - [32mINFO[0m - 顯示 6 條子區域路徑
2026-02-24 17:41:05 - UAVPathPlanner - [32mINFO[0m - 顯示 6 條轉場路徑
2026-02-24 17:41:05 - UAVPathPlanner - [32mINFO[0m - 轉場路徑已更新: 6 條，高度錯層 10.0m
2026-02-24 17:41:07 - UAVPathPlanner - [32mINFO[0m - 路徑生成完成：62 個航點，距離 3830m
2026-02-24 17:41:09 - UAVPathPlanner - [32mINFO[0m - 參數已更新: {'region_spacing': 5.0}
2026-02-24 17:41:09 - UAVPathPlanner - [32mINFO[0m - 顯示 6 條子區域路徑
2026-02-24 17:41:09 - UAVPathPlanner - [32mINFO[0m - 顯示 6 條轉場路徑
2026-02-24 17:41:09 - UAVPathPlanner - [32mINFO[0m - 轉場路徑已更新: 6 條，高度錯層 10.0m
2026-02-24 17:41:10 - UAVPathPlanner - [32mINFO[0m - 路徑生成完成：62 個航點，距離 3739m
2026-02-24 17:41:13 - UAVPathPlanner - [32mINFO[0m - 參數已更新: {'v_spacing_m': 5.0}
2026-02-24 17:41:13 - UAVPathPlanner - [32mINFO[0m - 顯示 6 條子區域路徑
2026-02-24 17:41:13 - UAVPathPlanner - [32mINFO[0m - 顯示 6 條轉場路徑
2026-02-24 17:41:13 - UAVPathPlanner - [32mINFO[0m - 轉場路徑已更新: 6 條，高度錯層 10.0m
2026-02-24 17:41:14 - UAVPathPlanner - [32mINFO[0m - 路徑生成完成：62 個航點，距離 3739m
2026-02-24 17:41:20 - UAVPathPlanner - [32mINFO[0m - 參數已更新: {'angle': -62.0}
2026-02-24 17:41:26 - UAVPathPlanner - [32mINFO[0m - 參數已更新: {'region_spacing': 6.0}
2026-02-24 17:41:26 - UAVPathPlanner - [32mINFO[0m - 顯示 6 條子區域路徑
2026-02-24 17:41:26 - UAVPathPlanner - [32mINFO[0m - 顯示 6 條轉場路徑
2026-02-24 17:41:26 - UAVPathPlanner - [32mINFO[0m - 轉場路徑已更新: 6 條，高度錯層 10.0m
2026-02-24 17:41:27 - UAVPathPlanner - [32mINFO[0m - 路徑生成完成：64 個航點，距離 3651m
2026-02-24 17:41:29 - UAVPathPlanner - [32mINFO[0m - 參數已更新: {'region_spacing': 0.0}
2026-02-24 17:41:29 - UAVPathPlanner - [32mINFO[0m - 參數已更新: {'region_spacing': 7.0}
2026-02-24 17:41:29 - UAVPathPlanner - [32mINFO[0m - 顯示 6 條子區域路徑
2026-02-24 17:41:30 - UAVPathPlanner - [32mINFO[0m - 顯示 6 條轉場路徑
2026-02-24 17:41:30 - UAVPathPlanner - [32mINFO[0m - 轉場路徑已更新: 6 條，高度錯層 10.0m
2026-02-24 17:41:30 - UAVPathPlanner - [32mINFO[0m - 路徑生成完成：64 個航點，距離 3608m
2026-02-24 17:41:52 - UAVPathPlanner - [32mINFO[0m - 應用程式關閉
2026-02-24 17:41:52 - UAVPathPlanner - [32mINFO[0m - UAV Path Planner 已退出
2026-02-24 22:05:02 - UAVPathPlanner - [32mINFO[0m - ============================================================
2026-02-24 22:05:02 - UAVPathPlanner - [32mINFO[0m - UAV Path Planner 啟動
2026-02-24 22:05:02 - UAVPathPlanner - [32mINFO[0m - 版本: 2.0.0
2026-02-24 22:05:02 - UAVPathPlanner - [32mINFO[0m - ============================================================
2026-02-24 22:05:02 - UAVPathPlanner - [32mINFO[0m - 配置文件: 使用預設配置
2026-02-24 22:05:02 - UAVPathPlanner - [32mINFO[0m - 飛行器配置載入成功: 4 種類型
2026-02-24 22:05:02 - UAVPathPlanner - [32mINFO[0m - 啟動 GUI 模式...
2026-02-24 22:05:02 - UAVPathPlanner - [32mINFO[0m - QtWebEngineWidgets 載入成功
2026-02-24 22:05:03 - UAVPathPlanner - [32mINFO[0m - 地圖初始化成功
2026-02-24 22:05:03 - UAVPathPlanner - [32mINFO[0m - 地圖組件初始化完成
2026-02-24 22:05:03 - UAVPathPlanner - [32mINFO[0m - 參數面板初始化完成
2026-02-24 22:05:03 - UAVPathPlanner - [32mINFO[0m - 任務面板初始化完成
2026-02-24 22:05:03 - UAVPathPlanner - [32mINFO[0m - 快捷鍵設置完成: Enter=生成路徑, Delete=刪除角點, Esc=清除路徑
2026-02-24 22:05:03 - UAVPathPlanner - [33mWARNING[0m - 樣式表不存在: c:\Users\joy46\Documents\DWA_path_planner-main\ui\resources\styles\dark_theme.qss
2026-02-24 22:05:03 - UAVPathPlanner - [32mINFO[0m - 主視窗初始化完成
2026-02-24 22:05:03 - UAVPathPlanner - [32mINFO[0m - GUI 啟動成功
2026-02-24 22:05:08 - UAVPathPlanner - [32mINFO[0m - 🖱️ 收到地圖點擊: (23.702409, 120.422521), 編輯模式=True
2026-02-24 22:05:08 - UAVPathPlanner - [32mINFO[0m - 新增角點 #1: (23.702409, 120.422521)
2026-02-24 22:05:08 - UAVPathPlanner - [32mINFO[0m - 新增邊界點 #1: (23.702409, 120.422521) [剩餘: 99]
2026-02-24 22:05:08 - UAVPathPlanner - [32mINFO[0m - ✅ 添加角點成功 (總數: 1)
2026-02-24 22:05:09 - UAVPathPlanner - [32mINFO[0m - 🖱️ 收到地圖點擊: (23.701181, 120.422693), 編輯模式=True
2026-02-24 22:05:09 - UAVPathPlanner - [32mINFO[0m - 新增角點 #2: (23.701181, 120.422693)
2026-02-24 22:05:09 - UAVPathPlanner - [32mINFO[0m - 新增邊界點 #2: (23.701181, 120.422693) [剩餘: 98]
2026-02-24 22:05:09 - UAVPathPlanner - [32mINFO[0m - ✅ 添加角點成功 (總數: 2)
2026-02-24 22:05:10 - UAVPathPlanner - [32mINFO[0m - 🖱️ 收到地圖點擊: (23.701240, 120.425246), 編輯模式=True
2026-02-24 22:05:10 - UAVPathPlanner - [32mINFO[0m - 新增角點 #3: (23.701240, 120.425246)
2026-02-24 22:05:10 - UAVPathPlanner - [32mINFO[0m - 新增邊界點 #3: (23.701240, 120.425246) [剩餘: 97]
2026-02-24 22:05:10 - UAVPathPlanner - [32mINFO[0m - ✅ 添加角點成功 (總數: 3)
2026-02-24 22:05:10 - UAVPathPlanner - [32mINFO[0m - 顯示路徑: 12 個航點
2026-02-24 22:05:10 - UAVPathPlanner - [32mINFO[0m - 即時路徑生成: 12 個航點
2026-02-24 22:05:12 - UAVPathPlanner - [32mINFO[0m - 🖱️ 收到地圖點擊: (23.703229, 120.424828), 編輯模式=True
2026-02-24 22:05:12 - UAVPathPlanner - [32mINFO[0m - 新增角點 #4: (23.703229, 120.424828)
2026-02-24 22:05:12 - UAVPathPlanner - [32mINFO[0m - 新增邊界點 #4: (23.703229, 120.424828) [剩餘: 96]
2026-02-24 22:05:12 - UAVPathPlanner - [32mINFO[0m - ✅ 添加角點成功 (總數: 4)
2026-02-24 22:05:12 - UAVPathPlanner - [32mINFO[0m - 顯示路徑: 22 個航點
2026-02-24 22:05:12 - UAVPathPlanner - [32mINFO[0m - 即時路徑生成: 22 個航點
2026-02-24 22:05:14 - UAVPathPlanner - [32mINFO[0m - 🖱️ 收到地圖點擊: (23.703077, 120.424061), 編輯模式=True
2026-02-24 22:05:14 - UAVPathPlanner - [32mINFO[0m - 新增角點 #5: (23.703077, 120.424061)
2026-02-24 22:05:14 - UAVPathPlanner - [32mINFO[0m - 新增邊界點 #5: (23.703077, 120.424061) [剩餘: 95]
2026-02-24 22:05:14 - UAVPathPlanner - [32mINFO[0m - ✅ 添加角點成功 (總數: 5)
2026-02-24 22:05:14 - UAVPathPlanner - [32mINFO[0m - 顯示路徑: 22 個航點
2026-02-24 22:05:14 - UAVPathPlanner - [32mINFO[0m - 即時路徑生成: 22 個航點
2026-02-24 22:05:15 - UAVPathPlanner - [32mINFO[0m - 🖱️ 收到地圖點擊: (23.702714, 120.423042), 編輯模式=True
2026-02-24 22:05:15 - UAVPathPlanner - [32mINFO[0m - 新增角點 #6: (23.702714, 120.423042)
2026-02-24 22:05:15 - UAVPathPlanner - [32mINFO[0m - 新增邊界點 #6: (23.702714, 120.423042) [剩餘: 94]
2026-02-24 22:05:15 - UAVPathPlanner - [32mINFO[0m - ✅ 添加角點成功 (總數: 6)
2026-02-24 22:05:16 - UAVPathPlanner - [32mINFO[0m - 顯示路徑: 22 個航點
2026-02-24 22:05:16 - UAVPathPlanner - [32mINFO[0m - 即時路徑生成: 22 個航點
2026-02-24 22:05:20 - UAVPathPlanner - [32mINFO[0m - 參數已更新: {'angle': -46.0}
2026-02-24 22:05:20 - UAVPathPlanner - [32mINFO[0m - 參數已更新: {'angle': -44.0}
2026-02-24 22:05:20 - UAVPathPlanner - [32mINFO[0m - 參數已更新: {'angle': -45.0}
2026-02-24 22:05:21 - UAVPathPlanner - [32mINFO[0m - 顯示路徑: 28 個航點
2026-02-24 22:05:22 - UAVPathPlanner - [32mINFO[0m - 路徑生成完成：28 個航點，距離 2771m
2026-02-24 22:05:22 - UAVPathPlanner - [32mINFO[0m - 請求預覽路徑
2026-02-24 22:05:33 - UAVPathPlanner - [32mINFO[0m - 參數已更新: {'subdivisions': 6}
2026-02-24 22:05:36 - UAVPathPlanner - [32mINFO[0m - 請求匯出航點
2026-02-24 22:05:36 - UAVPathPlanner - [32mINFO[0m - 顯示 6 條子區域路徑
2026-02-24 22:05:38 - UAVPathPlanner - [32mINFO[0m - 路徑生成完成：94 個航點，距離 4287m
2026-02-24 22:05:38 - UAVPathPlanner - [32mINFO[0m - 請求預覽路徑
2026-02-24 22:05:39 - UAVPathPlanner - [32mINFO[0m - 參數已更新: {'region_spacing': 4.0}
2026-02-24 22:05:40 - UAVPathPlanner - [32mINFO[0m - 參數已更新: {'region_spacing': 5.0}
2026-02-24 22:05:40 - UAVPathPlanner - [32mINFO[0m - 參數已更新: {'region_spacing': 6.0}
2026-02-24 22:05:40 - UAVPathPlanner - [32mINFO[0m - 參數已更新: {'region_spacing': 7.0}
2026-02-24 22:05:41 - UAVPathPlanner - [32mINFO[0m - 顯示 6 條子區域路徑
2026-02-24 22:05:44 - UAVPathPlanner - [32mINFO[0m - 路徑生成完成：94 個航點，距離 4095m
2026-02-24 22:05:44 - UAVPathPlanner - [32mINFO[0m - 請求預覽路徑
2026-02-24 22:05:45 - UAVPathPlanner - [32mINFO[0m - 參數已更新: {'transit_stagger_enabled': True}
2026-02-24 22:05:47 - UAVPathPlanner - [32mINFO[0m - 參數已更新: {'transit_stagger_alt': 9.0}
2026-02-24 22:05:47 - UAVPathPlanner - [32mINFO[0m - 參數已更新: {'transit_stagger_alt': 8.0}
2026-02-24 22:05:47 - UAVPathPlanner - [32mINFO[0m - 參數已更新: {'transit_stagger_alt': 7.0}
2026-02-24 22:05:47 - UAVPathPlanner - [32mINFO[0m - 參數已更新: {'transit_stagger_alt': 6.0}
2026-02-24 22:05:48 - UAVPathPlanner - [32mINFO[0m - 參數已更新: {'transit_stagger_alt': 5.0}
2026-02-24 22:05:56 - UAVPathPlanner - [32mINFO[0m - 匯出航點 (Mission Planner): C:/Users/joy46/Downloads/2.waypoints
2026-02-24 22:05:56 - UAVPathPlanner - [32mINFO[0m - 請求匯出航點
2026-02-24 22:06:52 - UAVPathPlanner - [32mINFO[0m - 應用程式關閉
2026-02-24 22:06:52 - UAVPathPlanner - [32mINFO[0m - UAV Path Planner 已退出
2026-02-24 22:07:06 - UAVPathPlanner - [32mINFO[0m - ============================================================
2026-02-24 22:07:06 - UAVPathPlanner - [32mINFO[0m - UAV Path Planner 啟動
2026-02-24 22:07:06 - UAVPathPlanner - [32mINFO[0m - 版本: 2.0.0
2026-02-24 22:07:06 - UAVPathPlanner - [32mINFO[0m - ============================================================
2026-02-24 22:07:06 - UAVPathPlanner - [32mINFO[0m - 配置文件: 使用預設配置
2026-02-24 22:07:06 - UAVPathPlanner - [32mINFO[0m - 飛行器配置載入成功: 4 種類型
2026-02-24 22:07:06 - UAVPathPlanner - [32mINFO[0m - 啟動 GUI 模式...
2026-02-24 22:07:06 - UAVPathPlanner - [32mINFO[0m - QtWebEngineWidgets 載入成功
2026-02-24 22:07:07 - UAVPathPlanner - [32mINFO[0m - 地圖初始化成功
2026-02-24 22:07:07 - UAVPathPlanner - [32mINFO[0m - 地圖組件初始化完成
2026-02-24 22:07:07 - UAVPathPlanner - [32mINFO[0m - 參數面板初始化完成
2026-02-24 22:07:07 - UAVPathPlanner - [32mINFO[0m - 任務面板初始化完成
2026-02-24 22:07:07 - UAVPathPlanner - [32mINFO[0m - 快捷鍵設置完成: Enter=生成路徑, Delete=刪除角點, Esc=清除路徑
2026-02-24 22:07:07 - UAVPathPlanner - [33mWARNING[0m - 樣式表不存在: c:\Users\joy46\Documents\DWA_path_planner-main\ui\resources\styles\dark_theme.qss
2026-02-24 22:07:07 - UAVPathPlanner - [32mINFO[0m - 主視窗初始化完成
2026-02-24 22:07:07 - UAVPathPlanner - [32mINFO[0m - GUI 啟動成功
2026-02-24 22:07:13 - UAVPathPlanner - [32mINFO[0m - 多邊形編輯器地圖初始化成功
2026-02-24 22:07:13 - UAVPathPlanner - [32mINFO[0m - 多邊形編輯器初始化完成，最大角點數: 100
2026-02-24 22:07:13 - UAVPathPlanner - [32mINFO[0m - 已開啟多邊形編輯器
2026-02-24 22:07:25 - UAVPathPlanner - [32mINFO[0m - ============================================================
2026-02-24 22:07:25 - UAVPathPlanner - [32mINFO[0m - UAV Path Planner 啟動
2026-02-24 22:07:25 - UAVPathPlanner - [32mINFO[0m - 版本: 2.0.0
2026-02-24 22:07:25 - UAVPathPlanner - [32mINFO[0m - ============================================================
2026-02-24 22:07:25 - UAVPathPlanner - [32mINFO[0m - 配置文件: 使用預設配置
2026-02-24 22:07:25 - UAVPathPlanner - [32mINFO[0m - 飛行器配置載入成功: 4 種類型
2026-02-24 22:07:25 - UAVPathPlanner - [32mINFO[0m - 啟動 GUI 模式...
2026-02-24 22:07:25 - UAVPathPlanner - [32mINFO[0m - QtWebEngineWidgets 載入成功
2026-02-24 22:07:26 - UAVPathPlanner - [32mINFO[0m - 地圖初始化成功
2026-02-24 22:07:26 - UAVPathPlanner - [32mINFO[0m - 地圖組件初始化完成
2026-02-24 22:07:26 - UAVPathPlanner - [32mINFO[0m - 參數面板初始化完成
2026-02-24 22:07:26 - UAVPathPlanner - [32mINFO[0m - 任務面板初始化完成
2026-02-24 22:07:26 - UAVPathPlanner - [32mINFO[0m - 快捷鍵設置完成: Enter=生成路徑, Delete=刪除角點, Esc=清除路徑
2026-02-24 22:07:26 - UAVPathPlanner - [33mWARNING[0m - 樣式表不存在: c:\Users\joy46\Documents\DWA_path_planner-main\ui\resources\styles\dark_theme.qss
2026-02-24 22:07:26 - UAVPathPlanner - [32mINFO[0m - 主視窗初始化完成
2026-02-24 22:07:26 - UAVPathPlanner - [32mINFO[0m - GUI 啟動成功
2026-02-24 22:07:30 - UAVPathPlanner - [32mINFO[0m - 🖱️ 收到地圖點擊: (23.702429, 120.422607), 編輯模式=True
2026-02-24 22:07:30 - UAVPathPlanner - [32mINFO[0m - 新增角點 #1: (23.702429, 120.422607)
2026-02-24 22:07:30 - UAVPathPlanner - [32mINFO[0m - 新增邊界點 #1: (23.702429, 120.422607) [剩餘: 99]
2026-02-24 22:07:30 - UAVPathPlanner - [32mINFO[0m - ✅ 添加角點成功 (總數: 1)
2026-02-24 22:07:31 - UAVPathPlanner - [32mINFO[0m - 🖱️ 收到地圖點擊: (23.701220, 120.422763), 編輯模式=True
2026-02-24 22:07:31 - UAVPathPlanner - [32mINFO[0m - 新增角點 #2: (23.701220, 120.422763)
2026-02-24 22:07:31 - UAVPathPlanner - [32mINFO[0m - 新增邊界點 #2: (23.701220, 120.422763) [剩餘: 98]
2026-02-24 22:07:31 - UAVPathPlanner - [32mINFO[0m - ✅ 添加角點成功 (總數: 2)
2026-02-24 22:07:33 - UAVPathPlanner - [32mINFO[0m - 🖱️ 收到地圖點擊: (23.701235, 120.425230), 編輯模式=True
2026-02-24 22:07:33 - UAVPathPlanner - [32mINFO[0m - 新增角點 #3: (23.701235, 120.425230)
2026-02-24 22:07:33 - UAVPathPlanner - [32mINFO[0m - 新增邊界點 #3: (23.701235, 120.425230) [剩餘: 97]
2026-02-24 22:07:33 - UAVPathPlanner - [32mINFO[0m - ✅ 添加角點成功 (總數: 3)
2026-02-24 22:07:33 - UAVPathPlanner - [32mINFO[0m - 顯示路徑: 12 個航點
2026-02-24 22:07:33 - UAVPathPlanner - [32mINFO[0m - 即時路徑生成: 12 個航點
2026-02-24 22:07:34 - UAVPathPlanner - [32mINFO[0m - 🖱️ 收到地圖點擊: (23.703185, 120.424774), 編輯模式=True
2026-02-24 22:07:34 - UAVPathPlanner - [32mINFO[0m - 新增角點 #4: (23.703185, 120.424774)
2026-02-24 22:07:34 - UAVPathPlanner - [32mINFO[0m - 新增邊界點 #4: (23.703185, 120.424774) [剩餘: 96]
2026-02-24 22:07:34 - UAVPathPlanner - [32mINFO[0m - ✅ 添加角點成功 (總數: 4)
2026-02-24 22:07:35 - UAVPathPlanner - [32mINFO[0m - 顯示路徑: 20 個航點
2026-02-24 22:07:35 - UAVPathPlanner - [32mINFO[0m - 即時路徑生成: 20 個航點
2026-02-24 22:07:36 - UAVPathPlanner - [32mINFO[0m - 🖱️ 收到地圖點擊: (23.703028, 120.424131), 編輯模式=True
2026-02-24 22:07:36 - UAVPathPlanner - [32mINFO[0m - 新增角點 #5: (23.703028, 120.424131)
2026-02-24 22:07:36 - UAVPathPlanner - [32mINFO[0m - 新增邊界點 #5: (23.703028, 120.424131) [剩餘: 95]
2026-02-24 22:07:36 - UAVPathPlanner - [32mINFO[0m - ✅ 添加角點成功 (總數: 5)
2026-02-24 22:07:36 - UAVPathPlanner - [32mINFO[0m - 顯示路徑: 20 個航點
2026-02-24 22:07:36 - UAVPathPlanner - [32mINFO[0m - 即時路徑生成: 20 個航點
2026-02-24 22:07:38 - UAVPathPlanner - [32mINFO[0m - 🖱️ 收到地圖點擊: (23.702836, 120.423428), 編輯模式=True
2026-02-24 22:07:38 - UAVPathPlanner - [32mINFO[0m - 新增角點 #6: (23.702836, 120.423428)
2026-02-24 22:07:38 - UAVPathPlanner - [32mINFO[0m - 新增邊界點 #6: (23.702836, 120.423428) [剩餘: 94]
2026-02-24 22:07:38 - UAVPathPlanner - [32mINFO[0m - ✅ 添加角點成功 (總數: 6)
2026-02-24 22:07:38 - UAVPathPlanner - [32mINFO[0m - 顯示路徑: 20 個航點
2026-02-24 22:07:38 - UAVPathPlanner - [32mINFO[0m - 即時路徑生成: 20 個航點
2026-02-24 22:07:39 - UAVPathPlanner - [32mINFO[0m - 🖱️ 收到地圖點擊: (23.702660, 120.422907), 編輯模式=True
2026-02-24 22:07:39 - UAVPathPlanner - [32mINFO[0m - 新增角點 #7: (23.702660, 120.422907)
2026-02-24 22:07:39 - UAVPathPlanner - [32mINFO[0m - 新增邊界點 #7: (23.702660, 120.422907) [剩餘: 93]
2026-02-24 22:07:39 - UAVPathPlanner - [32mINFO[0m - ✅ 添加角點成功 (總數: 7)
2026-02-24 22:07:39 - UAVPathPlanner - [32mINFO[0m - 顯示路徑: 20 個航點
2026-02-24 22:07:39 - UAVPathPlanner - [32mINFO[0m - 即時路徑生成: 20 個航點
2026-02-24 22:07:44 - UAVPathPlanner - [32mINFO[0m - 參數已更新: {'subdivisions': 6}
2026-02-24 22:07:46 - UAVPathPlanner - [32mINFO[0m - 參數已更新: {'transit_stagger_enabled': True}
2026-02-24 22:07:46 - UAVPathPlanner - [32mINFO[0m - 參數已更新: {'transit_stagger_alt': 9.0}
2026-02-24 22:07:47 - UAVPathPlanner - [32mINFO[0m - 參數已更新: {'transit_stagger_alt': 8.0}
2026-02-24 22:07:47 - UAVPathPlanner - [32mINFO[0m - 參數已更新: {'transit_stagger_alt': 7.0}
2026-02-24 22:07:47 - UAVPathPlanner - [32mINFO[0m - 參數已更新: {'transit_stagger_alt': 6.0}
2026-02-24 22:07:47 - UAVPathPlanner - [32mINFO[0m - 參數已更新: {'transit_stagger_alt': 5.0}
2026-02-24 22:07:48 - UAVPathPlanner - [32mINFO[0m - 參數已更新: {'region_spacing': 4.0}
2026-02-24 22:07:48 - UAVPathPlanner - [32mINFO[0m - 參數已更新: {'region_spacing': 5.0}
2026-02-24 22:07:48 - UAVPathPlanner - [32mINFO[0m - 參數已更新: {'region_spacing': 6.0}
2026-02-24 22:07:49 - UAVPathPlanner - [32mINFO[0m - 顯示 6 條子區域路徑
2026-02-24 22:07:49 - UAVPathPlanner - [32mINFO[0m - 顯示 6 條轉場路徑
2026-02-24 22:07:49 - UAVPathPlanner - [32mINFO[0m - 轉場路徑已更新: 6 條，高度錯層 5.0m
2026-02-24 22:07:51 - UAVPathPlanner - [32mINFO[0m - 路徑生成完成：110 個航點，距離 3740m
2026-02-24 22:07:51 - UAVPathPlanner - [32mINFO[0m - 請求預覽路徑
2026-02-24 22:07:54 - UAVPathPlanner - [32mINFO[0m - 參數已更新: {'angle': -62.0}
2026-02-24 22:07:54 - UAVPathPlanner - [32mINFO[0m - 顯示 6 條子區域路徑
2026-02-24 22:07:55 - UAVPathPlanner - [32mINFO[0m - 顯示 6 條轉場路徑
2026-02-24 22:07:55 - UAVPathPlanner - [32mINFO[0m - 轉場路徑已更新: 6 條，高度錯層 5.0m
2026-02-24 22:09:36 - UAVPathPlanner - [32mINFO[0m - 路徑生成完成：68 個航點，距離 3905m
2026-02-24 22:09:36 - UAVPathPlanner - [32mINFO[0m - 請求預覽路徑
2026-02-24 22:09:39 - UAVPathPlanner - [32mINFO[0m - 應用程式關閉
2026-02-24 22:09:39 - UAVPathPlanner - [32mINFO[0m - UAV Path Planner 已退出
2026-02-24 22:14:41 - UAVPathPlanner - [32mINFO[0m - ============================================================
2026-02-24 22:14:41 - UAVPathPlanner - [32mINFO[0m - UAV Path Planner 啟動
2026-02-24 22:14:41 - UAVPathPlanner - [32mINFO[0m - 版本: 2.0.0
2026-02-24 22:14:41 - UAVPathPlanner - [32mINFO[0m - ============================================================
2026-02-24 22:14:41 - UAVPathPlanner - [32mINFO[0m - 配置文件: 使用預設配置
2026-02-24 22:14:41 - UAVPathPlanner - [32mINFO[0m - 飛行器配置載入成功: 4 種類型
2026-02-24 22:14:41 - UAVPathPlanner - [32mINFO[0m - 啟動 GUI 模式...
2026-02-24 22:14:41 - UAVPathPlanner - [32mINFO[0m - QtWebEngineWidgets 載入成功
2026-02-24 22:14:42 - UAVPathPlanner - [32mINFO[0m - 地圖初始化成功
2026-02-24 22:14:42 - UAVPathPlanner - [32mINFO[0m - 地圖組件初始化完成
2026-02-24 22:14:42 - UAVPathPlanner - [32mINFO[0m - 參數面板初始化完成
2026-02-24 22:14:42 - UAVPathPlanner - [32mINFO[0m - 任務面板初始化完成
2026-02-24 22:14:42 - UAVPathPlanner - [32mINFO[0m - 快捷鍵設置完成: Enter=生成路徑, Delete=刪除角點, Esc=清除路徑
2026-02-24 22:14:42 - UAVPathPlanner - [33mWARNING[0m - 樣式表不存在: c:\Users\joy46\Documents\DWA_path_planner-main\ui\resources\styles\dark_theme.qss
2026-02-24 22:14:42 - UAVPathPlanner - [32mINFO[0m - 主視窗初始化完成
2026-02-24 22:14:42 - UAVPathPlanner - [32mINFO[0m - GUI 啟動成功
2026-02-24 22:15:10 - UAVPathPlanner - [32mINFO[0m - 🖱️ 收到地圖點擊: (23.702340, 120.422579), 編輯模式=True
2026-02-24 22:15:10 - UAVPathPlanner - [32mINFO[0m - 新增角點 #1: (23.702340, 120.422579)
2026-02-24 22:15:10 - UAVPathPlanner - [32mINFO[0m - 新增邊界點 #1: (23.702340, 120.422579) [剩餘: 99]
2026-02-24 22:15:10 - UAVPathPlanner - [32mINFO[0m - ✅ 添加角點成功 (總數: 1)
2026-02-24 22:15:11 - UAVPathPlanner - [32mINFO[0m - 🖱️ 收到地圖點擊: (23.701181, 120.422761), 編輯模式=True
2026-02-24 22:15:11 - UAVPathPlanner - [32mINFO[0m - 新增角點 #2: (23.701181, 120.422761)
2026-02-24 22:15:11 - UAVPathPlanner - [32mINFO[0m - 新增邊界點 #2: (23.701181, 120.422761) [剩餘: 98]
2026-02-24 22:15:11 - UAVPathPlanner - [32mINFO[0m - ✅ 添加角點成功 (總數: 2)
2026-02-24 22:15:12 - UAVPathPlanner - [32mINFO[0m - 🖱️ 收到地圖點擊: (23.701245, 120.425239), 編輯模式=True
2026-02-24 22:15:12 - UAVPathPlanner - [32mINFO[0m - 新增角點 #3: (23.701245, 120.425239)
2026-02-24 22:15:12 - UAVPathPlanner - [32mINFO[0m - 新增邊界點 #3: (23.701245, 120.425239) [剩餘: 97]
2026-02-24 22:15:12 - UAVPathPlanner - [32mINFO[0m - ✅ 添加角點成功 (總數: 3)
2026-02-24 22:15:12 - UAVPathPlanner - [32mINFO[0m - 顯示路徑: 12 個航點
2026-02-24 22:15:12 - UAVPathPlanner - [32mINFO[0m - 即時路徑生成: 12 個航點
2026-02-24 22:15:14 - UAVPathPlanner - [32mINFO[0m - 🖱️ 收到地圖點擊: (23.703224, 120.424773), 編輯模式=True
2026-02-24 22:15:14 - UAVPathPlanner - [32mINFO[0m - 新增角點 #4: (23.703224, 120.424773)
2026-02-24 22:15:14 - UAVPathPlanner - [32mINFO[0m - 新增邊界點 #4: (23.703224, 120.424773) [剩餘: 96]
2026-02-24 22:15:14 - UAVPathPlanner - [32mINFO[0m - ✅ 添加角點成功 (總數: 4)
2026-02-24 22:15:14 - UAVPathPlanner - [32mINFO[0m - 顯示路徑: 22 個航點
2026-02-24 22:15:14 - UAVPathPlanner - [32mINFO[0m - 即時路徑生成: 22 個航點
2026-02-24 22:15:15 - UAVPathPlanner - [32mINFO[0m - 🖱️ 收到地圖點擊: (23.703057, 120.424130), 編輯模式=True
2026-02-24 22:15:15 - UAVPathPlanner - [32mINFO[0m - 新增角點 #5: (23.703057, 120.424130)
2026-02-24 22:15:15 - UAVPathPlanner - [32mINFO[0m - 新增邊界點 #5: (23.703057, 120.424130) [剩餘: 95]
2026-02-24 22:15:15 - UAVPathPlanner - [32mINFO[0m - ✅ 添加角點成功 (總數: 5)
2026-02-24 22:15:16 - UAVPathPlanner - [32mINFO[0m - 顯示路徑: 22 個航點
2026-02-24 22:15:16 - UAVPathPlanner - [32mINFO[0m - 即時路徑生成: 22 個航點
2026-02-24 22:15:17 - UAVPathPlanner - [32mINFO[0m - 🖱️ 收到地圖點擊: (23.702841, 120.423239), 編輯模式=True
2026-02-24 22:15:17 - UAVPathPlanner - [32mINFO[0m - 新增角點 #6: (23.702841, 120.423239)
2026-02-24 22:15:17 - UAVPathPlanner - [32mINFO[0m - 新增邊界點 #6: (23.702841, 120.423239) [剩餘: 94]
2026-02-24 22:15:17 - UAVPathPlanner - [32mINFO[0m - ✅ 添加角點成功 (總數: 6)
2026-02-24 22:15:17 - UAVPathPlanner - [32mINFO[0m - 顯示路徑: 22 個航點
2026-02-24 22:15:17 - UAVPathPlanner - [32mINFO[0m - 即時路徑生成: 22 個航點
2026-02-24 22:15:18 - UAVPathPlanner - [32mINFO[0m - 🖱️ 收到地圖點擊: (23.702596, 120.422810), 編輯模式=True
2026-02-24 22:15:18 - UAVPathPlanner - [32mINFO[0m - 新增角點 #7: (23.702596, 120.422810)
2026-02-24 22:15:18 - UAVPathPlanner - [32mINFO[0m - 新增邊界點 #7: (23.702596, 120.422810) [剩餘: 93]
2026-02-24 22:15:18 - UAVPathPlanner - [32mINFO[0m - ✅ 添加角點成功 (總數: 7)
2026-02-24 22:15:18 - UAVPathPlanner - [32mINFO[0m - 顯示路徑: 22 個航點
2026-02-24 22:15:18 - UAVPathPlanner - [32mINFO[0m - 即時路徑生成: 22 個航點
2026-02-24 22:15:29 - UAVPathPlanner - [32mINFO[0m - 參數已更新: {'angle': -24.0}
2026-02-24 22:15:29 - UAVPathPlanner - [32mINFO[0m - 參數已更新: {'angle': -17.0}
2026-02-24 22:15:29 - UAVPathPlanner - [32mINFO[0m - 參數已更新: {'angle': -19.0}
2026-02-24 22:15:29 - UAVPathPlanner - [32mINFO[0m - 參數已更新: {'angle': -21.0}
2026-02-24 22:15:29 - UAVPathPlanner - [32mINFO[0m - 參數已更新: {'angle': -24.0}
2026-02-24 22:15:29 - UAVPathPlanner - [32mINFO[0m - 參數已更新: {'angle': -28.0}
2026-02-24 22:15:29 - UAVPathPlanner - [32mINFO[0m - 參數已更新: {'angle': -43.0}
2026-02-24 22:15:29 - UAVPathPlanner - [32mINFO[0m - 參數已更新: {'angle': -45.0}
2026-02-24 22:15:29 - UAVPathPlanner - [32mINFO[0m - 參數已更新: {'angle': -55.0}
2026-02-24 22:15:29 - UAVPathPlanner - [32mINFO[0m - 參數已更新: {'angle': -57.0}
2026-02-24 22:15:29 - UAVPathPlanner - [32mINFO[0m - 參數已更新: {'angle': -68.0}
2026-02-24 22:15:29 - UAVPathPlanner - [32mINFO[0m - 參數已更新: {'angle': -77.0}
2026-02-24 22:15:30 - UAVPathPlanner - [32mINFO[0m - 參數已更新: {'angle': -78.0}
2026-02-24 22:15:30 - UAVPathPlanner - [32mINFO[0m - 參數已更新: {'angle': -80.0}
2026-02-24 22:15:31 - UAVPathPlanner - [32mINFO[0m - 顯示路徑: 28 個航點
2026-02-24 22:15:32 - UAVPathPlanner - [32mINFO[0m - 路徑生成完成：28 個航點，距離 2674m
2026-02-24 22:15:32 - UAVPathPlanner - [32mINFO[0m - 請求預覽路徑
2026-02-24 22:15:34 - UAVPathPlanner - [32mINFO[0m - 參數已更新: {'subdivisions': 6}
2026-02-24 22:15:34 - UAVPathPlanner - [32mINFO[0m - 顯示 6 條子區域路徑
2026-02-24 22:15:36 - UAVPathPlanner - [32mINFO[0m - 路徑生成完成：38 個航點，距離 3635m
2026-02-24 22:15:36 - UAVPathPlanner - [32mINFO[0m - 請求預覽路徑
2026-02-24 22:15:42 - UAVPathPlanner - [32mINFO[0m - 演算法變更: spiral
2026-02-24 22:15:42 - UAVPathPlanner - [32mINFO[0m - 參數已更新: {'algorithm': 'spiral'}
2026-02-24 22:15:42 - UAVPathPlanner - [32mINFO[0m - 演算法變更: spiral - 螺旋掃描：從外圍向中心螺旋掃描
2026-02-24 22:15:43 - UAVPathPlanner - [32mINFO[0m - 顯示 6 條子區域路徑
2026-02-24 22:15:44 - UAVPathPlanner - [32mINFO[0m - 路徑生成完成：86 個航點，距離 1601m
2026-02-24 22:15:44 - UAVPathPlanner - [32mINFO[0m - 請求預覽路徑
2026-02-24 22:15:49 - UAVPathPlanner - [32mINFO[0m - 已清除邊界點
2026-02-24 22:15:49 - UAVPathPlanner - [32mINFO[0m - 已清除邊界
2026-02-24 22:15:49 - UAVPathPlanner - [32mINFO[0m - 已清除路徑
2026-02-24 22:15:49 - UAVPathPlanner - [32mINFO[0m - 已清除路徑
2026-02-24 22:15:49 - UAVPathPlanner - [32mINFO[0m - 已清除全部
2026-02-24 22:15:49 - UAVPathPlanner - [32mINFO[0m - 請求清除: all
2026-02-24 22:15:51 - UAVPathPlanner - [32mINFO[0m - 🖱️ 收到地圖點擊: (23.704786, 120.417043), 編輯模式=True
2026-02-24 22:15:51 - UAVPathPlanner - [32mINFO[0m - 新增角點 #1: (23.704786, 120.417043)
2026-02-24 22:15:51 - UAVPathPlanner - [32mINFO[0m - 新增邊界點 #1: (23.704786, 120.417043) [剩餘: 99]
2026-02-24 22:15:51 - UAVPathPlanner - [32mINFO[0m - ✅ 添加角點成功 (總數: 1)
2026-02-24 22:15:52 - UAVPathPlanner - [32mINFO[0m - 🖱️ 收到地圖點擊: (23.696976, 120.416689), 編輯模式=True
2026-02-24 22:15:52 - UAVPathPlanner - [32mINFO[0m - 新增角點 #2: (23.696976, 120.416689)
2026-02-24 22:15:52 - UAVPathPlanner - [32mINFO[0m - 新增邊界點 #2: (23.696976, 120.416689) [剩餘: 98]
2026-02-24 22:15:52 - UAVPathPlanner - [32mINFO[0m - ✅ 添加角點成功 (總數: 2)
2026-02-24 22:15:53 - UAVPathPlanner - [32mINFO[0m - 🖱️ 收到地圖點擊: (23.696190, 120.434247), 編輯模式=True
2026-02-24 22:15:53 - UAVPathPlanner - [32mINFO[0m - 新增角點 #3: (23.696190, 120.434247)
2026-02-24 22:15:53 - UAVPathPlanner - [32mINFO[0m - 新增邊界點 #3: (23.696190, 120.434247) [剩餘: 97]
2026-02-24 22:15:53 - UAVPathPlanner - [32mINFO[0m - ✅ 添加角點成功 (總數: 3)
2026-02-24 22:15:54 - UAVPathPlanner - [32mINFO[0m - 顯示 6 條子區域路徑
2026-02-24 22:15:54 - UAVPathPlanner - [32mINFO[0m - 即時路徑生成: 341 個航點
2026-02-24 22:15:54 - UAVPathPlanner - [32mINFO[0m - 🖱️ 收到地圖點擊: (23.706957, 120.436479), 編輯模式=True
2026-02-24 22:15:54 - UAVPathPlanner - [32mINFO[0m - 新增角點 #4: (23.706957, 120.436479)
2026-02-24 22:15:54 - UAVPathPlanner - [32mINFO[0m - 新增邊界點 #4: (23.706957, 120.436479) [剩餘: 96]
2026-02-24 22:15:54 - UAVPathPlanner - [32mINFO[0m - ✅ 添加角點成功 (總數: 4)
2026-02-24 22:15:54 - UAVPathPlanner - [32mINFO[0m - 顯示 6 條子區域路徑
2026-02-24 22:15:54 - UAVPathPlanner - [32mINFO[0m - 即時路徑生成: 561 個航點
2026-02-24 22:16:04 - UAVPathPlanner - [32mINFO[0m - 演算法變更: circular
2026-02-24 22:16:04 - UAVPathPlanner - [32mINFO[0m - 參數已更新: {'algorithm': 'circular'}
2026-02-24 22:16:04 - UAVPathPlanner - [32mINFO[0m - 演算法變更: circular - 同心圓掃描：從中心向外擴張的同心圓環路徑，可逐圈上升
2026-02-24 22:16:06 - UAVPathPlanner - [32mINFO[0m - 顯示 6 條子區域路徑
2026-02-24 22:16:08 - UAVPathPlanner - [32mINFO[0m - 路徑生成完成：3369 個航點，距離 202339m
2026-02-24 22:16:08 - UAVPathPlanner - [32mINFO[0m - 請求預覽路徑
2026-02-24 22:16:29 - UAVPathPlanner - [32mINFO[0m - 演算法變更: grid
2026-02-24 22:16:29 - UAVPathPlanner - [32mINFO[0m - 參數已更新: {'algorithm': 'grid'}
2026-02-24 22:16:29 - UAVPathPlanner - [32mINFO[0m - 演算法變更: grid - 網格掃描：適合覆蓋測繪任務，之字形路徑
2026-02-24 22:16:30 - UAVPathPlanner - [32mINFO[0m - 顯示 6 條子區域路徑
2026-02-24 22:16:31 - UAVPathPlanner - [32mINFO[0m - 路徑生成完成：558 個航點，距離 107894m
2026-02-24 22:16:31 - UAVPathPlanner - [32mINFO[0m - 請求預覽路徑
2026-02-24 22:16:49 - UAVPathPlanner - [32mINFO[0m - 匯出子區域 1: C:/Users/joy46/Downloads/waypoint\區域1_高度10m.waypoints
2026-02-24 22:16:49 - UAVPathPlanner - [32mINFO[0m - 匯出子區域 2: C:/Users/joy46/Downloads/waypoint\區域2_高度10m.waypoints
2026-02-24 22:16:49 - UAVPathPlanner - [32mINFO[0m - 匯出子區域 3: C:/Users/joy46/Downloads/waypoint\區域3_高度10m.waypoints
2026-02-24 22:16:49 - UAVPathPlanner - [32mINFO[0m - 匯出子區域 4: C:/Users/joy46/Downloads/waypoint\區域4_高度10m.waypoints
2026-02-24 22:16:49 - UAVPathPlanner - [32mINFO[0m - 匯出子區域 5: C:/Users/joy46/Downloads/waypoint\區域5_高度10m.waypoints
2026-02-24 22:16:49 - UAVPathPlanner - [32mINFO[0m - 匯出子區域 6: C:/Users/joy46/Downloads/waypoint\區域6_高度10m.waypoints
2026-02-24 22:16:52 - UAVPathPlanner - [32mINFO[0m - 多台無人機匯出完成: 6 個檔案
2026-02-24 22:16:52 - UAVPathPlanner - [32mINFO[0m - 請求匯出航點
2026-02-24 22:17:21 - UAVPathPlanner - [32mINFO[0m - 演算法變更: circular
2026-02-24 22:17:21 - UAVPathPlanner - [32mINFO[0m - 參數已更新: {'algorithm': 'circular'}
2026-02-24 22:17:21 - UAVPathPlanner - [32mINFO[0m - 演算法變更: circular - 同心圓掃描：從中心向外擴張的同心圓環路徑，可逐圈上升
2026-02-24 22:17:22 - UAVPathPlanner - [32mINFO[0m - 顯示 6 條子區域路徑
2026-02-24 22:17:24 - UAVPathPlanner - [32mINFO[0m - 路徑生成完成：3369 個航點，距離 202339m
2026-02-24 22:17:24 - UAVPathPlanner - [32mINFO[0m - 請求預覽路徑
2026-02-24 22:17:28 - UAVPathPlanner - [32mINFO[0m - 匯出子區域 1: C:/Users/joy46/Downloads/waypoint\區域1_高度10m.waypoints
2026-02-24 22:17:28 - UAVPathPlanner - [32mINFO[0m - 匯出子區域 2: C:/Users/joy46/Downloads/waypoint\區域2_高度10m.waypoints
2026-02-24 22:17:28 - UAVPathPlanner - [32mINFO[0m - 匯出子區域 3: C:/Users/joy46/Downloads/waypoint\區域3_高度10m.waypoints
2026-02-24 22:17:28 - UAVPathPlanner - [32mINFO[0m - 匯出子區域 4: C:/Users/joy46/Downloads/waypoint\區域4_高度10m.waypoints
2026-02-24 22:17:28 - UAVPathPlanner - [32mINFO[0m - 匯出子區域 5: C:/Users/joy46/Downloads/waypoint\區域5_高度10m.waypoints
2026-02-24 22:17:28 - UAVPathPlanner - [32mINFO[0m - 匯出子區域 6: C:/Users/joy46/Downloads/waypoint\區域6_高度10m.waypoints
2026-02-24 22:17:29 - UAVPathPlanner - [32mINFO[0m - 多台無人機匯出完成: 6 個檔案
2026-02-24 22:17:29 - UAVPathPlanner - [32mINFO[0m - 請求匯出航點
2026-02-24 22:17:55 - UAVPathPlanner - [32mINFO[0m - 演算法變更: spiral
2026-02-24 22:17:55 - UAVPathPlanner - [32mINFO[0m - 參數已更新: {'algorithm': 'spiral'}
2026-02-24 22:17:55 - UAVPathPlanner - [32mINFO[0m - 演算法變更: spiral - 螺旋掃描：從外圍向中心螺旋掃描
2026-02-24 22:17:56 - UAVPathPlanner - [32mINFO[0m - 顯示 6 條子區域路徑
2026-02-24 22:17:58 - UAVPathPlanner - [32mINFO[0m - 路徑生成完成：561 個航點，距離 37526m
2026-02-24 22:17:58 - UAVPathPlanner - [32mINFO[0m - 請求預覽路徑
2026-02-24 22:18:11 - UAVPathPlanner - [32mINFO[0m - 匯出子區域 1: C:/Users/joy46/Downloads/waypoint\區域1_高度10m.waypoints
2026-02-24 22:18:11 - UAVPathPlanner - [32mINFO[0m - 匯出子區域 2: C:/Users/joy46/Downloads/waypoint\區域2_高度10m.waypoints
2026-02-24 22:18:11 - UAVPathPlanner - [32mINFO[0m - 匯出子區域 3: C:/Users/joy46/Downloads/waypoint\區域3_高度10m.waypoints
2026-02-24 22:18:11 - UAVPathPlanner - [32mINFO[0m - 匯出子區域 4: C:/Users/joy46/Downloads/waypoint\區域4_高度10m.waypoints
2026-02-24 22:18:11 - UAVPathPlanner - [32mINFO[0m - 匯出子區域 5: C:/Users/joy46/Downloads/waypoint\區域5_高度10m.waypoints
2026-02-24 22:18:11 - UAVPathPlanner - [32mINFO[0m - 匯出子區域 6: C:/Users/joy46/Downloads/waypoint\區域6_高度10m.waypoints
2026-02-24 22:18:12 - UAVPathPlanner - [32mINFO[0m - 多台無人機匯出完成: 6 個檔案
2026-02-24 22:18:12 - UAVPathPlanner - [32mINFO[0m - 請求匯出航點
2026-02-24 22:48:04 - UAVPathPlanner - [32mINFO[0m - 參數已更新: {'vehicle_model': ''}
2026-02-24 22:48:04 - UAVPathPlanner - [32mINFO[0m - 載具型號變更: 
2026-02-24 22:48:04 - UAVPathPlanner - [32mINFO[0m - 參數已更新: {'vehicle_model': 'Generic Fixed Wing'}
2026-02-24 22:48:04 - UAVPathPlanner - [32mINFO[0m - 參數已更新: {'speed': 18.0}
2026-02-24 22:48:04 - UAVPathPlanner - [32mINFO[0m - 參數已更新: {'altitude': 100.0}
2026-02-24 22:48:04 - UAVPathPlanner - [32mINFO[0m - 載具型號變更: Generic Fixed Wing
2026-02-24 22:48:04 - UAVPathPlanner - [32mINFO[0m - 參數已更新: {'vehicle_type': '固定翼'}
2026-02-24 22:48:04 - UAVPathPlanner - [32mINFO[0m - 載具類型變更: 固定翼
2026-02-24 22:48:07 - UAVPathPlanner - [32mINFO[0m - 匯出子區域 1: C:/Users/joy46/Downloads/waypoint\區域1_高度100m.waypoints
2026-02-24 22:48:07 - UAVPathPlanner - [32mINFO[0m - 匯出子區域 2: C:/Users/joy46/Downloads/waypoint\區域2_高度100m.waypoints
2026-02-24 22:48:07 - UAVPathPlanner - [32mINFO[0m - 匯出子區域 3: C:/Users/joy46/Downloads/waypoint\區域3_高度100m.waypoints
2026-02-24 22:48:07 - UAVPathPlanner - [32mINFO[0m - 匯出子區域 4: C:/Users/joy46/Downloads/waypoint\區域4_高度100m.waypoints
2026-02-24 22:48:07 - UAVPathPlanner - [32mINFO[0m - 匯出子區域 5: C:/Users/joy46/Downloads/waypoint\區域5_高度100m.waypoints
2026-02-24 22:48:07 - UAVPathPlanner - [32mINFO[0m - 匯出子區域 6: C:/Users/joy46/Downloads/waypoint\區域6_高度100m.waypoints
2026-02-24 22:48:07 - UAVPathPlanner - [32mINFO[0m - 多台無人機匯出完成: 6 個檔案
2026-02-24 22:48:07 - UAVPathPlanner - [32mINFO[0m - 請求匯出航點
2026-02-24 23:04:32 - UAVPathPlanner - [32mINFO[0m - 應用程式關閉
2026-02-24 23:04:32 - UAVPathPlanner - [32mINFO[0m - UAV Path Planner 已退出
2026-02-24 23:11:00 - UAVPathPlanner - [32mINFO[0m - ============================================================
2026-02-24 23:11:00 - UAVPathPlanner - [32mINFO[0m - UAV Path Planner 啟動
2026-02-24 23:11:00 - UAVPathPlanner - [32mINFO[0m - 版本: 2.0.0
2026-02-24 23:11:00 - UAVPathPlanner - [32mINFO[0m - ============================================================
2026-02-24 23:11:00 - UAVPathPlanner - [32mINFO[0m - 配置文件: 使用預設配置
2026-02-24 23:11:00 - UAVPathPlanner - [32mINFO[0m - 飛行器配置載入成功: 4 種類型
2026-02-24 23:11:00 - UAVPathPlanner - [32mINFO[0m - 啟動 GUI 模式...
2026-02-24 23:11:00 - UAVPathPlanner - [32mINFO[0m - QtWebEngineWidgets 載入成功
2026-02-24 23:11:00 - UAVPathPlanner - [32mINFO[0m - 地圖初始化成功
2026-02-24 23:11:00 - UAVPathPlanner - [32mINFO[0m - 地圖組件初始化完成
2026-02-24 23:11:00 - UAVPathPlanner - [32mINFO[0m - 參數面板初始化完成
2026-02-24 23:11:00 - UAVPathPlanner - [32mINFO[0m - 任務面板初始化完成
2026-02-24 23:11:00 - UAVPathPlanner - [32mINFO[0m - 快捷鍵設置完成: Enter=生成路徑, Delete=刪除角點, Esc=清除路徑
2026-02-24 23:11:00 - UAVPathPlanner - [33mWARNING[0m - 樣式表不存在: c:\Users\joy46\Documents\DWA_path_planner-main\ui\resources\styles\dark_theme.qss
2026-02-24 23:11:00 - UAVPathPlanner - [32mINFO[0m - 主視窗初始化完成
2026-02-24 23:11:00 - UAVPathPlanner - [32mINFO[0m - GUI 啟動成功
2026-02-24 23:11:06 - UAVPathPlanner - [32mINFO[0m - 🖱️ 收到地圖點擊: (23.708667, 120.415049), 編輯模式=True
2026-02-24 23:11:06 - UAVPathPlanner - [32mINFO[0m - 新增角點 #1: (23.708667, 120.415049)
2026-02-24 23:11:06 - UAVPathPlanner - [32mINFO[0m - 新增邊界點 #1: (23.708667, 120.415049) [剩餘: 99]
2026-02-24 23:11:06 - UAVPathPlanner - [32mINFO[0m - ✅ 添加角點成功 (總數: 1)
2026-02-24 23:11:07 - UAVPathPlanner - [32mINFO[0m - 🖱️ 收到地圖點擊: (23.683124, 120.415177), 編輯模式=True
2026-02-24 23:11:07 - UAVPathPlanner - [32mINFO[0m - 新增角點 #2: (23.683124, 120.415177)
2026-02-24 23:11:07 - UAVPathPlanner - [32mINFO[0m - 新增邊界點 #2: (23.683124, 120.415177) [剩餘: 98]
2026-02-24 23:11:07 - UAVPathPlanner - [32mINFO[0m - ✅ 添加角點成功 (總數: 2)
2026-02-24 23:11:07 - UAVPathPlanner - [32mINFO[0m - 🖱️ 收到地圖點擊: (23.683556, 120.443501), 編輯模式=True
2026-02-24 23:11:07 - UAVPathPlanner - [32mINFO[0m - 新增角點 #3: (23.683556, 120.443501)
2026-02-24 23:11:07 - UAVPathPlanner - [32mINFO[0m - 新增邊界點 #3: (23.683556, 120.443501) [剩餘: 97]
2026-02-24 23:11:07 - UAVPathPlanner - [32mINFO[0m - ✅ 添加角點成功 (總數: 3)
2026-02-24 23:11:07 - UAVPathPlanner - [32mINFO[0m - 顯示路徑: 282 個航點
2026-02-24 23:11:07 - UAVPathPlanner - [32mINFO[0m - 即時路徑生成: 282 個航點
2026-02-24 23:11:11 - UAVPathPlanner - [32mINFO[0m - 🖱️ 收到地圖點擊: (23.710160, 120.441399), 編輯模式=True
2026-02-24 23:11:11 - UAVPathPlanner - [32mINFO[0m - 新增角點 #4: (23.710160, 120.441399)
2026-02-24 23:11:11 - UAVPathPlanner - [32mINFO[0m - 新增邊界點 #4: (23.710160, 120.441399) [剩餘: 96]
2026-02-24 23:11:11 - UAVPathPlanner - [32mINFO[0m - ✅ 添加角點成功 (總數: 4)
2026-02-24 23:11:11 - UAVPathPlanner - [32mINFO[0m - 顯示路徑: 298 個航點
2026-02-24 23:11:11 - UAVPathPlanner - [32mINFO[0m - 即時路徑生成: 298 個航點
2026-02-24 23:11:14 - UAVPathPlanner - [32mINFO[0m - 參數已更新: {'vehicle_model': ''}
2026-02-24 23:11:14 - UAVPathPlanner - [32mINFO[0m - 載具型號變更: 
2026-02-24 23:11:14 - UAVPathPlanner - [32mINFO[0m - 參數已更新: {'vehicle_model': '衝浪者 (Surfer)'}
2026-02-24 23:11:14 - UAVPathPlanner - [32mINFO[0m - 參數已更新: {'speed': 18.0}
2026-02-24 23:11:14 - UAVPathPlanner - [32mINFO[0m - 轉彎半徑檢測: 半徑=50m, 速度=18.0m/s, 狀態=ok, 傾斜角=33.4°
2026-02-24 23:11:14 - UAVPathPlanner - [32mINFO[0m - 參數已更新: {'altitude': 100.0}
2026-02-24 23:11:14 - UAVPathPlanner - [32mINFO[0m - 轉彎半徑檢測: 半徑=50m, 速度=18.0m/s, 狀態=ok, 傾斜角=33.4°
2026-02-24 23:11:14 - UAVPathPlanner - [32mINFO[0m - 載具型號變更: 衝浪者 (Surfer)
2026-02-24 23:11:14 - UAVPathPlanner - [32mINFO[0m - 參數已更新: {'vehicle_type': '固定翼'}
2026-02-24 23:11:14 - UAVPathPlanner - [32mINFO[0m - 轉彎半徑檢測: 半徑=50m, 速度=18.0m/s, 狀態=ok, 傾斜角=33.4°
2026-02-24 23:11:14 - UAVPathPlanner - [32mINFO[0m - 載具類型變更: 固定翼
2026-02-24 23:11:18 - UAVPathPlanner - [32mINFO[0m - 顯示路徑: 1926 個航點
2026-02-24 23:11:20 - UAVPathPlanner - [32mINFO[0m - 路徑生成完成：1926 個航點，距離 429557m
2026-02-24 23:11:20 - UAVPathPlanner - [32mINFO[0m - 請求預覽路徑
2026-02-24 23:11:25 - UAVPathPlanner - [32mINFO[0m - 🖱️ 收到地圖點擊: (23.719158, 120.461140), 編輯模式=True
2026-02-24 23:11:25 - UAVPathPlanner - [32mINFO[0m - 新增角點 #5: (23.719158, 120.461140)
2026-02-24 23:11:25 - UAVPathPlanner - [32mINFO[0m - 新增邊界點 #5: (23.719158, 120.461140) [剩餘: 95]
2026-02-24 23:11:25 - UAVPathPlanner - [32mINFO[0m - ✅ 添加角點成功 (總數: 5)
2026-02-24 23:11:26 - UAVPathPlanner - [32mINFO[0m - 顯示路徑: 2712 個航點
2026-02-24 23:11:26 - UAVPathPlanner - [32mINFO[0m - 即時路徑生成: 2712 個航點
2026-02-24 23:11:30 - UAVPathPlanner - [32mINFO[0m - 刪除角點: (23.719158, 120.461140), 剩餘 4 個
2026-02-24 23:11:30 - UAVPathPlanner - [32mINFO[0m - 請求刪除最後一個角點
2026-02-24 23:11:31 - UAVPathPlanner - [32mINFO[0m - 顯示路徑: 1926 個航點
2026-02-24 23:11:32 - UAVPathPlanner - [32mINFO[0m - 即時路徑生成: 1926 個航點
2026-02-24 23:11:38 - UAVPathPlanner - [32mINFO[0m - 演算法變更: spiral
2026-02-24 23:11:38 - UAVPathPlanner - [32mINFO[0m - 參數已更新: {'algorithm': 'spiral'}
2026-02-24 23:11:38 - UAVPathPlanner - [32mINFO[0m - 演算法變更: spiral - 螺旋掃描：從外圍向中心螺旋掃描
2026-02-24 23:11:39 - UAVPathPlanner - [32mINFO[0m - 顯示路徑: 1341 個航點
2026-02-24 23:11:39 - UAVPathPlanner - [32mINFO[0m - 顯示 3 條子區域路徑
2026-02-24 23:11:44 - UAVPathPlanner - [32mINFO[0m - 固定翼任務生成: 1350 個航點, 總距離 137546m, 轉彎半徑=50m
2026-02-24 23:11:44 - UAVPathPlanner - [32mINFO[0m - 顯示路徑: 1350 個航點
2026-02-24 23:11:45 - UAVPathPlanner - [32mINFO[0m - 路徑生成完成：1350 個航點，距離 139361m
2026-02-24 23:11:45 - UAVPathPlanner - [32mINFO[0m - 請求預覽路徑
2026-02-24 23:12:26 - UAVPathPlanner - [32mINFO[0m - 參數已更新: {'reduce_overlap': False}
2026-02-24 23:12:28 - UAVPathPlanner - [32mINFO[0m - 參數已更新: {'reduce_overlap': False}
2026-02-24 23:12:29 - UAVPathPlanner - [32mINFO[0m - 參數已更新: {'reduce_overlap': False}
2026-02-24 23:12:30 - UAVPathPlanner - [32mINFO[0m - 參數已更新: {'reduce_overlap': False}
2026-02-24 23:12:32 - UAVPathPlanner - [32mINFO[0m - 參數已更新: {'subdivisions': 2}
2026-02-24 23:12:33 - UAVPathPlanner - [32mINFO[0m - 顯示路徑: 1341 個航點
2026-02-24 23:12:33 - UAVPathPlanner - [32mINFO[0m - 顯示 3 條子區域路徑
2026-02-24 23:12:35 - UAVPathPlanner - [32mINFO[0m - 固定翼任務生成: 1350 個航點, 總距離 137546m, 轉彎半徑=50m
2026-02-24 23:12:36 - UAVPathPlanner - [32mINFO[0m - 路徑生成完成：1350 個航點，距離 139361m
2026-02-24 23:12:36 - UAVPathPlanner - [32mINFO[0m - 請求預覽路徑
2026-02-24 23:12:40 - UAVPathPlanner - [32mINFO[0m - 演算法變更: circular
2026-02-24 23:12:40 - UAVPathPlanner - [32mINFO[0m - 參數已更新: {'algorithm': 'circular'}
2026-02-24 23:12:40 - UAVPathPlanner - [32mINFO[0m - 演算法變更: circular - 同心圓掃描：從中心向外擴張的同心圓環路徑，可逐圈上升
2026-02-24 23:12:43 - UAVPathPlanner - [32mINFO[0m - 顯示路徑: 7479 個航點
2026-02-24 23:12:45 - UAVPathPlanner - [32mINFO[0m - 顯示 3 條子區域路徑
2026-02-24 23:12:46 - UAVPathPlanner - [32mINFO[0m - 固定翼任務生成: 7488 個航點, 總距離 808496m, 轉彎半徑=50m
2026-02-24 23:12:47 - UAVPathPlanner - [32mINFO[0m - 路徑生成完成：7488 個航點，距離 810787m
2026-02-24 23:12:47 - UAVPathPlanner - [32mINFO[0m - 請求預覽路徑
2026-02-24 23:13:29 - UAVPathPlanner - [32mINFO[0m - 🖱️ 收到地圖點擊: (23.696809, 120.429150), 編輯模式=True
2026-02-24 23:13:29 - UAVPathPlanner - [32mINFO[0m - 新增角點 #5: (23.696809, 120.429150)
2026-02-24 23:13:29 - UAVPathPlanner - [32mINFO[0m - 新增邊界點 #5: (23.696809, 120.429150) [剩餘: 95]
2026-02-24 23:13:29 - UAVPathPlanner - [32mINFO[0m - ✅ 添加角點成功 (總數: 5)
2026-02-24 23:13:32 - UAVPathPlanner - [32mINFO[0m - 顯示 2 條子區域路徑
2026-02-24 23:13:34 - UAVPathPlanner - [32mINFO[0m - 即時路徑生成: 9440 個航點
2026-02-24 23:13:38 - UAVPathPlanner - [32mINFO[0m - 刪除角點: (23.696809, 120.429150), 剩餘 4 個
2026-02-24 23:13:38 - UAVPathPlanner - [32mINFO[0m - 請求刪除最後一個角點
2026-02-24 23:13:41 - UAVPathPlanner - [32mINFO[0m - 顯示 2 條子區域路徑
2026-02-24 23:13:44 - UAVPathPlanner - [32mINFO[0m - 即時路徑生成: 11908 個航點
2026-02-24 23:13:53 - UAVPathPlanner - [32mINFO[0m - 演算法變更: spiral
2026-02-24 23:13:53 - UAVPathPlanner - [32mINFO[0m - 參數已更新: {'algorithm': 'spiral'}
2026-02-24 23:13:53 - UAVPathPlanner - [32mINFO[0m - 演算法變更: spiral - 螺旋掃描：從外圍向中心螺旋掃描
2026-02-24 23:14:03 - UAVPathPlanner - [32mINFO[0m - 顯示路徑: 1341 個航點
2026-02-24 23:14:04 - UAVPathPlanner - [32mINFO[0m - 顯示 3 條子區域路徑
2026-02-24 23:14:07 - UAVPathPlanner - [32mINFO[0m - 固定翼任務生成: 1350 個航點, 總距離 137546m, 轉彎半徑=50m
2026-02-24 23:14:12 - UAVPathPlanner - [32mINFO[0m - 路徑生成完成：1350 個航點，距離 139361m
2026-02-24 23:14:12 - UAVPathPlanner - [32mINFO[0m - 請求預覽路徑
2026-02-24 23:16:08 - UAVPathPlanner - [32mINFO[0m - 參數已更新: {'subdivisions': 4}
2026-02-24 23:16:09 - UAVPathPlanner - [32mINFO[0m - 顯示路徑: 1341 個航點
2026-02-24 23:16:09 - UAVPathPlanner - [32mINFO[0m - 顯示 3 條子區域路徑
2026-02-24 23:16:11 - UAVPathPlanner - [32mINFO[0m - 固定翼任務生成: 1350 個航點, 總距離 137546m, 轉彎半徑=50m
2026-02-24 23:16:12 - UAVPathPlanner - [32mINFO[0m - 路徑生成完成：1350 個航點，距離 139361m
2026-02-24 23:16:12 - UAVPathPlanner - [32mINFO[0m - 請求預覽路徑
2026-02-24 23:16:18 - UAVPathPlanner - [32mINFO[0m - 參數已更新: {'subdivisions': 1}
2026-02-24 23:16:19 - UAVPathPlanner - [32mINFO[0m - 顯示路徑: 1341 個航點
2026-02-24 23:16:20 - UAVPathPlanner - [32mINFO[0m - 顯示 3 條子區域路徑
2026-02-24 23:16:21 - UAVPathPlanner - [32mINFO[0m - 固定翼任務生成: 1350 個航點, 總距離 137546m, 轉彎半徑=50m
2026-02-24 23:16:21 - UAVPathPlanner - [32mINFO[0m - 顯示路徑: 1350 個航點
2026-02-24 23:16:23 - UAVPathPlanner - [32mINFO[0m - 路徑生成完成：1350 個航點，距離 139361m
2026-02-24 23:16:23 - UAVPathPlanner - [32mINFO[0m - 請求預覽路徑
2026-02-24 23:17:08 - UAVPathPlanner - [32mINFO[0m - 應用程式關閉
2026-02-24 23:17:08 - UAVPathPlanner - [32mINFO[0m - UAV Path Planner 已退出
