2026-03-04 19:06:39 - UAVPathPlanner - [32mINFO[0m - ============================================================
2026-03-04 19:06:39 - UAVPathPlanner - [32mINFO[0m - UAV Path Planner 啟動
2026-03-04 19:06:39 - UAVPathPlanner - [32mINFO[0m - 版本: 2.0.0
2026-03-04 19:06:39 - UAVPathPlanner - [32mINFO[0m - ============================================================
2026-03-04 19:06:39 - UAVPathPlanner - [32mINFO[0m - 配置文件: 使用預設配置
2026-03-04 19:06:39 - UAVPathPlanner - [32mINFO[0m - 飛行器配置載入成功: 4 種類型
2026-03-04 19:06:39 - UAVPathPlanner - [32mINFO[0m - 啟動 GUI 模式...
2026-03-04 19:06:39 - UAVPathPlanner - [32mINFO[0m - QtWebEngineWidgets 載入成功
2026-03-04 19:06:41 - UAVPathPlanner - [32mINFO[0m - 地圖初始化成功
2026-03-04 19:06:41 - UAVPathPlanner - [32mINFO[0m - 地圖組件初始化完成
2026-03-04 19:06:41 - UAVPathPlanner - [32mINFO[0m - 參數面板初始化完成
2026-03-04 19:06:41 - UAVPathPlanner - [32mINFO[0m - 任務面板初始化完成
2026-03-04 19:06:41 - UAVPathPlanner - [32mINFO[0m - 快捷鍵設置完成: Enter=生成路徑, Delete=刪除角點, Esc=清除路徑
2026-03-04 19:06:41 - UAVPathPlanner - [33mWARNING[0m - 樣式表不存在: c:\Users\joy46\Documents\DWA_path_planner-main\ui\resources\styles\dark_theme.qss
2026-03-04 19:06:41 - UAVPathPlanner - [32mINFO[0m - 主視窗初始化完成
2026-03-04 19:06:41 - UAVPathPlanner - [32mINFO[0m - GUI 啟動成功
2026-03-04 19:06:46 - UAVPathPlanner - [32mINFO[0m - 參數已更新: {'vehicle_model': ''}
2026-03-04 19:06:46 - UAVPathPlanner - [32mINFO[0m - 載具型號變更: 
2026-03-04 19:06:46 - UAVPathPlanner - [32mINFO[0m - 參數已更新: {'vehicle_model': '衝浪者 (Surfer)'}
2026-03-04 19:06:46 - UAVPathPlanner - [32mINFO[0m - 參數已更新: {'speed': 18.0}
2026-03-04 19:06:46 - UAVPathPlanner - [32mINFO[0m - 轉彎半徑檢測: 半徑=50m, 速度=18.0m/s, 狀態=ok, 傾斜角=33.4°
2026-03-04 19:06:46 - UAVPathPlanner - [32mINFO[0m - 參數已更新: {'altitude': 100.0}
2026-03-04 19:06:46 - UAVPathPlanner - [32mINFO[0m - 轉彎半徑檢測: 半徑=50m, 速度=18.0m/s, 狀態=ok, 傾斜角=33.4°
2026-03-04 19:06:46 - UAVPathPlanner - [32mINFO[0m - 載具型號變更: 衝浪者 (Surfer)
2026-03-04 19:06:46 - UAVPathPlanner - [32mINFO[0m - 參數已更新: {'vehicle_type': '固定翼'}
2026-03-04 19:06:46 - UAVPathPlanner - [32mINFO[0m - 轉彎半徑檢測: 半徑=50m, 速度=18.0m/s, 狀態=ok, 傾斜角=33.4°
2026-03-04 19:06:46 - UAVPathPlanner - [32mINFO[0m - 載具類型變更: 固定翼
2026-03-04 19:06:47 - UAVPathPlanner - [32mINFO[0m - 演算法變更: spiral
2026-03-04 19:06:47 - UAVPathPlanner - [32mINFO[0m - 參數已更新: {'algorithm': 'spiral'}
2026-03-04 19:06:47 - UAVPathPlanner - [32mINFO[0m - 演算法變更: spiral - 螺旋掃描：從外圍向中心螺旋掃描
2026-03-04 19:06:52 - UAVPathPlanner - [32mINFO[0m - 圓形拖曳模式: 啟用
2026-03-04 19:06:52 - UAVPathPlanner - [32mINFO[0m - 進入地圖拖曳定義圓形模式
2026-03-04 19:06:55 - UAVPathPlanner - [32mINFO[0m - 參數已更新: {'circle_center_lat': 23.70210947479933}
2026-03-04 19:06:55 - UAVPathPlanner - [32mINFO[0m - 參數已更新: {'circle_center_lon': 120.42313105689182}
2026-03-04 19:06:55 - UAVPathPlanner - [32mINFO[0m - 參數已更新: {'circle_max_radius': 323}
2026-03-04 19:06:55 - UAVPathPlanner - [32mINFO[0m - 拖曳圓形定義：圓心=23.702109,120.423131, r=322.8m
2026-03-04 19:06:55 - UAVPathPlanner - [32mINFO[0m - 圓形定義完成: (23.702109, 120.423131), r=322.8m
2026-03-04 19:06:56 - UAVPathPlanner - [33mWARNING[0m - [WP 限制] 固定翼單區任務: 805 → 562 航點（Mission Planner 上限 655）
2026-03-04 19:06:58 - UAVPathPlanner - [32mINFO[0m - 固定翼任務生成: 805 個航點, 總距離 16667m, 轉彎半徑=50m
2026-03-04 19:06:58 - UAVPathPlanner - [32mINFO[0m - 請求預覽路徑
2026-03-04 19:06:59 - UAVPathPlanner - [32mINFO[0m - 參數已更新: {'spacing': 21.0}
2026-03-04 19:06:59 - UAVPathPlanner - [32mINFO[0m - 參數已更新: {'spacing': 22.0}
2026-03-04 19:06:59 - UAVPathPlanner - [32mINFO[0m - 參數已更新: {'spacing': 23.0}
2026-03-04 19:06:59 - UAVPathPlanner - [32mINFO[0m - 參數已更新: {'spacing': 24.0}
2026-03-04 19:06:59 - UAVPathPlanner - [32mINFO[0m - 參數已更新: {'spacing': 25.0}
2026-03-04 19:06:59 - UAVPathPlanner - [32mINFO[0m - 參數已更新: {'spacing': 26.0}
2026-03-04 19:06:59 - UAVPathPlanner - [32mINFO[0m - 參數已更新: {'spacing': 27.0}
2026-03-04 19:06:59 - UAVPathPlanner - [32mINFO[0m - 參數已更新: {'spacing': 28.0}
2026-03-04 19:06:59 - UAVPathPlanner - [32mINFO[0m - 參數已更新: {'spacing': 29.0}
2026-03-04 19:06:59 - UAVPathPlanner - [32mINFO[0m - 參數已更新: {'spacing': 30.0}
2026-03-04 19:06:59 - UAVPathPlanner - [32mINFO[0m - 參數已更新: {'spacing': 31.0}
2026-03-04 19:06:59 - UAVPathPlanner - [32mINFO[0m - 參數已更新: {'spacing': 32.0}
2026-03-04 19:07:00 - UAVPathPlanner - [32mINFO[0m - 參數已更新: {'spacing': 33.0}
2026-03-04 19:07:00 - UAVPathPlanner - [32mINFO[0m - 參數已更新: {'spacing': 34.0}
2026-03-04 19:07:00 - UAVPathPlanner - [32mINFO[0m - 參數已更新: {'spacing': 35.0}
2026-03-04 19:07:00 - UAVPathPlanner - [32mINFO[0m - 參數已更新: {'spacing': 36.0}
2026-03-04 19:07:00 - UAVPathPlanner - [32mINFO[0m - 參數已更新: {'spacing': 37.0}
2026-03-04 19:07:00 - UAVPathPlanner - [32mINFO[0m - 參數已更新: {'spacing': 38.0}
2026-03-04 19:07:00 - UAVPathPlanner - [32mINFO[0m - 參數已更新: {'spacing': 39.0}
2026-03-04 19:07:00 - UAVPathPlanner - [32mINFO[0m - 參數已更新: {'spacing': 40.0}
2026-03-04 19:07:00 - UAVPathPlanner - [32mINFO[0m - 參數已更新: {'spacing': 41.0}
2026-03-04 19:07:03 - UAVPathPlanner - [32mINFO[0m - 固定翼任務生成: 390 個航點, 總距離 8719m, 轉彎半徑=50m
2026-03-04 19:07:03 - UAVPathPlanner - [32mINFO[0m - 請求預覽路徑
2026-03-04 19:07:04 - UAVPathPlanner - [32mINFO[0m - 參數已更新: {'spacing': 40.0}
2026-03-04 19:07:04 - UAVPathPlanner - [32mINFO[0m - 參數已更新: {'spacing': 39.0}
2026-03-04 19:07:04 - UAVPathPlanner - [32mINFO[0m - 參數已更新: {'spacing': 40.0}
2026-03-04 19:07:04 - UAVPathPlanner - [32mINFO[0m - 參數已更新: {'spacing': 42.0}
2026-03-04 19:07:04 - UAVPathPlanner - [32mINFO[0m - 參數已更新: {'spacing': 43.0}
2026-03-04 19:07:04 - UAVPathPlanner - [32mINFO[0m - 參數已更新: {'spacing': 45.0}
2026-03-04 19:07:04 - UAVPathPlanner - [32mINFO[0m - 參數已更新: {'spacing': 47.0}
2026-03-04 19:07:04 - UAVPathPlanner - [32mINFO[0m - 參數已更新: {'spacing': 50.0}
2026-03-04 19:07:04 - UAVPathPlanner - [32mINFO[0m - 參數已更新: {'spacing': 52.0}
2026-03-04 19:07:04 - UAVPathPlanner - [32mINFO[0m - 參數已更新: {'spacing': 53.0}
2026-03-04 19:07:04 - UAVPathPlanner - [32mINFO[0m - 參數已更新: {'spacing': 55.0}
2026-03-04 19:07:04 - UAVPathPlanner - [32mINFO[0m - 參數已更新: {'spacing': 58.0}
2026-03-04 19:07:04 - UAVPathPlanner - [32mINFO[0m - 參數已更新: {'spacing': 60.0}
2026-03-04 19:07:04 - UAVPathPlanner - [32mINFO[0m - 參數已更新: {'spacing': 62.0}
2026-03-04 19:07:04 - UAVPathPlanner - [32mINFO[0m - 參數已更新: {'spacing': 65.0}
2026-03-04 19:07:04 - UAVPathPlanner - [32mINFO[0m - 參數已更新: {'spacing': 67.0}
2026-03-04 19:07:04 - UAVPathPlanner - [32mINFO[0m - 參數已更新: {'spacing': 69.0}
2026-03-04 19:07:04 - UAVPathPlanner - [32mINFO[0m - 參數已更新: {'spacing': 72.0}
2026-03-04 19:07:04 - UAVPathPlanner - [32mINFO[0m - 參數已更新: {'spacing': 74.0}
2026-03-04 19:07:05 - UAVPathPlanner - [32mINFO[0m - 參數已更新: {'spacing': 76.0}
2026-03-04 19:07:05 - UAVPathPlanner - [32mINFO[0m - 參數已更新: {'spacing': 79.0}
2026-03-04 19:07:05 - UAVPathPlanner - [32mINFO[0m - 參數已更新: {'spacing': 81.0}
2026-03-04 19:07:05 - UAVPathPlanner - [32mINFO[0m - 參數已更新: {'spacing': 83.0}
2026-03-04 19:07:05 - UAVPathPlanner - [32mINFO[0m - 參數已更新: {'spacing': 86.0}
2026-03-04 19:07:05 - UAVPathPlanner - [32mINFO[0m - 參數已更新: {'spacing': 88.0}
2026-03-04 19:07:05 - UAVPathPlanner - [32mINFO[0m - 參數已更新: {'spacing': 90.0}
2026-03-04 19:07:05 - UAVPathPlanner - [32mINFO[0m - 參數已更新: {'spacing': 93.0}
2026-03-04 19:07:05 - UAVPathPlanner - [32mINFO[0m - 參數已更新: {'spacing': 95.0}
2026-03-04 19:07:05 - UAVPathPlanner - [32mINFO[0m - 參數已更新: {'spacing': 97.0}
2026-03-04 19:07:05 - UAVPathPlanner - [32mINFO[0m - 參數已更新: {'spacing': 99.0}
2026-03-04 19:07:05 - UAVPathPlanner - [32mINFO[0m - 參數已更新: {'spacing': 100.0}
2026-03-04 19:07:05 - UAVPathPlanner - [32mINFO[0m - 參數已更新: {'spacing': 99.0}
2026-03-04 19:07:06 - UAVPathPlanner - [32mINFO[0m - 參數已更新: {'spacing': 100.0}
2026-03-04 19:07:14 - UAVPathPlanner - [32mINFO[0m - 固定翼任務生成: 181 個航點, 總距離 4262m, 轉彎半徑=50m
2026-03-04 19:07:14 - UAVPathPlanner - [32mINFO[0m - 請求預覽路徑
2026-03-04 19:07:36 - UAVPathPlanner - [32mINFO[0m - 參數已更新: {'fw_max_bank_deg': 30.0}
2026-03-04 19:07:36 - UAVPathPlanner - [32mINFO[0m - 轉彎半徑檢測: 半徑=50m, 速度=18.0m/s, 狀態=ok, 傾斜角=33.4°
2026-03-04 19:07:38 - UAVPathPlanner - [32mINFO[0m - 固定翼任務生成: 181 個航點, 總距離 4262m, 轉彎半徑=50m
2026-03-04 19:08:08 - UAVPathPlanner - [32mINFO[0m - 參數已更新: {'altitude': 99.0}
2026-03-04 19:08:16 - UAVPathPlanner - [32mINFO[0m - 參數已更新: {'altitude': 100.0}
2026-03-04 19:08:18 - UAVPathPlanner - [32mINFO[0m - 參數已更新: {'speed': 19.0}
2026-03-04 19:08:18 - UAVPathPlanner - [32mINFO[0m - 轉彎半徑檢測: 半徑=50m, 速度=19.0m/s, 狀態=warning, 傾斜角=36.4°
2026-03-04 19:08:18 - UAVPathPlanner - [32mINFO[0m - 參數已更新: {'speed': 20.0}
2026-03-04 19:08:18 - UAVPathPlanner - [32mINFO[0m - 轉彎半徑檢測: 半徑=50m, 速度=20.0m/s, 狀態=warning, 傾斜角=39.2°
2026-03-04 19:08:18 - UAVPathPlanner - [32mINFO[0m - 參數已更新: {'speed': 21.0}
2026-03-04 19:08:18 - UAVPathPlanner - [32mINFO[0m - 轉彎半徑檢測: 半徑=50m, 速度=21.0m/s, 狀態=warning, 傾斜角=42.0°
2026-03-04 19:08:19 - UAVPathPlanner - [32mINFO[0m - 參數已更新: {'speed': 22.0}
2026-03-04 19:08:19 - UAVPathPlanner - [32mINFO[0m - 轉彎半徑檢測: 半徑=50m, 速度=22.0m/s, 狀態=warning, 傾斜角=44.6°
2026-03-04 19:08:19 - UAVPathPlanner - [32mINFO[0m - 參數已更新: {'speed': 23.0}
2026-03-04 19:08:19 - UAVPathPlanner - [32mINFO[0m - 轉彎半徑檢測: 半徑=50m, 速度=23.0m/s, 狀態=warning, 傾斜角=47.2°
2026-03-04 19:08:19 - UAVPathPlanner - [32mINFO[0m - 參數已更新: {'speed': 24.0}
2026-03-04 19:08:19 - UAVPathPlanner - [32mINFO[0m - 轉彎半徑檢測: 半徑=50m, 速度=24.0m/s, 狀態=warning, 傾斜角=49.6°
2026-03-04 19:08:19 - UAVPathPlanner - [32mINFO[0m - 參數已更新: {'speed': 25.0}
2026-03-04 19:08:19 - UAVPathPlanner - [32mINFO[0m - 轉彎半徑檢測: 半徑=50m, 速度=25.0m/s, 狀態=warning, 傾斜角=51.9°
2026-03-04 19:08:19 - UAVPathPlanner - [32mINFO[0m - 參數已更新: {'speed': 26.0}
2026-03-04 19:08:19 - UAVPathPlanner - [32mINFO[0m - 轉彎半徑檢測: 半徑=50m, 速度=26.0m/s, 狀態=warning, 傾斜角=54.0°
2026-03-04 19:08:19 - UAVPathPlanner - [32mINFO[0m - 參數已更新: {'speed': 27.0}
2026-03-04 19:08:19 - UAVPathPlanner - [32mINFO[0m - 轉彎半徑檢測: 半徑=50m, 速度=27.0m/s, 狀態=warning, 傾斜角=56.1°
2026-03-04 19:08:20 - UAVPathPlanner - [32mINFO[0m - 參數已更新: {'speed': 28.0}
2026-03-04 19:08:20 - UAVPathPlanner - [32mINFO[0m - 轉彎半徑檢測: 半徑=50m, 速度=28.0m/s, 狀態=warning, 傾斜角=58.0°
2026-03-04 19:08:20 - UAVPathPlanner - [32mINFO[0m - 參數已更新: {'speed': 29.0}
2026-03-04 19:08:20 - UAVPathPlanner - [32mINFO[0m - 轉彎半徑檢測: 半徑=50m, 速度=29.0m/s, 狀態=warning, 傾斜角=59.7°
2026-03-04 19:08:20 - UAVPathPlanner - [32mINFO[0m - 參數已更新: {'speed': 30.0}
2026-03-04 19:08:20 - UAVPathPlanner - [32mINFO[0m - 轉彎半徑檢測: 半徑=50m, 速度=30.0m/s, 狀態=warning, 傾斜角=61.4°
2026-03-04 19:08:21 - UAVPathPlanner - [32mINFO[0m - 參數已更新: {'speed': 29.0}
2026-03-04 19:08:21 - UAVPathPlanner - [32mINFO[0m - 轉彎半徑檢測: 半徑=50m, 速度=29.0m/s, 狀態=warning, 傾斜角=59.7°
2026-03-04 19:08:21 - UAVPathPlanner - [32mINFO[0m - 參數已更新: {'speed': 28.0}
2026-03-04 19:08:21 - UAVPathPlanner - [32mINFO[0m - 轉彎半徑檢測: 半徑=50m, 速度=28.0m/s, 狀態=warning, 傾斜角=58.0°
2026-03-04 19:08:21 - UAVPathPlanner - [32mINFO[0m - 參數已更新: {'speed': 27.0}
2026-03-04 19:08:21 - UAVPathPlanner - [32mINFO[0m - 轉彎半徑檢測: 半徑=50m, 速度=27.0m/s, 狀態=warning, 傾斜角=56.1°
2026-03-04 19:08:21 - UAVPathPlanner - [32mINFO[0m - 參數已更新: {'speed': 26.0}
2026-03-04 19:08:21 - UAVPathPlanner - [32mINFO[0m - 轉彎半徑檢測: 半徑=50m, 速度=26.0m/s, 狀態=warning, 傾斜角=54.0°
2026-03-04 19:08:21 - UAVPathPlanner - [32mINFO[0m - 參數已更新: {'speed': 25.0}
2026-03-04 19:08:21 - UAVPathPlanner - [32mINFO[0m - 轉彎半徑檢測: 半徑=50m, 速度=25.0m/s, 狀態=warning, 傾斜角=51.9°
2026-03-04 19:08:21 - UAVPathPlanner - [32mINFO[0m - 參數已更新: {'speed': 24.0}
2026-03-04 19:08:21 - UAVPathPlanner - [32mINFO[0m - 轉彎半徑檢測: 半徑=50m, 速度=24.0m/s, 狀態=warning, 傾斜角=49.6°
2026-03-04 19:08:21 - UAVPathPlanner - [32mINFO[0m - 參數已更新: {'speed': 25.0}
2026-03-04 19:08:21 - UAVPathPlanner - [32mINFO[0m - 轉彎半徑檢測: 半徑=50m, 速度=25.0m/s, 狀態=warning, 傾斜角=51.9°
2026-03-04 19:08:21 - UAVPathPlanner - [32mINFO[0m - 參數已更新: {'speed': 26.0}
2026-03-04 19:08:21 - UAVPathPlanner - [32mINFO[0m - 轉彎半徑檢測: 半徑=50m, 速度=26.0m/s, 狀態=warning, 傾斜角=54.0°
2026-03-04 19:08:21 - UAVPathPlanner - [32mINFO[0m - 參數已更新: {'speed': 27.0}
2026-03-04 19:08:21 - UAVPathPlanner - [32mINFO[0m - 轉彎半徑檢測: 半徑=50m, 速度=27.0m/s, 狀態=warning, 傾斜角=56.1°
2026-03-04 19:08:21 - UAVPathPlanner - [32mINFO[0m - 參數已更新: {'speed': 28.0}
2026-03-04 19:08:21 - UAVPathPlanner - [32mINFO[0m - 轉彎半徑檢測: 半徑=50m, 速度=28.0m/s, 狀態=warning, 傾斜角=58.0°
2026-03-04 19:08:21 - UAVPathPlanner - [32mINFO[0m - 參數已更新: {'speed': 29.0}
2026-03-04 19:08:21 - UAVPathPlanner - [32mINFO[0m - 轉彎半徑檢測: 半徑=50m, 速度=29.0m/s, 狀態=warning, 傾斜角=59.7°
2026-03-04 19:08:22 - UAVPathPlanner - [32mINFO[0m - 參數已更新: {'speed': 30.0}
2026-03-04 19:08:22 - UAVPathPlanner - [32mINFO[0m - 轉彎半徑檢測: 半徑=50m, 速度=30.0m/s, 狀態=warning, 傾斜角=61.4°
2026-03-04 19:08:22 - UAVPathPlanner - [32mINFO[0m - 參數已更新: {'speed': 29.0}
2026-03-04 19:08:22 - UAVPathPlanner - [32mINFO[0m - 轉彎半徑檢測: 半徑=50m, 速度=29.0m/s, 狀態=warning, 傾斜角=59.7°
2026-03-04 19:08:22 - UAVPathPlanner - [32mINFO[0m - 參數已更新: {'speed': 28.0}
2026-03-04 19:08:22 - UAVPathPlanner - [32mINFO[0m - 轉彎半徑檢測: 半徑=50m, 速度=28.0m/s, 狀態=warning, 傾斜角=58.0°
2026-03-04 19:08:22 - UAVPathPlanner - [32mINFO[0m - 參數已更新: {'speed': 27.0}
2026-03-04 19:08:22 - UAVPathPlanner - [32mINFO[0m - 轉彎半徑檢測: 半徑=50m, 速度=27.0m/s, 狀態=warning, 傾斜角=56.1°
2026-03-04 19:08:22 - UAVPathPlanner - [32mINFO[0m - 參數已更新: {'speed': 26.0}
2026-03-04 19:08:22 - UAVPathPlanner - [32mINFO[0m - 轉彎半徑檢測: 半徑=50m, 速度=26.0m/s, 狀態=warning, 傾斜角=54.0°
2026-03-04 19:08:22 - UAVPathPlanner - [32mINFO[0m - 參數已更新: {'speed': 25.0}
2026-03-04 19:08:22 - UAVPathPlanner - [32mINFO[0m - 轉彎半徑檢測: 半徑=50m, 速度=25.0m/s, 狀態=warning, 傾斜角=51.9°
2026-03-04 19:08:22 - UAVPathPlanner - [32mINFO[0m - 參數已更新: {'speed': 24.0}
2026-03-04 19:08:22 - UAVPathPlanner - [32mINFO[0m - 轉彎半徑檢測: 半徑=50m, 速度=24.0m/s, 狀態=warning, 傾斜角=49.6°
2026-03-04 19:08:22 - UAVPathPlanner - [32mINFO[0m - 參數已更新: {'speed': 23.0}
2026-03-04 19:08:22 - UAVPathPlanner - [32mINFO[0m - 轉彎半徑檢測: 半徑=50m, 速度=23.0m/s, 狀態=warning, 傾斜角=47.2°
2026-03-04 19:08:22 - UAVPathPlanner - [32mINFO[0m - 參數已更新: {'speed': 24.0}
2026-03-04 19:08:22 - UAVPathPlanner - [32mINFO[0m - 轉彎半徑檢測: 半徑=50m, 速度=24.0m/s, 狀態=warning, 傾斜角=49.6°
2026-03-04 19:08:22 - UAVPathPlanner - [32mINFO[0m - 參數已更新: {'speed': 25.0}
2026-03-04 19:08:22 - UAVPathPlanner - [32mINFO[0m - 轉彎半徑檢測: 半徑=50m, 速度=25.0m/s, 狀態=warning, 傾斜角=51.9°
2026-03-04 19:08:22 - UAVPathPlanner - [32mINFO[0m - 參數已更新: {'speed': 26.0}
2026-03-04 19:08:22 - UAVPathPlanner - [32mINFO[0m - 轉彎半徑檢測: 半徑=50m, 速度=26.0m/s, 狀態=warning, 傾斜角=54.0°
2026-03-04 19:08:22 - UAVPathPlanner - [32mINFO[0m - 參數已更新: {'speed': 27.0}
2026-03-04 19:08:22 - UAVPathPlanner - [32mINFO[0m - 轉彎半徑檢測: 半徑=50m, 速度=27.0m/s, 狀態=warning, 傾斜角=56.1°
2026-03-04 19:08:22 - UAVPathPlanner - [32mINFO[0m - 參數已更新: {'speed': 28.0}
2026-03-04 19:08:22 - UAVPathPlanner - [32mINFO[0m - 轉彎半徑檢測: 半徑=50m, 速度=28.0m/s, 狀態=warning, 傾斜角=58.0°
2026-03-04 19:08:22 - UAVPathPlanner - [32mINFO[0m - 參數已更新: {'speed': 29.0}
2026-03-04 19:08:22 - UAVPathPlanner - [32mINFO[0m - 轉彎半徑檢測: 半徑=50m, 速度=29.0m/s, 狀態=warning, 傾斜角=59.7°
2026-03-04 19:08:22 - UAVPathPlanner - [32mINFO[0m - 參數已更新: {'speed': 28.0}
2026-03-04 19:08:22 - UAVPathPlanner - [32mINFO[0m - 轉彎半徑檢測: 半徑=50m, 速度=28.0m/s, 狀態=warning, 傾斜角=58.0°
2026-03-04 19:08:22 - UAVPathPlanner - [32mINFO[0m - 參數已更新: {'speed': 27.0}
2026-03-04 19:08:22 - UAVPathPlanner - [32mINFO[0m - 轉彎半徑檢測: 半徑=50m, 速度=27.0m/s, 狀態=warning, 傾斜角=56.1°
2026-03-04 19:08:22 - UAVPathPlanner - [32mINFO[0m - 參數已更新: {'speed': 26.0}
2026-03-04 19:08:22 - UAVPathPlanner - [32mINFO[0m - 轉彎半徑檢測: 半徑=50m, 速度=26.0m/s, 狀態=warning, 傾斜角=54.0°
2026-03-04 19:08:22 - UAVPathPlanner - [32mINFO[0m - 參數已更新: {'speed': 25.0}
2026-03-04 19:08:22 - UAVPathPlanner - [32mINFO[0m - 轉彎半徑檢測: 半徑=50m, 速度=25.0m/s, 狀態=warning, 傾斜角=51.9°
2026-03-04 19:08:22 - UAVPathPlanner - [32mINFO[0m - 參數已更新: {'speed': 24.0}
2026-03-04 19:08:22 - UAVPathPlanner - [32mINFO[0m - 轉彎半徑檢測: 半徑=50m, 速度=24.0m/s, 狀態=warning, 傾斜角=49.6°
2026-03-04 19:08:22 - UAVPathPlanner - [32mINFO[0m - 參數已更新: {'speed': 23.0}
2026-03-04 19:08:22 - UAVPathPlanner - [32mINFO[0m - 轉彎半徑檢測: 半徑=50m, 速度=23.0m/s, 狀態=warning, 傾斜角=47.2°
2026-03-04 19:08:22 - UAVPathPlanner - [32mINFO[0m - 參數已更新: {'speed': 24.0}
2026-03-04 19:08:22 - UAVPathPlanner - [32mINFO[0m - 轉彎半徑檢測: 半徑=50m, 速度=24.0m/s, 狀態=warning, 傾斜角=49.6°
2026-03-04 19:08:22 - UAVPathPlanner - [32mINFO[0m - 參數已更新: {'speed': 25.0}
2026-03-04 19:08:22 - UAVPathPlanner - [32mINFO[0m - 轉彎半徑檢測: 半徑=50m, 速度=25.0m/s, 狀態=warning, 傾斜角=51.9°
2026-03-04 19:08:22 - UAVPathPlanner - [32mINFO[0m - 參數已更新: {'speed': 26.0}
2026-03-04 19:08:22 - UAVPathPlanner - [32mINFO[0m - 轉彎半徑檢測: 半徑=50m, 速度=26.0m/s, 狀態=warning, 傾斜角=54.0°
2026-03-04 19:08:22 - UAVPathPlanner - [32mINFO[0m - 參數已更新: {'speed': 27.0}
2026-03-04 19:08:22 - UAVPathPlanner - [32mINFO[0m - 轉彎半徑檢測: 半徑=50m, 速度=27.0m/s, 狀態=warning, 傾斜角=56.1°
2026-03-04 19:08:22 - UAVPathPlanner - [32mINFO[0m - 參數已更新: {'speed': 28.0}
2026-03-04 19:08:22 - UAVPathPlanner - [32mINFO[0m - 轉彎半徑檢測: 半徑=50m, 速度=28.0m/s, 狀態=warning, 傾斜角=58.0°
2026-03-04 19:08:22 - UAVPathPlanner - [32mINFO[0m - 參數已更新: {'speed': 29.0}
2026-03-04 19:08:22 - UAVPathPlanner - [32mINFO[0m - 轉彎半徑檢測: 半徑=50m, 速度=29.0m/s, 狀態=warning, 傾斜角=59.7°
2026-03-04 19:08:23 - UAVPathPlanner - [32mINFO[0m - 參數已更新: {'speed': 28.0}
2026-03-04 19:08:23 - UAVPathPlanner - [32mINFO[0m - 轉彎半徑檢測: 半徑=50m, 速度=28.0m/s, 狀態=warning, 傾斜角=58.0°
2026-03-04 19:08:23 - UAVPathPlanner - [32mINFO[0m - 參數已更新: {'speed': 27.0}
2026-03-04 19:08:23 - UAVPathPlanner - [32mINFO[0m - 轉彎半徑檢測: 半徑=50m, 速度=27.0m/s, 狀態=warning, 傾斜角=56.1°
2026-03-04 19:08:23 - UAVPathPlanner - [32mINFO[0m - 參數已更新: {'speed': 26.0}
2026-03-04 19:08:23 - UAVPathPlanner - [32mINFO[0m - 轉彎半徑檢測: 半徑=50m, 速度=26.0m/s, 狀態=warning, 傾斜角=54.0°
2026-03-04 19:08:23 - UAVPathPlanner - [32mINFO[0m - 參數已更新: {'speed': 25.0}
2026-03-04 19:08:23 - UAVPathPlanner - [32mINFO[0m - 轉彎半徑檢測: 半徑=50m, 速度=25.0m/s, 狀態=warning, 傾斜角=51.9°
2026-03-04 19:08:23 - UAVPathPlanner - [32mINFO[0m - 參數已更新: {'speed': 26.0}
2026-03-04 19:08:23 - UAVPathPlanner - [32mINFO[0m - 轉彎半徑檢測: 半徑=50m, 速度=26.0m/s, 狀態=warning, 傾斜角=54.0°
2026-03-04 19:08:23 - UAVPathPlanner - [32mINFO[0m - 參數已更新: {'speed': 27.0}
2026-03-04 19:08:23 - UAVPathPlanner - [32mINFO[0m - 轉彎半徑檢測: 半徑=50m, 速度=27.0m/s, 狀態=warning, 傾斜角=56.1°
2026-03-04 19:08:23 - UAVPathPlanner - [32mINFO[0m - 參數已更新: {'speed': 28.0}
2026-03-04 19:08:23 - UAVPathPlanner - [32mINFO[0m - 轉彎半徑檢測: 半徑=50m, 速度=28.0m/s, 狀態=warning, 傾斜角=58.0°
2026-03-04 19:08:24 - UAVPathPlanner - [32mINFO[0m - 參數已更新: {'speed': 29.0}
2026-03-04 19:08:24 - UAVPathPlanner - [32mINFO[0m - 轉彎半徑檢測: 半徑=50m, 速度=29.0m/s, 狀態=warning, 傾斜角=59.7°
2026-03-04 19:08:24 - UAVPathPlanner - [32mINFO[0m - 參數已更新: {'speed': 30.0}
2026-03-04 19:08:24 - UAVPathPlanner - [32mINFO[0m - 轉彎半徑檢測: 半徑=50m, 速度=30.0m/s, 狀態=warning, 傾斜角=61.4°
2026-03-04 19:08:29 - UAVPathPlanner - [32mINFO[0m - 參數已更新: {'turn_radius': 49.0}
2026-03-04 19:08:29 - UAVPathPlanner - [32mINFO[0m - 轉彎半徑檢測: 半徑=49m, 速度=30.0m/s, 狀態=warning, 傾斜角=61.9°
2026-03-04 19:08:30 - UAVPathPlanner - [32mINFO[0m - 參數已更新: {'turn_radius': 50.0}
2026-03-04 19:08:30 - UAVPathPlanner - [32mINFO[0m - 轉彎半徑檢測: 半徑=50m, 速度=30.0m/s, 狀態=warning, 傾斜角=61.4°
2026-03-04 19:08:30 - UAVPathPlanner - [32mINFO[0m - 參數已更新: {'turn_radius': 51.0}
2026-03-04 19:08:30 - UAVPathPlanner - [32mINFO[0m - 轉彎半徑檢測: 半徑=51m, 速度=30.0m/s, 狀態=warning, 傾斜角=60.9°
2026-03-04 19:08:30 - UAVPathPlanner - [32mINFO[0m - 參數已更新: {'turn_radius': 52.0}
2026-03-04 19:08:30 - UAVPathPlanner - [32mINFO[0m - 轉彎半徑檢測: 半徑=52m, 速度=30.0m/s, 狀態=warning, 傾斜角=60.5°
2026-03-04 19:08:30 - UAVPathPlanner - [32mINFO[0m - 參數已更新: {'turn_radius': 53.0}
2026-03-04 19:08:30 - UAVPathPlanner - [32mINFO[0m - 轉彎半徑檢測: 半徑=53m, 速度=30.0m/s, 狀態=warning, 傾斜角=60.0°
2026-03-04 19:08:30 - UAVPathPlanner - [32mINFO[0m - 參數已更新: {'turn_radius': 54.0}
2026-03-04 19:08:30 - UAVPathPlanner - [32mINFO[0m - 轉彎半徑檢測: 半徑=54m, 速度=30.0m/s, 狀態=warning, 傾斜角=59.5°
2026-03-04 19:08:30 - UAVPathPlanner - [32mINFO[0m - 參數已更新: {'turn_radius': 55.0}
2026-03-04 19:08:30 - UAVPathPlanner - [32mINFO[0m - 轉彎半徑檢測: 半徑=55m, 速度=30.0m/s, 狀態=warning, 傾斜角=59.1°
2026-03-04 19:08:30 - UAVPathPlanner - [32mINFO[0m - 參數已更新: {'turn_radius': 56.0}
2026-03-04 19:08:30 - UAVPathPlanner - [32mINFO[0m - 轉彎半徑檢測: 半徑=56m, 速度=30.0m/s, 狀態=warning, 傾斜角=58.6°
2026-03-04 19:08:30 - UAVPathPlanner - [32mINFO[0m - 參數已更新: {'turn_radius': 57.0}
2026-03-04 19:08:30 - UAVPathPlanner - [32mINFO[0m - 轉彎半徑檢測: 半徑=57m, 速度=30.0m/s, 狀態=warning, 傾斜角=58.1°
2026-03-04 19:08:30 - UAVPathPlanner - [32mINFO[0m - 參數已更新: {'turn_radius': 59.0}
2026-03-04 19:08:30 - UAVPathPlanner - [32mINFO[0m - 轉彎半徑檢測: 半徑=59m, 速度=30.0m/s, 狀態=warning, 傾斜角=57.3°
2026-03-04 19:08:30 - UAVPathPlanner - [32mINFO[0m - 參數已更新: {'turn_radius': 60.0}
2026-03-04 19:08:30 - UAVPathPlanner - [32mINFO[0m - 轉彎半徑檢測: 半徑=60m, 速度=30.0m/s, 狀態=warning, 傾斜角=56.8°
2026-03-04 19:08:30 - UAVPathPlanner - [32mINFO[0m - 參數已更新: {'turn_radius': 61.0}
2026-03-04 19:08:30 - UAVPathPlanner - [32mINFO[0m - 轉彎半徑檢測: 半徑=61m, 速度=30.0m/s, 狀態=warning, 傾斜角=56.4°
2026-03-04 19:08:30 - UAVPathPlanner - [32mINFO[0m - 參數已更新: {'turn_radius': 63.0}
2026-03-04 19:08:30 - UAVPathPlanner - [32mINFO[0m - 轉彎半徑檢測: 半徑=63m, 速度=30.0m/s, 狀態=warning, 傾斜角=55.5°
2026-03-04 19:08:30 - UAVPathPlanner - [32mINFO[0m - 參數已更新: {'turn_radius': 64.0}
2026-03-04 19:08:30 - UAVPathPlanner - [32mINFO[0m - 轉彎半徑檢測: 半徑=64m, 速度=30.0m/s, 狀態=warning, 傾斜角=55.1°
2026-03-04 19:08:30 - UAVPathPlanner - [32mINFO[0m - 參數已更新: {'turn_radius': 67.0}
2026-03-04 19:08:30 - UAVPathPlanner - [32mINFO[0m - 轉彎半徑檢測: 半徑=67m, 速度=30.0m/s, 狀態=warning, 傾斜角=53.9°
2026-03-04 19:08:30 - UAVPathPlanner - [32mINFO[0m - 參數已更新: {'turn_radius': 70.0}
2026-03-04 19:08:30 - UAVPathPlanner - [32mINFO[0m - 轉彎半徑檢測: 半徑=70m, 速度=30.0m/s, 狀態=warning, 傾斜角=52.7°
2026-03-04 19:08:30 - UAVPathPlanner - [32mINFO[0m - 參數已更新: {'turn_radius': 72.0}
2026-03-04 19:08:30 - UAVPathPlanner - [32mINFO[0m - 轉彎半徑檢測: 半徑=72m, 速度=30.0m/s, 狀態=warning, 傾斜角=51.9°
2026-03-04 19:08:30 - UAVPathPlanner - [32mINFO[0m - 參數已更新: {'turn_radius': 73.0}
2026-03-04 19:08:30 - UAVPathPlanner - [32mINFO[0m - 轉彎半徑檢測: 半徑=73m, 速度=30.0m/s, 狀態=warning, 傾斜角=51.5°
2026-03-04 19:08:30 - UAVPathPlanner - [32mINFO[0m - 參數已更新: {'turn_radius': 74.0}
2026-03-04 19:08:30 - UAVPathPlanner - [32mINFO[0m - 轉彎半徑檢測: 半徑=74m, 速度=30.0m/s, 狀態=warning, 傾斜角=51.1°
2026-03-04 19:08:30 - UAVPathPlanner - [32mINFO[0m - 參數已更新: {'turn_radius': 75.0}
2026-03-04 19:08:30 - UAVPathPlanner - [32mINFO[0m - 轉彎半徑檢測: 半徑=75m, 速度=30.0m/s, 狀態=warning, 傾斜角=50.7°
2026-03-04 19:08:30 - UAVPathPlanner - [32mINFO[0m - 參數已更新: {'turn_radius': 76.0}
2026-03-04 19:08:30 - UAVPathPlanner - [32mINFO[0m - 轉彎半徑檢測: 半徑=76m, 速度=30.0m/s, 狀態=warning, 傾斜角=50.4°
2026-03-04 19:08:30 - UAVPathPlanner - [32mINFO[0m - 參數已更新: {'turn_radius': 77.0}
2026-03-04 19:08:30 - UAVPathPlanner - [32mINFO[0m - 轉彎半徑檢測: 半徑=77m, 速度=30.0m/s, 狀態=warning, 傾斜角=50.0°
2026-03-04 19:08:30 - UAVPathPlanner - [32mINFO[0m - 參數已更新: {'turn_radius': 78.0}
2026-03-04 19:08:30 - UAVPathPlanner - [32mINFO[0m - 轉彎半徑檢測: 半徑=78m, 速度=30.0m/s, 狀態=warning, 傾斜角=49.6°
2026-03-04 19:08:30 - UAVPathPlanner - [32mINFO[0m - 參數已更新: {'turn_radius': 79.0}
2026-03-04 19:08:30 - UAVPathPlanner - [32mINFO[0m - 轉彎半徑檢測: 半徑=79m, 速度=30.0m/s, 狀態=warning, 傾斜角=49.3°
2026-03-04 19:08:30 - UAVPathPlanner - [32mINFO[0m - 參數已更新: {'turn_radius': 80.0}
2026-03-04 19:08:30 - UAVPathPlanner - [32mINFO[0m - 轉彎半徑檢測: 半徑=80m, 速度=30.0m/s, 狀態=warning, 傾斜角=48.9°
2026-03-04 19:08:30 - UAVPathPlanner - [32mINFO[0m - 參數已更新: {'turn_radius': 81.0}
2026-03-04 19:08:30 - UAVPathPlanner - [32mINFO[0m - 轉彎半徑檢測: 半徑=81m, 速度=30.0m/s, 狀態=warning, 傾斜角=48.6°
2026-03-04 19:08:30 - UAVPathPlanner - [32mINFO[0m - 參數已更新: {'turn_radius': 82.0}
2026-03-04 19:08:30 - UAVPathPlanner - [32mINFO[0m - 轉彎半徑檢測: 半徑=82m, 速度=30.0m/s, 狀態=warning, 傾斜角=48.2°
2026-03-04 19:08:31 - UAVPathPlanner - [32mINFO[0m - 參數已更新: {'turn_radius': 83.0}
2026-03-04 19:08:31 - UAVPathPlanner - [32mINFO[0m - 轉彎半徑檢測: 半徑=83m, 速度=30.0m/s, 狀態=warning, 傾斜角=47.9°
2026-03-04 19:08:31 - UAVPathPlanner - [32mINFO[0m - 參數已更新: {'turn_radius': 84.0}
2026-03-04 19:08:31 - UAVPathPlanner - [32mINFO[0m - 轉彎半徑檢測: 半徑=84m, 速度=30.0m/s, 狀態=warning, 傾斜角=47.5°
2026-03-04 19:08:31 - UAVPathPlanner - [32mINFO[0m - 參數已更新: {'turn_radius': 85.0}
2026-03-04 19:08:31 - UAVPathPlanner - [32mINFO[0m - 轉彎半徑檢測: 半徑=85m, 速度=30.0m/s, 狀態=warning, 傾斜角=47.2°
2026-03-04 19:08:31 - UAVPathPlanner - [32mINFO[0m - 參數已更新: {'turn_radius': 86.0}
2026-03-04 19:08:31 - UAVPathPlanner - [32mINFO[0m - 轉彎半徑檢測: 半徑=86m, 速度=30.0m/s, 狀態=warning, 傾斜角=46.9°
2026-03-04 19:08:31 - UAVPathPlanner - [32mINFO[0m - 參數已更新: {'turn_radius': 87.0}
2026-03-04 19:08:31 - UAVPathPlanner - [32mINFO[0m - 轉彎半徑檢測: 半徑=87m, 速度=30.0m/s, 狀態=warning, 傾斜角=46.5°
2026-03-04 19:08:31 - UAVPathPlanner - [32mINFO[0m - 參數已更新: {'turn_radius': 88.0}
2026-03-04 19:08:31 - UAVPathPlanner - [32mINFO[0m - 轉彎半徑檢測: 半徑=88m, 速度=30.0m/s, 狀態=warning, 傾斜角=46.2°
2026-03-04 19:08:31 - UAVPathPlanner - [32mINFO[0m - 參數已更新: {'turn_radius': 89.0}
2026-03-04 19:08:31 - UAVPathPlanner - [32mINFO[0m - 轉彎半徑檢測: 半徑=89m, 速度=30.0m/s, 狀態=warning, 傾斜角=45.9°
2026-03-04 19:08:32 - UAVPathPlanner - [32mINFO[0m - 參數已更新: {'turn_radius': 90.0}
2026-03-04 19:08:32 - UAVPathPlanner - [32mINFO[0m - 轉彎半徑檢測: 半徑=90m, 速度=30.0m/s, 狀態=warning, 傾斜角=45.5°
2026-03-04 19:08:32 - UAVPathPlanner - [32mINFO[0m - 參數已更新: {'turn_radius': 91.0}
2026-03-04 19:08:32 - UAVPathPlanner - [32mINFO[0m - 轉彎半徑檢測: 半徑=91m, 速度=30.0m/s, 狀態=warning, 傾斜角=45.2°
2026-03-04 19:08:32 - UAVPathPlanner - [32mINFO[0m - 參數已更新: {'turn_radius': 90.0}
2026-03-04 19:08:32 - UAVPathPlanner - [32mINFO[0m - 轉彎半徑檢測: 半徑=90m, 速度=30.0m/s, 狀態=warning, 傾斜角=45.5°
2026-03-04 19:08:33 - UAVPathPlanner - [32mINFO[0m - 轉彎半徑檢測: 半徑=90m, 速度=30.0m/s, 狀態=warning, 傾斜角=45.5°
2026-03-04 19:08:34 - UAVPathPlanner - [32mINFO[0m - 轉彎半徑檢測: 半徑=90m, 速度=30.0m/s, 狀態=warning, 傾斜角=45.5°
2026-03-04 19:08:36 - UAVPathPlanner - [32mINFO[0m - 固定翼任務生成: 131 個航點, 總距離 4017m, 轉彎半徑=90m
2026-03-04 19:08:36 - UAVPathPlanner - [32mINFO[0m - 請求預覽路徑
2026-03-04 19:44:01 - UAVPathPlanner - [32mINFO[0m - 🖱️ 收到地圖點擊: (23.710808, 120.425667), 編輯模式=True
2026-03-04 19:44:01 - UAVPathPlanner - [32mINFO[0m - 新增角點 #1: (23.710808, 120.425667)
2026-03-04 19:44:01 - UAVPathPlanner - [32mINFO[0m - 新增邊界點 #1: (23.710808, 120.425667) [剩餘: 99]
2026-03-04 19:44:01 - UAVPathPlanner - [32mINFO[0m - ✅ 添加角點成功 (總數: 1)
2026-03-04 19:44:02 - UAVPathPlanner - [32mINFO[0m - 應用程式關閉
2026-03-04 19:44:02 - UAVPathPlanner - [32mINFO[0m - UAV Path Planner 已退出
2026-03-04 19:54:29 - UAVPathPlanner - [32mINFO[0m - ============================================================
2026-03-04 19:54:29 - UAVPathPlanner - [32mINFO[0m - UAV Path Planner 啟動
2026-03-04 19:54:29 - UAVPathPlanner - [32mINFO[0m - 版本: 2.0.0
2026-03-04 19:54:29 - UAVPathPlanner - [32mINFO[0m - ============================================================
2026-03-04 19:54:29 - UAVPathPlanner - [32mINFO[0m - 配置文件: 使用預設配置
2026-03-04 19:54:29 - UAVPathPlanner - [32mINFO[0m - 飛行器配置載入成功: 4 種類型
2026-03-04 19:54:29 - UAVPathPlanner - [32mINFO[0m - 啟動 GUI 模式...
2026-03-04 19:54:29 - UAVPathPlanner - [32mINFO[0m - QtWebEngineWidgets 載入成功
2026-03-04 19:54:29 - UAVPathPlanner - [32mINFO[0m - 地圖初始化成功
2026-03-04 19:54:29 - UAVPathPlanner - [32mINFO[0m - 地圖組件初始化完成
2026-03-04 19:54:29 - UAVPathPlanner - [32mINFO[0m - 參數面板初始化完成
2026-03-04 19:54:29 - UAVPathPlanner - [32mINFO[0m - 任務面板初始化完成
2026-03-04 19:54:29 - UAVPathPlanner - [32mINFO[0m - 快捷鍵設置完成: Enter=生成路徑, Delete=刪除角點, Esc=清除路徑
2026-03-04 19:54:29 - UAVPathPlanner - [33mWARNING[0m - 樣式表不存在: c:\Users\joy46\Documents\DWA_path_planner-main\ui\resources\styles\dark_theme.qss
2026-03-04 19:54:29 - UAVPathPlanner - [32mINFO[0m - 主視窗初始化完成
2026-03-04 19:54:30 - UAVPathPlanner - [32mINFO[0m - GUI 啟動成功
2026-03-04 19:54:33 - UAVPathPlanner - [32mINFO[0m - 參數已更新: {'vehicle_model': ''}
2026-03-04 19:54:33 - UAVPathPlanner - [32mINFO[0m - 載具型號變更: 
2026-03-04 19:54:33 - UAVPathPlanner - [32mINFO[0m - 參數已更新: {'vehicle_model': '衝浪者 (Surfer)'}
2026-03-04 19:54:33 - UAVPathPlanner - [32mINFO[0m - 參數已更新: {'speed': 18.0}
2026-03-04 19:54:33 - UAVPathPlanner - [32mINFO[0m - 轉彎半徑檢測: 半徑=50m, 速度=18.0m/s, 狀態=ok, 傾斜角=33.4°
2026-03-04 19:54:33 - UAVPathPlanner - [32mINFO[0m - 參數已更新: {'altitude': 100.0}
2026-03-04 19:54:33 - UAVPathPlanner - [32mINFO[0m - 轉彎半徑檢測: 半徑=50m, 速度=18.0m/s, 狀態=ok, 傾斜角=33.4°
2026-03-04 19:54:33 - UAVPathPlanner - [32mINFO[0m - 載具型號變更: 衝浪者 (Surfer)
2026-03-04 19:54:33 - UAVPathPlanner - [32mINFO[0m - 參數已更新: {'vehicle_type': '固定翼'}
2026-03-04 19:54:33 - UAVPathPlanner - [32mINFO[0m - 轉彎半徑檢測: 半徑=50m, 速度=18.0m/s, 狀態=ok, 傾斜角=33.4°
2026-03-04 19:54:33 - UAVPathPlanner - [32mINFO[0m - 載具類型變更: 固定翼
2026-03-04 19:54:34 - UAVPathPlanner - [32mINFO[0m - 演算法變更: spiral
2026-03-04 19:54:34 - UAVPathPlanner - [32mINFO[0m - 參數已更新: {'algorithm': 'spiral'}
2026-03-04 19:54:34 - UAVPathPlanner - [32mINFO[0m - 演算法變更: spiral - 螺旋掃描：從外圍向中心螺旋掃描
2026-03-04 19:54:36 - UAVPathPlanner - [32mINFO[0m - 進入起飛點選模式
2026-03-04 19:54:38 - UAVPathPlanner - [32mINFO[0m - 🖱️ 收到地圖點擊: (23.702026, 120.423195), 編輯模式=True
2026-03-04 19:54:38 - UAVPathPlanner - [32mINFO[0m - 新增角點 #1: (23.702026, 120.423195)
2026-03-04 19:54:38 - UAVPathPlanner - [32mINFO[0m - 起飛點設定: (23.702026, 120.423195)
2026-03-04 19:54:38 - UAVPathPlanner - [32mINFO[0m - ✅ 添加角點成功 (總數: 0)
2026-03-04 19:57:11 - UAVPathPlanner - [32mINFO[0m - 參數已更新: {'fw_final_dist': 399.0}
2026-03-04 19:57:11 - UAVPathPlanner - [32mINFO[0m - 參數已更新: {'fw_final_dist': 398.0}
2026-03-04 19:57:11 - UAVPathPlanner - [32mINFO[0m - 參數已更新: {'fw_final_dist': 397.0}
2026-03-04 19:57:11 - UAVPathPlanner - [32mINFO[0m - 參數已更新: {'fw_final_dist': 396.0}
2026-03-04 19:57:11 - UAVPathPlanner - [32mINFO[0m - 參數已更新: {'fw_final_dist': 395.0}
2026-03-04 19:57:11 - UAVPathPlanner - [32mINFO[0m - 參數已更新: {'spacing': 19.0}
2026-03-04 19:57:11 - UAVPathPlanner - [32mINFO[0m - 參數已更新: {'spacing': 18.0}
2026-03-04 19:57:11 - UAVPathPlanner - [32mINFO[0m - 參數已更新: {'spacing': 17.0}
2026-03-04 19:57:13 - UAVPathPlanner - [32mINFO[0m - 圓形拖曳模式: 啟用
2026-03-04 19:57:13 - UAVPathPlanner - [32mINFO[0m - 進入地圖拖曳定義圓形模式
2026-03-04 19:57:19 - UAVPathPlanner - [32mINFO[0m - 參數已更新: {'circle_center_lat': 23.70205544369525}
2026-03-04 19:57:19 - UAVPathPlanner - [32mINFO[0m - 參數已更新: {'circle_center_lon': 120.42316859965379}
2026-03-04 19:57:19 - UAVPathPlanner - [32mINFO[0m - 參數已更新: {'circle_max_radius': 300}
2026-03-04 19:57:19 - UAVPathPlanner - [32mINFO[0m - 拖曳圓形定義：圓心=23.702055,120.423169, r=300.0m
2026-03-04 19:57:19 - UAVPathPlanner - [32mINFO[0m - 圓形定義完成: (23.702055, 120.423169), r=300.0m
2026-03-04 19:57:20 - UAVPathPlanner - [32mINFO[0m - 插入進場弧：22 個弧段點，起飛→任務轉向平滑化
2026-03-04 19:57:20 - UAVPathPlanner - [32mINFO[0m - 插入離場弧：22 個弧段點，任務→五邊進場銜接平滑化
2026-03-04 19:57:20 - UAVPathPlanner - [33mWARNING[0m - [WP 限制] 固定翼單區任務: 891 → 591 航點（Mission Planner 上限 655）
2026-03-04 19:57:22 - UAVPathPlanner - [32mINFO[0m - 固定翼任務生成: 891 個航點, 總距離 17253m, 轉彎半徑=50m
2026-03-04 19:57:22 - UAVPathPlanner - [32mINFO[0m - 請求預覽路徑
2026-03-04 19:57:33 - UAVPathPlanner - [32mINFO[0m - 參數已更新: {'spacing': 18.0}
2026-03-04 19:57:33 - UAVPathPlanner - [32mINFO[0m - 參數已更新: {'spacing': 19.0}
2026-03-04 19:57:33 - UAVPathPlanner - [32mINFO[0m - 參數已更新: {'spacing': 20.0}
2026-03-04 19:57:33 - UAVPathPlanner - [32mINFO[0m - 參數已更新: {'spacing': 21.0}
2026-03-04 19:57:33 - UAVPathPlanner - [32mINFO[0m - 參數已更新: {'spacing': 22.0}
2026-03-04 19:57:34 - UAVPathPlanner - [32mINFO[0m - 參數已更新: {'spacing': 23.0}
2026-03-04 19:57:34 - UAVPathPlanner - [32mINFO[0m - 參數已更新: {'spacing': 24.0}
2026-03-04 19:57:34 - UAVPathPlanner - [32mINFO[0m - 參數已更新: {'spacing': 25.0}
2026-03-04 19:57:34 - UAVPathPlanner - [32mINFO[0m - 參數已更新: {'spacing': 27.0}
2026-03-04 19:57:34 - UAVPathPlanner - [32mINFO[0m - 參數已更新: {'spacing': 28.0}
2026-03-04 19:57:34 - UAVPathPlanner - [32mINFO[0m - 參數已更新: {'spacing': 29.0}
2026-03-04 19:57:34 - UAVPathPlanner - [32mINFO[0m - 參數已更新: {'spacing': 30.0}
2026-03-04 19:57:34 - UAVPathPlanner - [32mINFO[0m - 參數已更新: {'spacing': 31.0}
2026-03-04 19:57:34 - UAVPathPlanner - [32mINFO[0m - 參數已更新: {'spacing': 32.0}
2026-03-04 19:57:34 - UAVPathPlanner - [32mINFO[0m - 參數已更新: {'spacing': 33.0}
2026-03-04 19:57:34 - UAVPathPlanner - [32mINFO[0m - 參數已更新: {'spacing': 34.0}
2026-03-04 19:57:34 - UAVPathPlanner - [32mINFO[0m - 參數已更新: {'spacing': 35.0}
2026-03-04 19:57:34 - UAVPathPlanner - [32mINFO[0m - 參數已更新: {'spacing': 36.0}
2026-03-04 19:57:34 - UAVPathPlanner - [32mINFO[0m - 參數已更新: {'spacing': 37.0}
2026-03-04 19:57:34 - UAVPathPlanner - [32mINFO[0m - 參數已更新: {'spacing': 38.0}
2026-03-04 19:57:34 - UAVPathPlanner - [32mINFO[0m - 參數已更新: {'spacing': 39.0}
2026-03-04 19:57:34 - UAVPathPlanner - [32mINFO[0m - 參數已更新: {'spacing': 40.0}
2026-03-04 19:57:34 - UAVPathPlanner - [32mINFO[0m - 參數已更新: {'spacing': 41.0}
2026-03-04 19:57:34 - UAVPathPlanner - [32mINFO[0m - 參數已更新: {'spacing': 42.0}
2026-03-04 19:57:34 - UAVPathPlanner - [32mINFO[0m - 參數已更新: {'spacing': 43.0}
2026-03-04 19:57:34 - UAVPathPlanner - [32mINFO[0m - 參數已更新: {'spacing': 44.0}
2026-03-04 19:57:34 - UAVPathPlanner - [32mINFO[0m - 參數已更新: {'spacing': 45.0}
2026-03-04 19:57:35 - UAVPathPlanner - [32mINFO[0m - 參數已更新: {'spacing': 46.0}
2026-03-04 19:57:35 - UAVPathPlanner - [32mINFO[0m - 參數已更新: {'spacing': 47.0}
2026-03-04 19:57:35 - UAVPathPlanner - [32mINFO[0m - 參數已更新: {'spacing': 48.0}
2026-03-04 19:57:35 - UAVPathPlanner - [32mINFO[0m - 參數已更新: {'spacing': 49.0}
2026-03-04 19:57:35 - UAVPathPlanner - [32mINFO[0m - 參數已更新: {'spacing': 50.0}
2026-03-04 19:57:35 - UAVPathPlanner - [32mINFO[0m - 參數已更新: {'spacing': 51.0}
2026-03-04 19:57:35 - UAVPathPlanner - [32mINFO[0m - 參數已更新: {'spacing': 52.0}
2026-03-04 19:57:35 - UAVPathPlanner - [32mINFO[0m - 參數已更新: {'spacing': 53.0}
2026-03-04 19:57:35 - UAVPathPlanner - [32mINFO[0m - 參數已更新: {'spacing': 55.0}
2026-03-04 19:57:35 - UAVPathPlanner - [32mINFO[0m - 參數已更新: {'spacing': 56.0}
2026-03-04 19:57:35 - UAVPathPlanner - [32mINFO[0m - 參數已更新: {'spacing': 58.0}
2026-03-04 19:57:35 - UAVPathPlanner - [32mINFO[0m - 參數已更新: {'spacing': 59.0}
2026-03-04 19:57:35 - UAVPathPlanner - [32mINFO[0m - 參數已更新: {'spacing': 60.0}
2026-03-04 19:57:36 - UAVPathPlanner - [32mINFO[0m - 參數已更新: {'spacing': 61.0}
2026-03-04 19:57:36 - UAVPathPlanner - [32mINFO[0m - 參數已更新: {'spacing': 62.0}
2026-03-04 19:57:36 - UAVPathPlanner - [32mINFO[0m - 參數已更新: {'spacing': 63.0}
2026-03-04 19:57:36 - UAVPathPlanner - [32mINFO[0m - 參數已更新: {'spacing': 64.0}
2026-03-04 19:57:36 - UAVPathPlanner - [32mINFO[0m - 參數已更新: {'spacing': 65.0}
2026-03-04 19:57:36 - UAVPathPlanner - [32mINFO[0m - 參數已更新: {'spacing': 66.0}
2026-03-04 19:57:36 - UAVPathPlanner - [32mINFO[0m - 參數已更新: {'spacing': 67.0}
2026-03-04 19:57:36 - UAVPathPlanner - [32mINFO[0m - 參數已更新: {'spacing': 68.0}
2026-03-04 19:57:36 - UAVPathPlanner - [32mINFO[0m - 參數已更新: {'spacing': 69.0}
2026-03-04 19:57:36 - UAVPathPlanner - [32mINFO[0m - 參數已更新: {'spacing': 70.0}
2026-03-04 19:57:36 - UAVPathPlanner - [32mINFO[0m - 參數已更新: {'spacing': 71.0}
2026-03-04 19:57:36 - UAVPathPlanner - [32mINFO[0m - 參數已更新: {'spacing': 72.0}
2026-03-04 19:57:36 - UAVPathPlanner - [32mINFO[0m - 參數已更新: {'spacing': 73.0}
2026-03-04 19:57:36 - UAVPathPlanner - [32mINFO[0m - 參數已更新: {'spacing': 74.0}
2026-03-04 19:57:36 - UAVPathPlanner - [32mINFO[0m - 參數已更新: {'spacing': 76.0}
2026-03-04 19:57:36 - UAVPathPlanner - [32mINFO[0m - 參數已更新: {'spacing': 77.0}
2026-03-04 19:57:36 - UAVPathPlanner - [32mINFO[0m - 參數已更新: {'spacing': 79.0}
2026-03-04 19:57:36 - UAVPathPlanner - [32mINFO[0m - 參數已更新: {'spacing': 81.0}
2026-03-04 19:57:36 - UAVPathPlanner - [32mINFO[0m - 參數已更新: {'spacing': 83.0}
2026-03-04 19:57:36 - UAVPathPlanner - [32mINFO[0m - 參數已更新: {'spacing': 84.0}
2026-03-04 19:57:36 - UAVPathPlanner - [32mINFO[0m - 參數已更新: {'spacing': 86.0}
2026-03-04 19:57:36 - UAVPathPlanner - [32mINFO[0m - 參數已更新: {'spacing': 88.0}
2026-03-04 19:57:36 - UAVPathPlanner - [32mINFO[0m - 參數已更新: {'spacing': 90.0}
2026-03-04 19:57:36 - UAVPathPlanner - [32mINFO[0m - 參數已更新: {'spacing': 91.0}
2026-03-04 19:57:36 - UAVPathPlanner - [32mINFO[0m - 參數已更新: {'spacing': 93.0}
2026-03-04 19:57:36 - UAVPathPlanner - [32mINFO[0m - 參數已更新: {'spacing': 94.0}
2026-03-04 19:57:36 - UAVPathPlanner - [32mINFO[0m - 參數已更新: {'spacing': 95.0}
2026-03-04 19:57:36 - UAVPathPlanner - [32mINFO[0m - 參數已更新: {'spacing': 96.0}
2026-03-04 19:57:36 - UAVPathPlanner - [32mINFO[0m - 參數已更新: {'spacing': 98.0}
2026-03-04 19:57:36 - UAVPathPlanner - [32mINFO[0m - 參數已更新: {'spacing': 99.0}
2026-03-04 19:57:36 - UAVPathPlanner - [32mINFO[0m - 參數已更新: {'spacing': 100.0}
2026-03-04 19:57:37 - UAVPathPlanner - [32mINFO[0m - 插入進場弧：22 個弧段點，起飛→任務轉向平滑化
2026-03-04 19:57:37 - UAVPathPlanner - [32mINFO[0m - 插入離場弧：22 個弧段點，任務→五邊進場銜接平滑化
2026-03-04 19:57:40 - UAVPathPlanner - [32mINFO[0m - 固定翼任務生成: 209 個航點, 總距離 4308m, 轉彎半徑=50m
2026-03-04 19:57:40 - UAVPathPlanner - [32mINFO[0m - 請求預覽路徑
2026-03-04 19:57:54 - UAVPathPlanner - [32mINFO[0m - 固定翼任務匯出: C:/Users/joy46/Downloads/固定翼任務_100m.waypoints
2026-03-04 19:57:54 - UAVPathPlanner - [32mINFO[0m - 請求匯出航點
2026-03-04 20:04:45 - UAVPathPlanner - [32mINFO[0m - 應用程式關閉
2026-03-04 20:04:45 - UAVPathPlanner - [32mINFO[0m - UAV Path Planner 已退出
2026-03-04 20:09:13 - UAVPathPlanner - [32mINFO[0m - ============================================================
2026-03-04 20:09:13 - UAVPathPlanner - [32mINFO[0m - UAV Path Planner 啟動
2026-03-04 20:09:13 - UAVPathPlanner - [32mINFO[0m - 版本: 2.0.0
2026-03-04 20:09:13 - UAVPathPlanner - [32mINFO[0m - ============================================================
2026-03-04 20:09:13 - UAVPathPlanner - [32mINFO[0m - 配置文件: 使用預設配置
2026-03-04 20:09:13 - UAVPathPlanner - [32mINFO[0m - 飛行器配置載入成功: 4 種類型
2026-03-04 20:09:13 - UAVPathPlanner - [32mINFO[0m - 啟動 GUI 模式...
2026-03-04 20:09:13 - UAVPathPlanner - [32mINFO[0m - QtWebEngineWidgets 載入成功
2026-03-04 20:09:14 - UAVPathPlanner - [32mINFO[0m - 地圖初始化成功
2026-03-04 20:09:14 - UAVPathPlanner - [32mINFO[0m - 地圖組件初始化完成
2026-03-04 20:09:14 - UAVPathPlanner - [32mINFO[0m - 參數面板初始化完成
2026-03-04 20:09:14 - UAVPathPlanner - [32mINFO[0m - 任務面板初始化完成
2026-03-04 20:09:14 - UAVPathPlanner - [32mINFO[0m - 快捷鍵設置完成: Enter=生成路徑, Delete=刪除角點, Esc=清除路徑
2026-03-04 20:09:14 - UAVPathPlanner - [33mWARNING[0m - 樣式表不存在: c:\Users\joy46\Documents\DWA_path_planner-main\ui\resources\styles\dark_theme.qss
2026-03-04 20:09:14 - UAVPathPlanner - [32mINFO[0m - 主視窗初始化完成
2026-03-04 20:09:14 - UAVPathPlanner - [32mINFO[0m - GUI 啟動成功
2026-03-04 20:09:20 - UAVPathPlanner - [32mINFO[0m - 演算法變更: spiral
2026-03-04 20:09:20 - UAVPathPlanner - [32mINFO[0m - 參數已更新: {'algorithm': 'spiral'}
2026-03-04 20:09:20 - UAVPathPlanner - [32mINFO[0m - 演算法變更: spiral - 螺旋掃描：從外圍向中心螺旋掃描
2026-03-04 20:09:23 - UAVPathPlanner - [32mINFO[0m - 參數已更新: {'vehicle_model': ''}
2026-03-04 20:09:23 - UAVPathPlanner - [32mINFO[0m - 載具型號變更: 
2026-03-04 20:09:23 - UAVPathPlanner - [32mINFO[0m - 參數已更新: {'vehicle_model': '衝浪者 (Surfer)'}
2026-03-04 20:09:23 - UAVPathPlanner - [32mINFO[0m - 參數已更新: {'speed': 18.0}
2026-03-04 20:09:23 - UAVPathPlanner - [32mINFO[0m - 轉彎半徑檢測: 半徑=50m, 速度=18.0m/s, 狀態=ok, 傾斜角=33.4°
2026-03-04 20:09:23 - UAVPathPlanner - [32mINFO[0m - 參數已更新: {'altitude': 100.0}
2026-03-04 20:09:23 - UAVPathPlanner - [32mINFO[0m - 轉彎半徑檢測: 半徑=50m, 速度=18.0m/s, 狀態=ok, 傾斜角=33.4°
2026-03-04 20:09:23 - UAVPathPlanner - [32mINFO[0m - 載具型號變更: 衝浪者 (Surfer)
2026-03-04 20:09:23 - UAVPathPlanner - [32mINFO[0m - 參數已更新: {'vehicle_type': '固定翼'}
2026-03-04 20:09:23 - UAVPathPlanner - [32mINFO[0m - 轉彎半徑檢測: 半徑=50m, 速度=18.0m/s, 狀態=ok, 傾斜角=33.4°
2026-03-04 20:09:23 - UAVPathPlanner - [32mINFO[0m - 載具類型變更: 固定翼
2026-03-04 20:09:30 - UAVPathPlanner - [32mINFO[0m - 圓形拖曳模式: 啟用
2026-03-04 20:09:30 - UAVPathPlanner - [32mINFO[0m - 進入地圖拖曳定義圓形模式
2026-03-04 20:09:33 - UAVPathPlanner - [32mINFO[0m - 參數已更新: {'circle_center_lat': 23.702192977370718}
2026-03-04 20:09:33 - UAVPathPlanner - [32mINFO[0m - 參數已更新: {'circle_center_lon': 120.4231042406333}
2026-03-04 20:09:33 - UAVPathPlanner - [32mINFO[0m - 參數已更新: {'circle_max_radius': 384}
2026-03-04 20:09:33 - UAVPathPlanner - [32mINFO[0m - 拖曳圓形定義：圓心=23.702193,120.423104, r=383.5m
2026-03-04 20:09:33 - UAVPathPlanner - [32mINFO[0m - 圓形定義完成: (23.702193, 120.423104), r=383.5m
2026-03-04 20:09:35 - UAVPathPlanner - [32mINFO[0m - 插入進場弧：22 個弧段點，起飛→任務轉向平滑化
2026-03-04 20:09:35 - UAVPathPlanner - [32mINFO[0m - 插入離場弧：14 個弧段點，任務→五邊進場銜接平滑化
2026-03-04 20:09:35 - UAVPathPlanner - [33mWARNING[0m - [WP 限制] 固定翼單區任務: 1117 → 606 航點（Mission Planner 上限 655）
2026-03-04 20:09:38 - UAVPathPlanner - [32mINFO[0m - 固定翼任務生成: 1117 個航點, 總距離 23900m, 轉彎半徑=50m
2026-03-04 20:09:38 - UAVPathPlanner - [32mINFO[0m - 請求預覽路徑
2026-03-04 20:09:42 - UAVPathPlanner - [32mINFO[0m - 參數已更新: {'spacing': 2.0}
2026-03-04 20:09:43 - UAVPathPlanner - [32mINFO[0m - 參數已更新: {'spacing': 1.0}
2026-03-04 20:09:43 - UAVPathPlanner - [32mINFO[0m - 參數已更新: {'spacing': 10.0}
2026-03-04 20:09:43 - UAVPathPlanner - [32mINFO[0m - 參數已更新: {'spacing': 100.0}
2026-03-04 20:09:44 - UAVPathPlanner - [32mINFO[0m - 插入進場弧：22 個弧段點，起飛→任務轉向平滑化
2026-03-04 20:09:44 - UAVPathPlanner - [32mINFO[0m - 插入離場弧：14 個弧段點，任務→五邊進場銜接平滑化
2026-03-04 20:09:45 - UAVPathPlanner - [32mINFO[0m - 固定翼任務生成: 268 個航點, 總距離 6072m, 轉彎半徑=50m
2026-03-04 20:17:18 - UAVPathPlanner - [32mINFO[0m - 應用程式關閉
2026-03-04 20:17:18 - UAVPathPlanner - [32mINFO[0m - UAV Path Planner 已退出
2026-03-04 20:17:18 - UAVPathPlanner - [32mINFO[0m - ============================================================
2026-03-04 20:17:18 - UAVPathPlanner - [32mINFO[0m - UAV Path Planner 啟動
2026-03-04 20:17:18 - UAVPathPlanner - [32mINFO[0m - 版本: 2.0.0
2026-03-04 20:17:18 - UAVPathPlanner - [32mINFO[0m - ============================================================
2026-03-04 20:17:18 - UAVPathPlanner - [32mINFO[0m - 配置文件: 使用預設配置
2026-03-04 20:17:18 - UAVPathPlanner - [32mINFO[0m - 飛行器配置載入成功: 4 種類型
2026-03-04 20:17:18 - UAVPathPlanner - [32mINFO[0m - 啟動 GUI 模式...
2026-03-04 20:17:19 - UAVPathPlanner - [32mINFO[0m - QtWebEngineWidgets 載入成功
2026-03-04 20:17:19 - UAVPathPlanner - [32mINFO[0m - 地圖初始化成功
2026-03-04 20:17:19 - UAVPathPlanner - [32mINFO[0m - 地圖組件初始化完成
2026-03-04 20:17:19 - UAVPathPlanner - [32mINFO[0m - 參數面板初始化完成
2026-03-04 20:17:19 - UAVPathPlanner - [32mINFO[0m - 任務面板初始化完成
2026-03-04 20:17:19 - UAVPathPlanner - [32mINFO[0m - 快捷鍵設置完成: Enter=生成路徑, Delete=刪除角點, Esc=清除路徑
2026-03-04 20:17:19 - UAVPathPlanner - [33mWARNING[0m - 樣式表不存在: c:\Users\joy46\Documents\DWA_path_planner-main\ui\resources\styles\dark_theme.qss
2026-03-04 20:17:19 - UAVPathPlanner - [32mINFO[0m - 主視窗初始化完成
2026-03-04 20:17:20 - UAVPathPlanner - [32mINFO[0m - GUI 啟動成功
2026-03-04 20:17:25 - UAVPathPlanner - [32mINFO[0m - 參數已更新: {'vehicle_model': ''}
2026-03-04 20:17:25 - UAVPathPlanner - [32mINFO[0m - 載具型號變更: 
2026-03-04 20:17:25 - UAVPathPlanner - [32mINFO[0m - 參數已更新: {'vehicle_model': '衝浪者 (Surfer)'}
2026-03-04 20:17:25 - UAVPathPlanner - [32mINFO[0m - 參數已更新: {'speed': 18.0}
2026-03-04 20:17:25 - UAVPathPlanner - [32mINFO[0m - 轉彎半徑檢測: 半徑=50m, 速度=18.0m/s, 狀態=ok, 傾斜角=33.4°
2026-03-04 20:17:25 - UAVPathPlanner - [32mINFO[0m - 參數已更新: {'altitude': 100.0}
2026-03-04 20:17:25 - UAVPathPlanner - [32mINFO[0m - 轉彎半徑檢測: 半徑=50m, 速度=18.0m/s, 狀態=ok, 傾斜角=33.4°
2026-03-04 20:17:25 - UAVPathPlanner - [32mINFO[0m - 載具型號變更: 衝浪者 (Surfer)
2026-03-04 20:17:25 - UAVPathPlanner - [32mINFO[0m - 參數已更新: {'vehicle_type': '固定翼'}
2026-03-04 20:17:25 - UAVPathPlanner - [32mINFO[0m - 轉彎半徑檢測: 半徑=50m, 速度=18.0m/s, 狀態=ok, 傾斜角=33.4°
2026-03-04 20:17:25 - UAVPathPlanner - [32mINFO[0m - 載具類型變更: 固定翼
2026-03-04 20:17:26 - UAVPathPlanner - [32mINFO[0m - 演算法變更: spiral
2026-03-04 20:17:26 - UAVPathPlanner - [32mINFO[0m - 參數已更新: {'algorithm': 'spiral'}
2026-03-04 20:17:26 - UAVPathPlanner - [32mINFO[0m - 演算法變更: spiral - 螺旋掃描：從外圍向中心螺旋掃描
2026-03-04 20:17:29 - UAVPathPlanner - [32mINFO[0m - 圓形拖曳模式: 啟用
2026-03-04 20:17:29 - UAVPathPlanner - [32mINFO[0m - 進入地圖拖曳定義圓形模式
2026-03-04 20:17:31 - UAVPathPlanner - [32mINFO[0m - 參數已更新: {'circle_center_lat': 23.702605577527507}
2026-03-04 20:17:31 - UAVPathPlanner - [32mINFO[0m - 參數已更新: {'circle_center_lon': 120.42053524306436}
2026-03-04 20:17:31 - UAVPathPlanner - [32mINFO[0m - 參數已更新: {'circle_max_radius': 248}
2026-03-04 20:17:31 - UAVPathPlanner - [32mINFO[0m - 拖曳圓形定義：圓心=23.702606,120.420535, r=248.4m
2026-03-04 20:17:31 - UAVPathPlanner - [32mINFO[0m - 圓形定義完成: (23.702606, 120.420535), r=248.4m
2026-03-04 20:17:32 - UAVPathPlanner - [32mINFO[0m - 插入進場弧：22 個弧段點，起飛→任務轉向平滑化
2026-03-04 20:17:32 - UAVPathPlanner - [32mINFO[0m - 插入離場弧：8 個弧段點 + 引導點，任務→下風邊對齊（0°）→五邊進場
2026-03-04 20:17:34 - UAVPathPlanner - [32mINFO[0m - 固定翼任務生成: 529 個航點, 總距離 11104m, 轉彎半徑=50m
2026-03-04 20:17:34 - UAVPathPlanner - [32mINFO[0m - 請求預覽路徑
2026-03-04 20:17:55 - UAVPathPlanner - [32mINFO[0m - 固定翼任務匯出: C:/Users/joy46/Downloads/固定翼任務_100m.waypoints
2026-03-04 20:17:55 - UAVPathPlanner - [32mINFO[0m - 請求匯出航點
2026-03-04 20:19:46 - UAVPathPlanner - [32mINFO[0m - 參數已更新: {'spacing': 19.0}
2026-03-04 20:19:46 - UAVPathPlanner - [32mINFO[0m - 參數已更新: {'spacing': 18.0}
2026-03-04 20:19:46 - UAVPathPlanner - [32mINFO[0m - 參數已更新: {'spacing': 17.0}
2026-03-04 20:19:46 - UAVPathPlanner - [32mINFO[0m - 參數已更新: {'spacing': 16.0}
2026-03-04 20:19:46 - UAVPathPlanner - [32mINFO[0m - 參數已更新: {'spacing': 15.0}
2026-03-04 20:19:46 - UAVPathPlanner - [32mINFO[0m - 參數已更新: {'spacing': 16.0}
2026-03-04 20:19:46 - UAVPathPlanner - [32mINFO[0m - 參數已更新: {'spacing': 17.0}
2026-03-04 20:19:46 - UAVPathPlanner - [32mINFO[0m - 參數已更新: {'spacing': 18.0}
2026-03-04 20:19:46 - UAVPathPlanner - [32mINFO[0m - 參數已更新: {'spacing': 19.0}
2026-03-04 20:19:46 - UAVPathPlanner - [32mINFO[0m - 參數已更新: {'spacing': 20.0}
2026-03-04 20:19:46 - UAVPathPlanner - [32mINFO[0m - 參數已更新: {'spacing': 21.0}
2026-03-04 20:19:46 - UAVPathPlanner - [32mINFO[0m - 參數已更新: {'spacing': 22.0}
2026-03-04 20:19:46 - UAVPathPlanner - [32mINFO[0m - 參數已更新: {'spacing': 23.0}
2026-03-04 20:19:46 - UAVPathPlanner - [32mINFO[0m - 參數已更新: {'spacing': 24.0}
2026-03-04 20:19:46 - UAVPathPlanner - [32mINFO[0m - 參數已更新: {'spacing': 25.0}
2026-03-04 20:19:46 - UAVPathPlanner - [32mINFO[0m - 參數已更新: {'spacing': 26.0}
2026-03-04 20:19:46 - UAVPathPlanner - [32mINFO[0m - 參數已更新: {'spacing': 27.0}
2026-03-04 20:19:46 - UAVPathPlanner - [32mINFO[0m - 參數已更新: {'spacing': 28.0}
2026-03-04 20:19:46 - UAVPathPlanner - [32mINFO[0m - 參數已更新: {'spacing': 29.0}
2026-03-04 20:19:46 - UAVPathPlanner - [32mINFO[0m - 參數已更新: {'spacing': 30.0}
2026-03-04 20:19:46 - UAVPathPlanner - [32mINFO[0m - 參數已更新: {'spacing': 31.0}
2026-03-04 20:19:46 - UAVPathPlanner - [32mINFO[0m - 參數已更新: {'spacing': 32.0}
2026-03-04 20:19:46 - UAVPathPlanner - [32mINFO[0m - 參數已更新: {'spacing': 33.0}
2026-03-04 20:19:47 - UAVPathPlanner - [32mINFO[0m - 參數已更新: {'spacing': 34.0}
2026-03-04 20:19:47 - UAVPathPlanner - [32mINFO[0m - 參數已更新: {'spacing': 35.0}
2026-03-04 20:19:47 - UAVPathPlanner - [32mINFO[0m - 參數已更新: {'spacing': 36.0}
2026-03-04 20:19:47 - UAVPathPlanner - [32mINFO[0m - 參數已更新: {'spacing': 37.0}
2026-03-04 20:19:47 - UAVPathPlanner - [32mINFO[0m - 參數已更新: {'spacing': 41.0}
2026-03-04 20:19:47 - UAVPathPlanner - [32mINFO[0m - 參數已更新: {'spacing': 43.0}
2026-03-04 20:19:47 - UAVPathPlanner - [32mINFO[0m - 參數已更新: {'spacing': 46.0}
2026-03-04 20:19:47 - UAVPathPlanner - [32mINFO[0m - 參數已更新: {'spacing': 50.0}
2026-03-04 20:19:47 - UAVPathPlanner - [32mINFO[0m - 參數已更新: {'spacing': 52.0}
2026-03-04 20:19:47 - UAVPathPlanner - [32mINFO[0m - 參數已更新: {'spacing': 55.0}
2026-03-04 20:19:47 - UAVPathPlanner - [32mINFO[0m - 參數已更新: {'spacing': 58.0}
2026-03-04 20:19:47 - UAVPathPlanner - [32mINFO[0m - 參數已更新: {'spacing': 61.0}
2026-03-04 20:19:47 - UAVPathPlanner - [32mINFO[0m - 參數已更新: {'spacing': 64.0}
2026-03-04 20:19:47 - UAVPathPlanner - [32mINFO[0m - 參數已更新: {'spacing': 67.0}
2026-03-04 20:19:47 - UAVPathPlanner - [32mINFO[0m - 參數已更新: {'spacing': 70.0}
2026-03-04 20:19:47 - UAVPathPlanner - [32mINFO[0m - 參數已更新: {'spacing': 73.0}
2026-03-04 20:19:47 - UAVPathPlanner - [32mINFO[0m - 參數已更新: {'spacing': 75.0}
2026-03-04 20:19:47 - UAVPathPlanner - [32mINFO[0m - 參數已更新: {'spacing': 78.0}
2026-03-04 20:19:47 - UAVPathPlanner - [32mINFO[0m - 參數已更新: {'spacing': 81.0}
2026-03-04 20:19:47 - UAVPathPlanner - [32mINFO[0m - 參數已更新: {'spacing': 84.0}
2026-03-04 20:19:47 - UAVPathPlanner - [32mINFO[0m - 參數已更新: {'spacing': 86.0}
2026-03-04 20:19:47 - UAVPathPlanner - [32mINFO[0m - 參數已更新: {'spacing': 89.0}
2026-03-04 20:19:47 - UAVPathPlanner - [32mINFO[0m - 參數已更新: {'spacing': 92.0}
2026-03-04 20:19:47 - UAVPathPlanner - [32mINFO[0m - 參數已更新: {'spacing': 94.0}
2026-03-04 20:19:47 - UAVPathPlanner - [32mINFO[0m - 參數已更新: {'spacing': 97.0}
2026-03-04 20:19:47 - UAVPathPlanner - [32mINFO[0m - 參數已更新: {'spacing': 100.0}
2026-03-04 20:19:48 - UAVPathPlanner - [32mINFO[0m - 插入進場弧：22 個弧段點，起飛→任務轉向平滑化
2026-03-04 20:19:48 - UAVPathPlanner - [32mINFO[0m - 插入離場弧：6 個弧段點 + 引導點，任務→下風邊對齊（0°）→五邊進場
2026-03-04 20:19:50 - UAVPathPlanner - [32mINFO[0m - 固定翼任務生成: 142 個航點, 總距離 4006m, 轉彎半徑=50m
2026-03-04 20:19:50 - UAVPathPlanner - [32mINFO[0m - 請求預覽路徑
2026-03-04 20:29:48 - UAVPathPlanner - [32mINFO[0m - 應用程式關閉
2026-03-04 20:29:48 - UAVPathPlanner - [32mINFO[0m - UAV Path Planner 已退出
2026-03-04 20:29:48 - UAVPathPlanner - [32mINFO[0m - ============================================================
2026-03-04 20:29:48 - UAVPathPlanner - [32mINFO[0m - UAV Path Planner 啟動
2026-03-04 20:29:48 - UAVPathPlanner - [32mINFO[0m - 版本: 2.0.0
2026-03-04 20:29:48 - UAVPathPlanner - [32mINFO[0m - ============================================================
2026-03-04 20:29:48 - UAVPathPlanner - [32mINFO[0m - 配置文件: 使用預設配置
2026-03-04 20:29:48 - UAVPathPlanner - [32mINFO[0m - 飛行器配置載入成功: 4 種類型
2026-03-04 20:29:48 - UAVPathPlanner - [32mINFO[0m - 啟動 GUI 模式...
2026-03-04 20:29:49 - UAVPathPlanner - [32mINFO[0m - QtWebEngineWidgets 載入成功
2026-03-04 20:29:49 - UAVPathPlanner - [32mINFO[0m - 地圖初始化成功
2026-03-04 20:29:49 - UAVPathPlanner - [32mINFO[0m - 地圖組件初始化完成
2026-03-04 20:29:49 - UAVPathPlanner - [32mINFO[0m - 參數面板初始化完成
2026-03-04 20:29:49 - UAVPathPlanner - [32mINFO[0m - 任務面板初始化完成
2026-03-04 20:29:49 - UAVPathPlanner - [32mINFO[0m - 快捷鍵設置完成: Enter=生成路徑, Delete=刪除角點, Esc=清除路徑
2026-03-04 20:29:49 - UAVPathPlanner - [33mWARNING[0m - 樣式表不存在: c:\Users\joy46\Documents\DWA_path_planner-main\ui\resources\styles\dark_theme.qss
2026-03-04 20:29:49 - UAVPathPlanner - [32mINFO[0m - 主視窗初始化完成
2026-03-04 20:29:50 - UAVPathPlanner - [32mINFO[0m - GUI 啟動成功
2026-03-04 20:33:23 - UAVPathPlanner - [32mINFO[0m - 應用程式關閉
2026-03-04 20:33:23 - UAVPathPlanner - [32mINFO[0m - UAV Path Planner 已退出
