2026-03-06 09:43:12 - UAVPathPlanner - [32mINFO[0m - ============================================================
2026-03-06 09:43:12 - UAVPathPlanner - [32mINFO[0m - UAV Path Planner 啟動
2026-03-06 09:43:12 - UAVPathPlanner - [32mINFO[0m - 版本: 2.0.0
2026-03-06 09:43:12 - UAVPathPlanner - [32mINFO[0m - ============================================================
2026-03-06 09:43:12 - UAVPathPlanner - [32mINFO[0m - 配置文件: 使用預設配置
2026-03-06 09:43:12 - UAVPathPlanner - [32mINFO[0m - 飛行器配置載入成功: 4 種類型
2026-03-06 09:43:12 - UAVPathPlanner - [32mINFO[0m - 啟動 GUI 模式...
2026-03-06 09:43:12 - UAVPathPlanner - [32mINFO[0m - QtWebEngineWidgets 載入成功
2026-03-06 09:43:15 - UAVPathPlanner - [32mINFO[0m - 地圖初始化成功
2026-03-06 09:43:15 - UAVPathPlanner - [32mINFO[0m - 地圖組件初始化完成
2026-03-06 09:43:15 - UAVPathPlanner - [32mINFO[0m - 參數面板初始化完成
2026-03-06 09:43:15 - UAVPathPlanner - [32mINFO[0m - 任務面板初始化完成
2026-03-06 09:43:15 - UAVPathPlanner - [32mINFO[0m - 快捷鍵設置完成: Enter=生成路徑, Delete=刪除角點, Esc=清除路徑
2026-03-06 09:43:15 - UAVPathPlanner - [33mWARNING[0m - 樣式表不存在: c:\Users\joy46\Documents\DWA_path_planner-main\ui\resources\styles\dark_theme.qss
2026-03-06 09:43:15 - UAVPathPlanner - [32mINFO[0m - 主視窗初始化完成
2026-03-06 09:43:15 - UAVPathPlanner - [32mINFO[0m - GUI 啟動成功
2026-03-06 09:43:20 - UAVPathPlanner - [32mINFO[0m - 參數已更新: {'vehicle_model': ''}
2026-03-06 09:43:20 - UAVPathPlanner - [32mINFO[0m - 載具型號變更: 
2026-03-06 09:43:20 - UAVPathPlanner - [32mINFO[0m - 參數已更新: {'vehicle_model': '衝浪者 (Surfer)'}
2026-03-06 09:43:20 - UAVPathPlanner - [32mINFO[0m - 參數已更新: {'speed': 18.0}
2026-03-06 09:43:20 - UAVPathPlanner - [32mINFO[0m - 轉彎半徑檢測: 半徑=50m, 速度=18.0m/s, 狀態=ok, 傾斜角=33.4°
2026-03-06 09:43:20 - UAVPathPlanner - [32mINFO[0m - 參數已更新: {'altitude': 100.0}
2026-03-06 09:43:20 - UAVPathPlanner - [32mINFO[0m - 轉彎半徑檢測: 半徑=50m, 速度=18.0m/s, 狀態=ok, 傾斜角=33.4°
2026-03-06 09:43:20 - UAVPathPlanner - [32mINFO[0m - 載具型號變更: 衝浪者 (Surfer)
2026-03-06 09:43:20 - UAVPathPlanner - [32mINFO[0m - 參數已更新: {'vehicle_type': '固定翼'}
2026-03-06 09:43:20 - UAVPathPlanner - [32mINFO[0m - 轉彎半徑檢測: 半徑=50m, 速度=18.0m/s, 狀態=ok, 傾斜角=33.4°
2026-03-06 09:43:20 - UAVPathPlanner - [32mINFO[0m - 載具類型變更: 固定翼
2026-03-06 09:43:21 - UAVPathPlanner - [32mINFO[0m - 演算法變更: spiral
2026-03-06 09:43:21 - UAVPathPlanner - [32mINFO[0m - 參數已更新: {'algorithm': 'spiral'}
2026-03-06 09:43:21 - UAVPathPlanner - [32mINFO[0m - 演算法變更: spiral - 螺旋掃描：從外圍向中心螺旋掃描
2026-03-06 09:43:29 - UAVPathPlanner - [32mINFO[0m - 圓形拖曳模式: 啟用
2026-03-06 09:43:29 - UAVPathPlanner - [32mINFO[0m - 進入地圖拖曳定義圓形模式
2026-03-06 09:43:32 - UAVPathPlanner - [32mINFO[0m - 參數已更新: {'circle_center_lat': 23.70208491520934}
2026-03-06 09:43:32 - UAVPathPlanner - [32mINFO[0m - 參數已更新: {'circle_center_lon': 120.42309323537935}
2026-03-06 09:43:32 - UAVPathPlanner - [32mINFO[0m - 參數已更新: {'circle_max_radius': 306}
2026-03-06 09:43:32 - UAVPathPlanner - [32mINFO[0m - 拖曳圓形定義：圓心=23.702085,120.423093, r=305.9m
2026-03-06 09:43:32 - UAVPathPlanner - [32mINFO[0m - 圓形定義完成: (23.702085, 120.423093), r=305.9m
2026-03-06 09:43:33 - UAVPathPlanner - [32mINFO[0m - 插入進場弧：22 個弧段點，起飛→任務轉向平滑化
2026-03-06 09:43:33 - UAVPathPlanner - [32mINFO[0m - 插入離場弧：11 個弧段點 + lead_in，runway_hdg=180°，opp=0°→五邊進場
2026-03-06 09:43:34 - UAVPathPlanner - [33mWARNING[0m - [WP 限制] 固定翼單區任務: 1657 → 599 航點（Mission Planner 上限 655）
2026-03-06 09:43:35 - UAVPathPlanner - [32mINFO[0m - 固定翼任務生成: 1657 個航點, 總距離 16522m, 轉彎半徑=50m
2026-03-06 09:43:35 - UAVPathPlanner - [32mINFO[0m - 請求預覽路徑
2026-03-06 09:43:49 - UAVPathPlanner - [32mINFO[0m - 參數已更新: {'spacing': 21.0}
2026-03-06 09:43:49 - UAVPathPlanner - [32mINFO[0m - 參數已更新: {'spacing': 22.0}
2026-03-06 09:43:49 - UAVPathPlanner - [32mINFO[0m - 參數已更新: {'spacing': 23.0}
2026-03-06 09:43:50 - UAVPathPlanner - [32mINFO[0m - 參數已更新: {'spacing': 24.0}
2026-03-06 09:43:50 - UAVPathPlanner - [32mINFO[0m - 參數已更新: {'spacing': 25.0}
2026-03-06 09:43:50 - UAVPathPlanner - [32mINFO[0m - 參數已更新: {'spacing': 26.0}
2026-03-06 09:43:50 - UAVPathPlanner - [32mINFO[0m - 參數已更新: {'spacing': 27.0}
2026-03-06 09:43:50 - UAVPathPlanner - [32mINFO[0m - 參數已更新: {'spacing': 28.0}
2026-03-06 09:43:50 - UAVPathPlanner - [32mINFO[0m - 參數已更新: {'spacing': 29.0}
2026-03-06 09:43:50 - UAVPathPlanner - [32mINFO[0m - 參數已更新: {'spacing': 30.0}
2026-03-06 09:43:50 - UAVPathPlanner - [32mINFO[0m - 參數已更新: {'spacing': 31.0}
2026-03-06 09:43:50 - UAVPathPlanner - [32mINFO[0m - 參數已更新: {'spacing': 32.0}
2026-03-06 09:43:50 - UAVPathPlanner - [32mINFO[0m - 參數已更新: {'spacing': 33.0}
2026-03-06 09:43:50 - UAVPathPlanner - [32mINFO[0m - 參數已更新: {'spacing': 34.0}
2026-03-06 09:43:50 - UAVPathPlanner - [32mINFO[0m - 參數已更新: {'spacing': 35.0}
2026-03-06 09:43:50 - UAVPathPlanner - [32mINFO[0m - 參數已更新: {'spacing': 36.0}
2026-03-06 09:43:50 - UAVPathPlanner - [32mINFO[0m - 參數已更新: {'spacing': 37.0}
2026-03-06 09:43:50 - UAVPathPlanner - [32mINFO[0m - 參數已更新: {'spacing': 38.0}
2026-03-06 09:43:50 - UAVPathPlanner - [32mINFO[0m - 參數已更新: {'spacing': 39.0}
2026-03-06 09:43:50 - UAVPathPlanner - [32mINFO[0m - 參數已更新: {'spacing': 40.0}
2026-03-06 09:43:50 - UAVPathPlanner - [32mINFO[0m - 參數已更新: {'spacing': 41.0}
2026-03-06 09:43:50 - UAVPathPlanner - [32mINFO[0m - 參數已更新: {'spacing': 42.0}
2026-03-06 09:43:50 - UAVPathPlanner - [32mINFO[0m - 參數已更新: {'spacing': 43.0}
2026-03-06 09:43:50 - UAVPathPlanner - [32mINFO[0m - 參數已更新: {'spacing': 44.0}
2026-03-06 09:43:50 - UAVPathPlanner - [32mINFO[0m - 參數已更新: {'spacing': 45.0}
2026-03-06 09:43:50 - UAVPathPlanner - [32mINFO[0m - 參數已更新: {'spacing': 46.0}
2026-03-06 09:43:50 - UAVPathPlanner - [32mINFO[0m - 參數已更新: {'spacing': 47.0}
2026-03-06 09:43:50 - UAVPathPlanner - [32mINFO[0m - 參數已更新: {'spacing': 48.0}
2026-03-06 09:43:50 - UAVPathPlanner - [32mINFO[0m - 參數已更新: {'spacing': 49.0}
2026-03-06 09:43:50 - UAVPathPlanner - [32mINFO[0m - 參數已更新: {'spacing': 50.0}
2026-03-06 09:43:50 - UAVPathPlanner - [32mINFO[0m - 參數已更新: {'spacing': 51.0}
2026-03-06 09:43:50 - UAVPathPlanner - [32mINFO[0m - 參數已更新: {'spacing': 52.0}
2026-03-06 09:43:50 - UAVPathPlanner - [32mINFO[0m - 參數已更新: {'spacing': 53.0}
2026-03-06 09:43:50 - UAVPathPlanner - [32mINFO[0m - 參數已更新: {'spacing': 54.0}
2026-03-06 09:43:50 - UAVPathPlanner - [32mINFO[0m - 參數已更新: {'spacing': 55.0}
2026-03-06 09:43:51 - UAVPathPlanner - [32mINFO[0m - 參數已更新: {'spacing': 56.0}
2026-03-06 09:43:51 - UAVPathPlanner - [32mINFO[0m - 參數已更新: {'spacing': 57.0}
2026-03-06 09:43:51 - UAVPathPlanner - [32mINFO[0m - 參數已更新: {'spacing': 58.0}
2026-03-06 09:43:51 - UAVPathPlanner - [32mINFO[0m - 參數已更新: {'spacing': 59.0}
2026-03-06 09:43:51 - UAVPathPlanner - [32mINFO[0m - 參數已更新: {'spacing': 60.0}
2026-03-06 09:43:52 - UAVPathPlanner - [32mINFO[0m - 插入進場弧：22 個弧段點，起飛→任務轉向平滑化
2026-03-06 09:43:52 - UAVPathPlanner - [32mINFO[0m - 插入離場弧：0 個弧段點 + lead_in，runway_hdg=180°，opp=0°→五邊進場
2026-03-06 09:43:54 - UAVPathPlanner - [32mINFO[0m - 固定翼任務生成: 644 個航點, 總距離 6903m, 轉彎半徑=50m
2026-03-06 09:43:54 - UAVPathPlanner - [32mINFO[0m - 請求預覽路徑
2026-03-06 09:43:54 - UAVPathPlanner - [32mINFO[0m - 參數已更新: {'spacing': 61.0}
2026-03-06 09:43:54 - UAVPathPlanner - [32mINFO[0m - 參數已更新: {'spacing': 62.0}
2026-03-06 09:43:54 - UAVPathPlanner - [32mINFO[0m - 參數已更新: {'spacing': 63.0}
2026-03-06 09:43:55 - UAVPathPlanner - [32mINFO[0m - 參數已更新: {'spacing': 64.0}
2026-03-06 09:43:55 - UAVPathPlanner - [32mINFO[0m - 參數已更新: {'spacing': 65.0}
2026-03-06 09:43:55 - UAVPathPlanner - [32mINFO[0m - 參數已更新: {'spacing': 66.0}
2026-03-06 09:43:55 - UAVPathPlanner - [32mINFO[0m - 參數已更新: {'spacing': 67.0}
2026-03-06 09:43:56 - UAVPathPlanner - [32mINFO[0m - 參數已更新: {'spacing': 68.0}
2026-03-06 09:43:56 - UAVPathPlanner - [32mINFO[0m - 參數已更新: {'spacing': 69.0}
2026-03-06 09:43:56 - UAVPathPlanner - [32mINFO[0m - 參數已更新: {'spacing': 70.0}
2026-03-06 09:43:56 - UAVPathPlanner - [32mINFO[0m - 參數已更新: {'spacing': 71.0}
2026-03-06 09:43:56 - UAVPathPlanner - [32mINFO[0m - 參數已更新: {'spacing': 72.0}
2026-03-06 09:43:56 - UAVPathPlanner - [32mINFO[0m - 參數已更新: {'spacing': 73.0}
2026-03-06 09:43:56 - UAVPathPlanner - [32mINFO[0m - 參數已更新: {'spacing': 74.0}
2026-03-06 09:43:56 - UAVPathPlanner - [32mINFO[0m - 參數已更新: {'spacing': 75.0}
2026-03-06 09:43:56 - UAVPathPlanner - [32mINFO[0m - 參數已更新: {'spacing': 76.0}
2026-03-06 09:43:56 - UAVPathPlanner - [32mINFO[0m - 參數已更新: {'spacing': 77.0}
2026-03-06 09:43:56 - UAVPathPlanner - [32mINFO[0m - 參數已更新: {'spacing': 78.0}
2026-03-06 09:43:56 - UAVPathPlanner - [32mINFO[0m - 參數已更新: {'spacing': 79.0}
2026-03-06 09:43:57 - UAVPathPlanner - [32mINFO[0m - 插入進場弧：22 個弧段點，起飛→任務轉向平滑化
2026-03-06 09:43:57 - UAVPathPlanner - [32mINFO[0m - 插入離場弧：4 個弧段點 + lead_in，runway_hdg=180°，opp=0°→五邊進場
2026-03-06 09:43:58 - UAVPathPlanner - [32mINFO[0m - 固定翼任務生成: 525 個航點, 總距離 5662m, 轉彎半徑=50m
2026-03-06 09:43:58 - UAVPathPlanner - [32mINFO[0m - 請求預覽路徑
2026-03-06 09:44:01 - UAVPathPlanner - [32mINFO[0m - 參數已更新: {'spiral_curvature': 1.1}
2026-03-06 09:44:01 - UAVPathPlanner - [32mINFO[0m - 參數已更新: {'spiral_curvature': 1.2000000000000002}
2026-03-06 09:44:01 - UAVPathPlanner - [32mINFO[0m - 參數已更新: {'spiral_curvature': 1.3000000000000003}
2026-03-06 09:44:01 - UAVPathPlanner - [32mINFO[0m - 參數已更新: {'spiral_curvature': 1.4000000000000004}
2026-03-06 09:44:01 - UAVPathPlanner - [32mINFO[0m - 參數已更新: {'spiral_curvature': 1.5000000000000004}
2026-03-06 09:44:01 - UAVPathPlanner - [32mINFO[0m - 參數已更新: {'spiral_curvature': 1.6000000000000005}
2026-03-06 09:44:01 - UAVPathPlanner - [32mINFO[0m - 參數已更新: {'spiral_curvature': 1.7000000000000006}
2026-03-06 09:44:01 - UAVPathPlanner - [32mINFO[0m - 參數已更新: {'spiral_curvature': 1.8000000000000007}
2026-03-06 09:44:01 - UAVPathPlanner - [32mINFO[0m - 參數已更新: {'spiral_curvature': 1.9000000000000008}
2026-03-06 09:44:01 - UAVPathPlanner - [32mINFO[0m - 參數已更新: {'spiral_curvature': 2.000000000000001}
2026-03-06 09:44:01 - UAVPathPlanner - [32mINFO[0m - 參數已更新: {'spiral_curvature': 2.100000000000001}
2026-03-06 09:44:01 - UAVPathPlanner - [32mINFO[0m - 參數已更新: {'spiral_curvature': 2.200000000000001}
2026-03-06 09:44:01 - UAVPathPlanner - [32mINFO[0m - 參數已更新: {'spiral_curvature': 2.300000000000001}
2026-03-06 09:44:01 - UAVPathPlanner - [32mINFO[0m - 參數已更新: {'spiral_curvature': 2.4000000000000012}
2026-03-06 09:44:01 - UAVPathPlanner - [32mINFO[0m - 參數已更新: {'spiral_curvature': 2.5000000000000013}
2026-03-06 09:44:01 - UAVPathPlanner - [32mINFO[0m - 參數已更新: {'spiral_curvature': 2.6000000000000014}
2026-03-06 09:44:01 - UAVPathPlanner - [32mINFO[0m - 參數已更新: {'spiral_curvature': 2.7000000000000015}
2026-03-06 09:44:01 - UAVPathPlanner - [32mINFO[0m - 參數已更新: {'spiral_curvature': 2.8000000000000016}
2026-03-06 09:44:01 - UAVPathPlanner - [32mINFO[0m - 參數已更新: {'spiral_curvature': 2.9000000000000017}
2026-03-06 09:44:01 - UAVPathPlanner - [32mINFO[0m - 參數已更新: {'spiral_curvature': 3.0000000000000018}
2026-03-06 09:44:01 - UAVPathPlanner - [32mINFO[0m - 參數已更新: {'spiral_curvature': 3.100000000000002}
2026-03-06 09:44:01 - UAVPathPlanner - [32mINFO[0m - 參數已更新: {'spiral_curvature': 3.200000000000002}
2026-03-06 09:44:01 - UAVPathPlanner - [32mINFO[0m - 參數已更新: {'spiral_curvature': 3.300000000000002}
2026-03-06 09:44:01 - UAVPathPlanner - [32mINFO[0m - 參數已更新: {'spiral_curvature': 3.400000000000002}
2026-03-06 09:44:01 - UAVPathPlanner - [32mINFO[0m - 參數已更新: {'spiral_curvature': 3.500000000000002}
2026-03-06 09:44:01 - UAVPathPlanner - [32mINFO[0m - 參數已更新: {'spiral_curvature': 3.6000000000000023}
2026-03-06 09:44:01 - UAVPathPlanner - [32mINFO[0m - 參數已更新: {'spiral_curvature': 3.7000000000000024}
2026-03-06 09:44:01 - UAVPathPlanner - [32mINFO[0m - 參數已更新: {'spiral_curvature': 3.8000000000000025}
2026-03-06 09:44:01 - UAVPathPlanner - [32mINFO[0m - 參數已更新: {'spiral_curvature': 3.9000000000000026}
2026-03-06 09:44:02 - UAVPathPlanner - [32mINFO[0m - 參數已更新: {'spiral_curvature': 4.000000000000003}
2026-03-06 09:44:02 - UAVPathPlanner - [32mINFO[0m - 參數已更新: {'spiral_curvature': 4.100000000000002}
2026-03-06 09:44:04 - UAVPathPlanner - [32mINFO[0m - 插入進場弧：22 個弧段點，起飛→任務轉向平滑化
2026-03-06 09:44:04 - UAVPathPlanner - [32mINFO[0m - 插入離場弧：4 個弧段點 + lead_in，runway_hdg=180°，opp=0°→五邊進場
2026-03-06 09:44:05 - UAVPathPlanner - [32mINFO[0m - 固定翼任務生成: 525 個航點, 總距離 5662m, 轉彎半徑=50m
2026-03-06 09:44:05 - UAVPathPlanner - [32mINFO[0m - 請求預覽路徑
2026-03-06 09:44:06 - UAVPathPlanner - [32mINFO[0m - 參數已更新: {'spiral_curvature': 4.000000000000003}
2026-03-06 09:44:06 - UAVPathPlanner - [32mINFO[0m - 參數已更新: {'spiral_curvature': 3.9000000000000026}
2026-03-06 09:44:06 - UAVPathPlanner - [32mINFO[0m - 參數已更新: {'spiral_curvature': 3.8000000000000025}
2026-03-06 09:44:06 - UAVPathPlanner - [32mINFO[0m - 參數已更新: {'spiral_curvature': 3.7000000000000024}
2026-03-06 09:44:06 - UAVPathPlanner - [32mINFO[0m - 參數已更新: {'spiral_curvature': 3.400000000000002}
2026-03-06 09:44:06 - UAVPathPlanner - [32mINFO[0m - 參數已更新: {'spiral_curvature': 3.1000000000000023}
2026-03-06 09:44:06 - UAVPathPlanner - [32mINFO[0m - 參數已更新: {'spiral_curvature': 3.000000000000002}
2026-03-06 09:44:06 - UAVPathPlanner - [32mINFO[0m - 參數已更新: {'spiral_curvature': 2.700000000000002}
2026-03-06 09:44:06 - UAVPathPlanner - [32mINFO[0m - 參數已更新: {'spiral_curvature': 2.300000000000002}
2026-03-06 09:44:06 - UAVPathPlanner - [32mINFO[0m - 參數已更新: {'spiral_curvature': 1.9000000000000021}
2026-03-06 09:44:06 - UAVPathPlanner - [32mINFO[0m - 參數已更新: {'spiral_curvature': 1.7000000000000022}
2026-03-06 09:44:06 - UAVPathPlanner - [32mINFO[0m - 參數已更新: {'spiral_curvature': 1.300000000000002}
2026-03-06 09:44:06 - UAVPathPlanner - [32mINFO[0m - 參數已更新: {'spiral_curvature': 1.000000000000002}
2026-03-06 09:44:06 - UAVPathPlanner - [32mINFO[0m - 參數已更新: {'spiral_curvature': 0.600000000000002}
2026-03-06 09:44:06 - UAVPathPlanner - [32mINFO[0m - 參數已更新: {'spiral_curvature': 0.30000000000000193}
2026-03-06 09:44:06 - UAVPathPlanner - [32mINFO[0m - 參數已更新: {'spiral_curvature': 0.1}
2026-03-06 09:44:07 - UAVPathPlanner - [32mINFO[0m - 插入進場弧：22 個弧段點，起飛→任務轉向平滑化
2026-03-06 09:44:07 - UAVPathPlanner - [32mINFO[0m - 插入離場弧：4 個弧段點 + lead_in，runway_hdg=180°，opp=0°→五邊進場
2026-03-06 09:44:09 - UAVPathPlanner - [32mINFO[0m - 固定翼任務生成: 525 個航點, 總距離 5662m, 轉彎半徑=50m
2026-03-06 09:44:09 - UAVPathPlanner - [32mINFO[0m - 請求預覽路徑
2026-03-06 09:44:10 - UAVPathPlanner - [32mINFO[0m - 參數已更新: {'spiral_alt_step': 1.0}
2026-03-06 09:44:10 - UAVPathPlanner - [32mINFO[0m - 參數已更新: {'spiral_alt_step': 2.0}
2026-03-06 09:44:10 - UAVPathPlanner - [32mINFO[0m - 參數已更新: {'spiral_alt_step': 3.0}
2026-03-06 09:44:10 - UAVPathPlanner - [32mINFO[0m - 參數已更新: {'spiral_alt_step': 4.0}
2026-03-06 09:44:10 - UAVPathPlanner - [32mINFO[0m - 參數已更新: {'spiral_alt_step': 5.0}
2026-03-06 09:44:11 - UAVPathPlanner - [32mINFO[0m - 參數已更新: {'spiral_alt_step': 6.0}
2026-03-06 09:44:11 - UAVPathPlanner - [32mINFO[0m - 參數已更新: {'spiral_alt_step': 7.0}
2026-03-06 09:44:11 - UAVPathPlanner - [32mINFO[0m - 參數已更新: {'spiral_alt_step': 8.0}
2026-03-06 09:44:11 - UAVPathPlanner - [32mINFO[0m - 參數已更新: {'spiral_alt_step': 9.0}
2026-03-06 09:44:11 - UAVPathPlanner - [32mINFO[0m - 參數已更新: {'spiral_alt_step': 10.0}
2026-03-06 09:44:11 - UAVPathPlanner - [32mINFO[0m - 參數已更新: {'spiral_alt_step': 11.0}
2026-03-06 09:44:11 - UAVPathPlanner - [32mINFO[0m - 參數已更新: {'spiral_alt_step': 12.0}
2026-03-06 09:44:11 - UAVPathPlanner - [32mINFO[0m - 參數已更新: {'spiral_alt_step': 13.0}
2026-03-06 09:44:11 - UAVPathPlanner - [32mINFO[0m - 參數已更新: {'spiral_alt_step': 14.0}
2026-03-06 09:44:11 - UAVPathPlanner - [32mINFO[0m - 參數已更新: {'spiral_alt_step': 15.0}
2026-03-06 09:44:11 - UAVPathPlanner - [32mINFO[0m - 參數已更新: {'spiral_alt_step': 16.0}
2026-03-06 09:44:11 - UAVPathPlanner - [32mINFO[0m - 參數已更新: {'spiral_alt_step': 17.0}
2026-03-06 09:44:11 - UAVPathPlanner - [32mINFO[0m - 參數已更新: {'spiral_alt_step': 18.0}
2026-03-06 09:44:11 - UAVPathPlanner - [32mINFO[0m - 參數已更新: {'spiral_alt_step': 19.0}
2026-03-06 09:44:12 - UAVPathPlanner - [32mINFO[0m - 參數已更新: {'spiral_alt_step': 18.0}
2026-03-06 09:44:12 - UAVPathPlanner - [32mINFO[0m - 參數已更新: {'spiral_alt_step': 17.0}
2026-03-06 09:44:12 - UAVPathPlanner - [32mINFO[0m - 參數已更新: {'spiral_alt_step': 16.0}
2026-03-06 09:44:12 - UAVPathPlanner - [32mINFO[0m - 參數已更新: {'spiral_alt_step': 15.0}
2026-03-06 09:44:12 - UAVPathPlanner - [32mINFO[0m - 參數已更新: {'spiral_alt_step': 14.0}
2026-03-06 09:44:12 - UAVPathPlanner - [32mINFO[0m - 參數已更新: {'spiral_alt_step': 13.0}
2026-03-06 09:44:12 - UAVPathPlanner - [32mINFO[0m - 參數已更新: {'spiral_alt_step': 11.0}
2026-03-06 09:44:12 - UAVPathPlanner - [32mINFO[0m - 參數已更新: {'spiral_alt_step': 10.0}
2026-03-06 09:44:12 - UAVPathPlanner - [32mINFO[0m - 參數已更新: {'spiral_alt_step': 8.0}
2026-03-06 09:44:12 - UAVPathPlanner - [32mINFO[0m - 參數已更新: {'spiral_alt_step': 7.0}
2026-03-06 09:44:12 - UAVPathPlanner - [32mINFO[0m - 參數已更新: {'spiral_alt_step': 6.0}
2026-03-06 09:44:12 - UAVPathPlanner - [32mINFO[0m - 參數已更新: {'spiral_alt_step': 5.0}
2026-03-06 09:44:12 - UAVPathPlanner - [32mINFO[0m - 參數已更新: {'spiral_alt_step': 3.0}
2026-03-06 09:44:12 - UAVPathPlanner - [32mINFO[0m - 參數已更新: {'spiral_alt_step': 1.0}
2026-03-06 09:44:12 - UAVPathPlanner - [32mINFO[0m - 參數已更新: {'spiral_alt_step': 0.0}
2026-03-06 09:44:12 - UAVPathPlanner - [32mINFO[0m - 參數已更新: {'spiral_alt_step': 1.0}
2026-03-06 09:44:12 - UAVPathPlanner - [32mINFO[0m - 參數已更新: {'spiral_alt_step': 2.0}
2026-03-06 09:44:12 - UAVPathPlanner - [32mINFO[0m - 參數已更新: {'spiral_alt_step': 3.0}
2026-03-06 09:44:12 - UAVPathPlanner - [32mINFO[0m - 參數已更新: {'spiral_alt_step': 4.0}
2026-03-06 09:44:12 - UAVPathPlanner - [32mINFO[0m - 參數已更新: {'spiral_alt_step': 5.0}
2026-03-06 09:44:12 - UAVPathPlanner - [32mINFO[0m - 參數已更新: {'spiral_alt_step': 6.0}
2026-03-06 09:44:13 - UAVPathPlanner - [32mINFO[0m - 插入進場弧：22 個弧段點，起飛→任務轉向平滑化
2026-03-06 09:44:13 - UAVPathPlanner - [32mINFO[0m - 插入離場弧：4 個弧段點 + lead_in，runway_hdg=180°，opp=0°→五邊進場
2026-03-06 09:44:16 - UAVPathPlanner - [32mINFO[0m - 固定翼任務生成: 525 個航點, 總距離 5662m, 轉彎半徑=50m
2026-03-06 09:44:16 - UAVPathPlanner - [32mINFO[0m - 請求預覽路徑
2026-03-06 09:47:27 - UAVPathPlanner - [32mINFO[0m - 固定翼任務匯出: C:/Users/joy46/Downloads/固定翼任務_100m.waypoints
2026-03-06 09:47:27 - UAVPathPlanner - [32mINFO[0m - 請求匯出航點
2026-03-06 09:47:27 - UAVPathPlanner - [32mINFO[0m - 應用程式關閉
2026-03-06 09:47:27 - UAVPathPlanner - [32mINFO[0m - UAV Path Planner 已退出
2026-03-06 10:04:37 - UAVPathPlanner - [32mINFO[0m - ============================================================
2026-03-06 10:04:37 - UAVPathPlanner - [32mINFO[0m - UAV Path Planner 啟動
2026-03-06 10:04:37 - UAVPathPlanner - [32mINFO[0m - 版本: 2.0.0
2026-03-06 10:04:37 - UAVPathPlanner - [32mINFO[0m - ============================================================
2026-03-06 10:04:37 - UAVPathPlanner - [32mINFO[0m - 配置文件: 使用預設配置
2026-03-06 10:04:37 - UAVPathPlanner - [32mINFO[0m - 飛行器配置載入成功: 4 種類型
2026-03-06 10:04:37 - UAVPathPlanner - [32mINFO[0m - 啟動 GUI 模式...
2026-03-06 10:04:37 - UAVPathPlanner - [32mINFO[0m - QtWebEngineWidgets 載入成功
2026-03-06 10:04:38 - UAVPathPlanner - [32mINFO[0m - 地圖初始化成功
2026-03-06 10:04:38 - UAVPathPlanner - [32mINFO[0m - 地圖組件初始化完成
2026-03-06 10:04:38 - UAVPathPlanner - [32mINFO[0m - 參數面板初始化完成
2026-03-06 10:04:38 - UAVPathPlanner - [32mINFO[0m - 任務面板初始化完成
2026-03-06 10:04:38 - UAVPathPlanner - [32mINFO[0m - 快捷鍵設置完成: Enter=生成路徑, Delete=刪除角點, Esc=清除路徑
2026-03-06 10:04:38 - UAVPathPlanner - [33mWARNING[0m - 樣式表不存在: c:\Users\joy46\Documents\DWA_path_planner-main\ui\resources\styles\dark_theme.qss
2026-03-06 10:04:38 - UAVPathPlanner - [32mINFO[0m - 主視窗初始化完成
2026-03-06 10:04:38 - UAVPathPlanner - [32mINFO[0m - GUI 啟動成功
2026-03-06 10:04:42 - UAVPathPlanner - [32mINFO[0m - 參數已更新: {'vehicle_model': ''}
2026-03-06 10:04:42 - UAVPathPlanner - [32mINFO[0m - 載具型號變更: 
2026-03-06 10:04:42 - UAVPathPlanner - [32mINFO[0m - 參數已更新: {'vehicle_model': '衝浪者 (Surfer)'}
2026-03-06 10:04:42 - UAVPathPlanner - [32mINFO[0m - 參數已更新: {'speed': 18.0}
2026-03-06 10:04:42 - UAVPathPlanner - [32mINFO[0m - 轉彎半徑檢測: 半徑=50m, 速度=18.0m/s, 狀態=ok, 傾斜角=33.4°
2026-03-06 10:04:42 - UAVPathPlanner - [32mINFO[0m - 參數已更新: {'altitude': 100.0}
2026-03-06 10:04:42 - UAVPathPlanner - [32mINFO[0m - 轉彎半徑檢測: 半徑=50m, 速度=18.0m/s, 狀態=ok, 傾斜角=33.4°
2026-03-06 10:04:42 - UAVPathPlanner - [32mINFO[0m - 載具型號變更: 衝浪者 (Surfer)
2026-03-06 10:04:42 - UAVPathPlanner - [32mINFO[0m - 參數已更新: {'vehicle_type': '固定翼'}
2026-03-06 10:04:42 - UAVPathPlanner - [32mINFO[0m - 轉彎半徑檢測: 半徑=50m, 速度=18.0m/s, 狀態=ok, 傾斜角=33.4°
2026-03-06 10:04:42 - UAVPathPlanner - [32mINFO[0m - 載具類型變更: 固定翼
2026-03-06 10:04:44 - UAVPathPlanner - [32mINFO[0m - 演算法變更: spiral
2026-03-06 10:04:44 - UAVPathPlanner - [32mINFO[0m - 參數已更新: {'algorithm': 'spiral'}
2026-03-06 10:04:44 - UAVPathPlanner - [32mINFO[0m - 演算法變更: spiral - 螺旋掃描：從外圍向中心螺旋掃描
2026-03-06 10:04:46 - UAVPathPlanner - [32mINFO[0m - 圓形拖曳模式: 啟用
2026-03-06 10:04:46 - UAVPathPlanner - [32mINFO[0m - 進入地圖拖曳定義圓形模式
2026-03-06 10:04:48 - UAVPathPlanner - [32mINFO[0m - 參數已更新: {'circle_center_lat': 23.702094739045886}
2026-03-06 10:04:48 - UAVPathPlanner - [32mINFO[0m - 參數已更新: {'circle_center_lon': 120.42311045063344}
2026-03-06 10:04:48 - UAVPathPlanner - [32mINFO[0m - 參數已更新: {'circle_max_radius': 300}
2026-03-06 10:04:48 - UAVPathPlanner - [32mINFO[0m - 拖曳圓形定義：圓心=23.702095,120.423110, r=299.9m
2026-03-06 10:04:48 - UAVPathPlanner - [32mINFO[0m - 圓形定義完成: (23.702095, 120.423110), r=299.9m
2026-03-06 10:04:49 - UAVPathPlanner - [32mINFO[0m - 插入進場弧：22 個弧段點，起飛→任務轉向平滑化
2026-03-06 10:04:49 - UAVPathPlanner - [32mINFO[0m - 插入離場弧：22 個弧段點 + lead_in，runway_hdg=180°，opp=0°→五邊進場
2026-03-06 10:04:49 - UAVPathPlanner - [33mWARNING[0m - [WP 限制] 固定翼單區任務: 1643 → 589 航點（Mission Planner 上限 655）
2026-03-06 10:04:51 - UAVPathPlanner - [32mINFO[0m - 固定翼任務生成: 1643 個航點, 總距離 15751m, 轉彎半徑=50m
2026-03-06 10:04:51 - UAVPathPlanner - [32mINFO[0m - 請求預覽路徑
2026-03-06 10:05:07 - UAVPathPlanner - [32mINFO[0m - 參數已更新: {'spiral_curvature': 1.1}
2026-03-06 10:05:07 - UAVPathPlanner - [32mINFO[0m - 參數已更新: {'spiral_curvature': 1.2000000000000002}
2026-03-06 10:05:08 - UAVPathPlanner - [32mINFO[0m - 插入進場弧：22 個弧段點，起飛→任務轉向平滑化
2026-03-06 10:05:08 - UAVPathPlanner - [32mINFO[0m - 插入離場弧：17 個弧段點 + lead_in，runway_hdg=180°，opp=0°→五邊進場
2026-03-06 10:05:08 - UAVPathPlanner - [33mWARNING[0m - [WP 限制] 固定翼單區任務: 1381 → 624 航點（Mission Planner 上限 655）
2026-03-06 10:05:10 - UAVPathPlanner - [32mINFO[0m - 固定翼任務生成: 1381 個航點, 總距離 13684m, 轉彎半徑=50m
2026-03-06 10:05:10 - UAVPathPlanner - [32mINFO[0m - 請求預覽路徑
2026-03-06 10:05:13 - UAVPathPlanner - [32mINFO[0m - 參數已更新: {'spiral_curvature': 1.3000000000000003}
2026-03-06 10:05:13 - UAVPathPlanner - [32mINFO[0m - 參數已更新: {'spiral_curvature': 1.4000000000000004}
2026-03-06 10:05:13 - UAVPathPlanner - [32mINFO[0m - 參數已更新: {'spiral_curvature': 1.5000000000000004}
2026-03-06 10:05:13 - UAVPathPlanner - [32mINFO[0m - 參數已更新: {'spiral_curvature': 1.6000000000000005}
2026-03-06 10:05:13 - UAVPathPlanner - [32mINFO[0m - 參數已更新: {'spiral_curvature': 1.7000000000000006}
2026-03-06 10:05:13 - UAVPathPlanner - [32mINFO[0m - 參數已更新: {'spiral_curvature': 1.8000000000000007}
2026-03-06 10:05:13 - UAVPathPlanner - [32mINFO[0m - 參數已更新: {'spiral_curvature': 1.9000000000000008}
2026-03-06 10:05:13 - UAVPathPlanner - [32mINFO[0m - 參數已更新: {'spiral_curvature': 2.000000000000001}
2026-03-06 10:05:13 - UAVPathPlanner - [32mINFO[0m - 參數已更新: {'spiral_curvature': 2.100000000000001}
2026-03-06 10:05:13 - UAVPathPlanner - [32mINFO[0m - 參數已更新: {'spiral_curvature': 2.200000000000001}
2026-03-06 10:05:13 - UAVPathPlanner - [32mINFO[0m - 參數已更新: {'spiral_curvature': 2.300000000000001}
2026-03-06 10:05:13 - UAVPathPlanner - [32mINFO[0m - 參數已更新: {'spiral_curvature': 2.4000000000000012}
2026-03-06 10:05:13 - UAVPathPlanner - [32mINFO[0m - 參數已更新: {'spiral_curvature': 2.5000000000000013}
2026-03-06 10:05:13 - UAVPathPlanner - [32mINFO[0m - 參數已更新: {'spiral_curvature': 2.6000000000000014}
2026-03-06 10:05:13 - UAVPathPlanner - [32mINFO[0m - 參數已更新: {'spiral_curvature': 2.7000000000000015}
2026-03-06 10:05:13 - UAVPathPlanner - [32mINFO[0m - 參數已更新: {'spiral_curvature': 2.8000000000000016}
2026-03-06 10:05:13 - UAVPathPlanner - [32mINFO[0m - 參數已更新: {'spiral_curvature': 2.9000000000000017}
2026-03-06 10:05:13 - UAVPathPlanner - [32mINFO[0m - 參數已更新: {'spiral_curvature': 3.0000000000000018}
2026-03-06 10:05:14 - UAVPathPlanner - [32mINFO[0m - 參數已更新: {'spiral_curvature': 3.100000000000002}
2026-03-06 10:05:14 - UAVPathPlanner - [32mINFO[0m - 參數已更新: {'spiral_curvature': 3.200000000000002}
2026-03-06 10:05:14 - UAVPathPlanner - [32mINFO[0m - 參數已更新: {'spiral_curvature': 3.300000000000002}
2026-03-06 10:05:14 - UAVPathPlanner - [32mINFO[0m - 參數已更新: {'spiral_curvature': 3.400000000000002}
2026-03-06 10:05:14 - UAVPathPlanner - [32mINFO[0m - 參數已更新: {'spiral_curvature': 3.500000000000002}
2026-03-06 10:05:14 - UAVPathPlanner - [32mINFO[0m - 參數已更新: {'spiral_curvature': 3.6000000000000023}
2026-03-06 10:05:14 - UAVPathPlanner - [32mINFO[0m - 參數已更新: {'spiral_curvature': 3.7000000000000024}
2026-03-06 10:05:14 - UAVPathPlanner - [32mINFO[0m - 參數已更新: {'spiral_curvature': 3.8000000000000025}
2026-03-06 10:05:14 - UAVPathPlanner - [32mINFO[0m - 參數已更新: {'spiral_curvature': 3.9000000000000026}
2026-03-06 10:05:14 - UAVPathPlanner - [32mINFO[0m - 參數已更新: {'spiral_curvature': 4.000000000000003}
2026-03-06 10:05:14 - UAVPathPlanner - [32mINFO[0m - 參數已更新: {'spiral_curvature': 4.100000000000002}
2026-03-06 10:05:15 - UAVPathPlanner - [32mINFO[0m - 插入進場弧：22 個弧段點，起飛→任務轉向平滑化
2026-03-06 10:05:15 - UAVPathPlanner - [32mINFO[0m - 插入離場弧：4 個弧段點 + lead_in，runway_hdg=180°，opp=0°→五邊進場
2026-03-06 10:05:16 - UAVPathPlanner - [32mINFO[0m - 固定翼任務生成: 535 個航點, 總距離 5721m, 轉彎半徑=50m
2026-03-06 10:05:16 - UAVPathPlanner - [32mINFO[0m - 請求預覽路徑
2026-03-06 10:05:24 - UAVPathPlanner - [32mINFO[0m - 應用程式關閉
2026-03-06 10:05:24 - UAVPathPlanner - [32mINFO[0m - UAV Path Planner 已退出
2026-03-06 10:25:58 - UAVPathPlanner - [32mINFO[0m - ============================================================
2026-03-06 10:25:58 - UAVPathPlanner - [32mINFO[0m - UAV Path Planner 啟動
2026-03-06 10:25:58 - UAVPathPlanner - [32mINFO[0m - 版本: 2.0.0
2026-03-06 10:25:58 - UAVPathPlanner - [32mINFO[0m - ============================================================
2026-03-06 10:25:58 - UAVPathPlanner - [32mINFO[0m - 配置文件: 使用預設配置
2026-03-06 10:25:58 - UAVPathPlanner - [32mINFO[0m - 飛行器配置載入成功: 4 種類型
2026-03-06 10:25:58 - UAVPathPlanner - [32mINFO[0m - 啟動 GUI 模式...
2026-03-06 10:25:58 - UAVPathPlanner - [32mINFO[0m - QtWebEngineWidgets 載入成功
2026-03-06 10:25:59 - UAVPathPlanner - [32mINFO[0m - 地圖初始化成功
2026-03-06 10:25:59 - UAVPathPlanner - [32mINFO[0m - 地圖組件初始化完成
2026-03-06 10:25:59 - UAVPathPlanner - [32mINFO[0m - 參數面板初始化完成
2026-03-06 10:25:59 - UAVPathPlanner - [32mINFO[0m - 任務面板初始化完成
2026-03-06 10:25:59 - UAVPathPlanner - [32mINFO[0m - 快捷鍵設置完成: Enter=生成路徑, Delete=刪除角點, Esc=清除路徑
2026-03-06 10:25:59 - UAVPathPlanner - [33mWARNING[0m - 樣式表不存在: c:\Users\joy46\Documents\DWA_path_planner-main\ui\resources\styles\dark_theme.qss
2026-03-06 10:25:59 - UAVPathPlanner - [32mINFO[0m - 主視窗初始化完成
2026-03-06 10:25:59 - UAVPathPlanner - [32mINFO[0m - GUI 啟動成功
2026-03-06 10:26:02 - UAVPathPlanner - [32mINFO[0m - 參數已更新: {'vehicle_model': ''}
2026-03-06 10:26:02 - UAVPathPlanner - [32mINFO[0m - 載具型號變更: 
2026-03-06 10:26:02 - UAVPathPlanner - [32mINFO[0m - 參數已更新: {'vehicle_model': '衝浪者 (Surfer)'}
2026-03-06 10:26:02 - UAVPathPlanner - [32mINFO[0m - 參數已更新: {'speed': 18.0}
2026-03-06 10:26:02 - UAVPathPlanner - [32mINFO[0m - 轉彎半徑檢測: 半徑=50m, 速度=18.0m/s, 狀態=ok, 傾斜角=33.4°
2026-03-06 10:26:02 - UAVPathPlanner - [32mINFO[0m - 參數已更新: {'altitude': 100.0}
2026-03-06 10:26:02 - UAVPathPlanner - [32mINFO[0m - 轉彎半徑檢測: 半徑=50m, 速度=18.0m/s, 狀態=ok, 傾斜角=33.4°
2026-03-06 10:26:02 - UAVPathPlanner - [32mINFO[0m - 載具型號變更: 衝浪者 (Surfer)
2026-03-06 10:26:02 - UAVPathPlanner - [32mINFO[0m - 參數已更新: {'vehicle_type': '固定翼'}
2026-03-06 10:26:02 - UAVPathPlanner - [32mINFO[0m - 轉彎半徑檢測: 半徑=50m, 速度=18.0m/s, 狀態=ok, 傾斜角=33.4°
2026-03-06 10:26:02 - UAVPathPlanner - [32mINFO[0m - 載具類型變更: 固定翼
2026-03-06 10:26:04 - UAVPathPlanner - [32mINFO[0m - 演算法變更: spiral
2026-03-06 10:26:04 - UAVPathPlanner - [32mINFO[0m - 參數已更新: {'algorithm': 'spiral'}
2026-03-06 10:26:04 - UAVPathPlanner - [32mINFO[0m - 演算法變更: spiral - 螺旋掃描：從外圍向中心螺旋掃描
2026-03-06 10:26:06 - UAVPathPlanner - [32mINFO[0m - 參數已更新: {'circle_max_radius': 199.0}
2026-03-06 10:26:06 - UAVPathPlanner - [32mINFO[0m - 參數已更新: {'spiral_curvature': 0.9}
2026-03-06 10:26:06 - UAVPathPlanner - [32mINFO[0m - 圓形拖曳模式: 啟用
2026-03-06 10:26:06 - UAVPathPlanner - [32mINFO[0m - 進入地圖拖曳定義圓形模式
2026-03-06 10:26:22 - UAVPathPlanner - [32mINFO[0m - 請求預覽路徑
2026-03-06 10:26:23 - UAVPathPlanner - [32mINFO[0m - 圓形拖曳模式: 啟用
2026-03-06 10:26:23 - UAVPathPlanner - [32mINFO[0m - 進入地圖拖曳定義圓形模式
2026-03-06 10:26:26 - UAVPathPlanner - [32mINFO[0m - 參數已更新: {'circle_center_lat': 23.702094739045886}
2026-03-06 10:26:26 - UAVPathPlanner - [32mINFO[0m - 參數已更新: {'circle_center_lon': 120.42314178339528}
2026-03-06 10:26:26 - UAVPathPlanner - [32mINFO[0m - 參數已更新: {'circle_max_radius': 412}
2026-03-06 10:26:26 - UAVPathPlanner - [32mINFO[0m - 拖曳圓形定義：圓心=23.702095,120.423142, r=411.5m
2026-03-06 10:26:26 - UAVPathPlanner - [32mINFO[0m - 圓形定義完成: (23.702095, 120.423142), r=411.5m
2026-03-06 10:26:28 - UAVPathPlanner - [32mINFO[0m - 插入進場弧：22 個弧段點，起飛→任務轉向平滑化
2026-03-06 10:26:28 - UAVPathPlanner - [32mINFO[0m - 插入離場弧：5 個弧段點 + lead_in，runway_hdg=180°，opp=0°→五邊進場
2026-03-06 10:26:28 - UAVPathPlanner - [33mWARNING[0m - [WP 限制] 固定翼單區任務: 2388 → 549 航點（Mission Planner 上限 655）
2026-03-06 10:26:30 - UAVPathPlanner - [32mINFO[0m - 固定翼任務生成: 2388 個航點, 總距離 31252m, 轉彎半徑=50m
2026-03-06 10:26:30 - UAVPathPlanner - [32mINFO[0m - 請求預覽路徑
2026-03-06 10:26:44 - UAVPathPlanner - [32mINFO[0m - 參數已更新: {'spiral_alt_step': 1.0}
2026-03-06 10:26:44 - UAVPathPlanner - [32mINFO[0m - 參數已更新: {'spiral_alt_step': 2.0}
2026-03-06 10:26:44 - UAVPathPlanner - [32mINFO[0m - 參數已更新: {'spiral_alt_step': 3.0}
2026-03-06 10:26:44 - UAVPathPlanner - [32mINFO[0m - 參數已更新: {'spiral_alt_step': 4.0}
2026-03-06 10:26:44 - UAVPathPlanner - [32mINFO[0m - 參數已更新: {'spiral_alt_step': 5.0}
2026-03-06 10:26:44 - UAVPathPlanner - [32mINFO[0m - 參數已更新: {'spiral_alt_step': 6.0}
2026-03-06 10:26:46 - UAVPathPlanner - [32mINFO[0m - 參數已更新: {'circle_max_radius': 413.0}
2026-03-06 10:26:47 - UAVPathPlanner - [32mINFO[0m - 參數已更新: {'circle_max_radius': 419.0}
2026-03-06 10:26:47 - UAVPathPlanner - [32mINFO[0m - 參數已更新: {'spiral_curvature': 0.8}
2026-03-06 10:26:47 - UAVPathPlanner - [32mINFO[0m - 參數已更新: {'spiral_curvature': 0.9}
2026-03-06 10:26:47 - UAVPathPlanner - [32mINFO[0m - 參數已更新: {'spiral_curvature': 1.0}
2026-03-06 10:26:47 - UAVPathPlanner - [32mINFO[0m - 參數已更新: {'spiral_curvature': 1.1}
2026-03-06 10:26:48 - UAVPathPlanner - [32mINFO[0m - 參數已更新: {'spiral_curvature': 1.2000000000000002}
2026-03-06 10:26:48 - UAVPathPlanner - [32mINFO[0m - 參數已更新: {'spiral_curvature': 1.3000000000000003}
2026-03-06 10:26:48 - UAVPathPlanner - [32mINFO[0m - 參數已更新: {'spiral_curvature': 1.4000000000000004}
2026-03-06 10:26:48 - UAVPathPlanner - [32mINFO[0m - 參數已更新: {'spiral_curvature': 1.5000000000000004}
2026-03-06 10:26:48 - UAVPathPlanner - [32mINFO[0m - 參數已更新: {'spiral_curvature': 1.6000000000000005}
2026-03-06 10:26:48 - UAVPathPlanner - [32mINFO[0m - 參數已更新: {'spiral_curvature': 1.7000000000000006}
2026-03-06 10:26:48 - UAVPathPlanner - [32mINFO[0m - 參數已更新: {'spiral_curvature': 1.8000000000000007}
2026-03-06 10:26:49 - UAVPathPlanner - [32mINFO[0m - 參數已更新: {'spiral_curvature': 1.9000000000000008}
2026-03-06 10:26:49 - UAVPathPlanner - [32mINFO[0m - 參數已更新: {'spiral_curvature': 2.000000000000001}
2026-03-06 10:26:49 - UAVPathPlanner - [32mINFO[0m - 參數已更新: {'spiral_curvature': 2.100000000000001}
2026-03-06 10:26:49 - UAVPathPlanner - [32mINFO[0m - 參數已更新: {'spiral_curvature': 2.200000000000001}
2026-03-06 10:26:49 - UAVPathPlanner - [32mINFO[0m - 參數已更新: {'spiral_curvature': 2.300000000000001}
2026-03-06 10:26:51 - UAVPathPlanner - [32mINFO[0m - 插入進場弧：22 個弧段點，起飛→任務轉向平滑化
2026-03-06 10:26:51 - UAVPathPlanner - [32mINFO[0m - 插入離場弧：13 個弧段點 + lead_in，runway_hdg=180°，opp=0°→五邊進場
2026-03-06 10:26:51 - UAVPathPlanner - [33mWARNING[0m - [WP 限制] 固定翼單區任務: 1104 → 563 航點（Mission Planner 上限 655）
2026-03-06 10:26:52 - UAVPathPlanner - [32mINFO[0m - 固定翼任務生成: 1104 個航點, 總距離 14423m, 轉彎半徑=50m
2026-03-06 10:26:52 - UAVPathPlanner - [32mINFO[0m - 請求預覽路徑
2026-03-06 10:26:53 - UAVPathPlanner - [32mINFO[0m - 參數已更新: {'spiral_curvature': 2.4000000000000012}
2026-03-06 10:26:53 - UAVPathPlanner - [32mINFO[0m - 參數已更新: {'spiral_curvature': 2.5000000000000013}
2026-03-06 10:26:53 - UAVPathPlanner - [32mINFO[0m - 參數已更新: {'spiral_curvature': 2.6000000000000014}
2026-03-06 10:26:53 - UAVPathPlanner - [32mINFO[0m - 參數已更新: {'spiral_curvature': 2.7000000000000015}
2026-03-06 10:26:53 - UAVPathPlanner - [32mINFO[0m - 參數已更新: {'spiral_curvature': 2.9000000000000017}
2026-03-06 10:26:53 - UAVPathPlanner - [32mINFO[0m - 參數已更新: {'spiral_curvature': 3.0000000000000018}
2026-03-06 10:26:53 - UAVPathPlanner - [32mINFO[0m - 參數已更新: {'spiral_curvature': 3.200000000000002}
2026-03-06 10:26:54 - UAVPathPlanner - [32mINFO[0m - 參數已更新: {'spiral_curvature': 3.5000000000000018}
2026-03-06 10:26:54 - UAVPathPlanner - [32mINFO[0m - 參數已更新: {'spiral_curvature': 3.8000000000000016}
2026-03-06 10:26:54 - UAVPathPlanner - [32mINFO[0m - 參數已更新: {'spiral_curvature': 4.100000000000001}
2026-03-06 10:26:54 - UAVPathPlanner - [32mINFO[0m - 參數已更新: {'spiral_curvature': 4.200000000000001}
2026-03-06 10:26:54 - UAVPathPlanner - [32mINFO[0m - 參數已更新: {'spiral_curvature': 4.300000000000001}
2026-03-06 10:26:54 - UAVPathPlanner - [32mINFO[0m - 參數已更新: {'spiral_curvature': 4.4}
2026-03-06 10:26:54 - UAVPathPlanner - [32mINFO[0m - 參數已更新: {'spiral_curvature': 4.6000000000000005}
2026-03-06 10:26:54 - UAVPathPlanner - [32mINFO[0m - 參數已更新: {'spiral_curvature': 4.7}
2026-03-06 10:26:54 - UAVPathPlanner - [32mINFO[0m - 參數已更新: {'spiral_curvature': 4.9}
2026-03-06 10:26:54 - UAVPathPlanner - [32mINFO[0m - 參數已更新: {'spiral_curvature': 5.0}
2026-03-06 10:26:54 - UAVPathPlanner - [32mINFO[0m - 參數已更新: {'spiral_alt_step': 7.0}
2026-03-06 10:26:55 - UAVPathPlanner - [32mINFO[0m - 插入進場弧：22 個弧段點，起飛→任務轉向平滑化
2026-03-06 10:26:55 - UAVPathPlanner - [32mINFO[0m - 插入離場弧：14 個弧段點 + lead_in，runway_hdg=180°，opp=0°→五邊進場
2026-03-06 10:26:57 - UAVPathPlanner - [32mINFO[0m - 固定翼任務生成: 607 個航點, 總距離 8139m, 轉彎半徑=50m
2026-03-06 10:26:57 - UAVPathPlanner - [32mINFO[0m - 請求預覽路徑
2026-03-06 10:27:27 - UAVPathPlanner - [32mINFO[0m - 參數已更新: {'subdivisions': 2}
2026-03-06 10:27:28 - UAVPathPlanner - [32mINFO[0m - 參數已更新: {'spacing': 19.0}
2026-03-06 10:27:28 - UAVPathPlanner - [32mINFO[0m - 參數已更新: {'spacing': 18.0}
2026-03-06 10:27:29 - UAVPathPlanner - [32mINFO[0m - 參數已更新: {'spacing': 17.0}
2026-03-06 10:27:29 - UAVPathPlanner - [32mINFO[0m - 參數已更新: {'spacing': 18.0}
2026-03-06 10:27:29 - UAVPathPlanner - [32mINFO[0m - 參數已更新: {'spacing': 19.0}
2026-03-06 10:27:29 - UAVPathPlanner - [32mINFO[0m - 參數已更新: {'spacing': 20.0}
2026-03-06 10:27:29 - UAVPathPlanner - [32mINFO[0m - 參數已更新: {'spacing': 21.0}
2026-03-06 10:27:29 - UAVPathPlanner - [32mINFO[0m - 參數已更新: {'spacing': 22.0}
2026-03-06 10:27:29 - UAVPathPlanner - [32mINFO[0m - 參數已更新: {'spacing': 23.0}
2026-03-06 10:27:29 - UAVPathPlanner - [32mINFO[0m - 參數已更新: {'spacing': 24.0}
2026-03-06 10:27:29 - UAVPathPlanner - [32mINFO[0m - 參數已更新: {'spacing': 25.0}
2026-03-06 10:27:29 - UAVPathPlanner - [32mINFO[0m - 參數已更新: {'spacing': 26.0}
2026-03-06 10:27:29 - UAVPathPlanner - [32mINFO[0m - 參數已更新: {'spacing': 27.0}
2026-03-06 10:27:29 - UAVPathPlanner - [32mINFO[0m - 參數已更新: {'spacing': 28.0}
2026-03-06 10:27:29 - UAVPathPlanner - [32mINFO[0m - 參數已更新: {'spacing': 29.0}
2026-03-06 10:27:29 - UAVPathPlanner - [32mINFO[0m - 參數已更新: {'spacing': 30.0}
2026-03-06 10:27:29 - UAVPathPlanner - [32mINFO[0m - 參數已更新: {'spacing': 31.0}
2026-03-06 10:27:29 - UAVPathPlanner - [32mINFO[0m - 參數已更新: {'spacing': 32.0}
2026-03-06 10:27:30 - UAVPathPlanner - [32mINFO[0m - 參數已更新: {'spacing': 33.0}
2026-03-06 10:27:30 - UAVPathPlanner - [32mINFO[0m - 參數已更新: {'spacing': 34.0}
2026-03-06 10:27:31 - UAVPathPlanner - [33mWARNING[0m - [WP 限制] 固定翼多分區: 769 → 584 航點（Mission Planner 上限 655）
2026-03-06 10:27:32 - UAVPathPlanner - [32mINFO[0m - 固定翼多分區任務: 2 區, 584 航點, 34353m
2026-03-06 10:27:32 - UAVPathPlanner - [32mINFO[0m - 請求預覽路徑
2026-03-06 10:27:33 - UAVPathPlanner - [32mINFO[0m - 參數已更新: {'subdivisions': 1}
2026-03-06 10:27:33 - UAVPathPlanner - [32mINFO[0m - 參數已更新: {'spacing': 35.0}
2026-03-06 10:27:33 - UAVPathPlanner - [32mINFO[0m - 參數已更新: {'spacing': 36.0}
2026-03-06 10:27:33 - UAVPathPlanner - [32mINFO[0m - 參數已更新: {'spacing': 37.0}
2026-03-06 10:27:33 - UAVPathPlanner - [32mINFO[0m - 參數已更新: {'spacing': 38.0}
2026-03-06 10:27:34 - UAVPathPlanner - [32mINFO[0m - 參數已更新: {'spacing': 39.0}
2026-03-06 10:27:34 - UAVPathPlanner - [32mINFO[0m - 參數已更新: {'spacing': 40.0}
2026-03-06 10:27:34 - UAVPathPlanner - [32mINFO[0m - 參數已更新: {'spacing': 41.0}
2026-03-06 10:27:34 - UAVPathPlanner - [32mINFO[0m - 參數已更新: {'spacing': 42.0}
2026-03-06 10:27:34 - UAVPathPlanner - [32mINFO[0m - 參數已更新: {'spacing': 43.0}
2026-03-06 10:27:34 - UAVPathPlanner - [32mINFO[0m - 參數已更新: {'spacing': 44.0}
2026-03-06 10:27:34 - UAVPathPlanner - [32mINFO[0m - 參數已更新: {'spacing': 45.0}
2026-03-06 10:27:34 - UAVPathPlanner - [32mINFO[0m - 參數已更新: {'spacing': 46.0}
2026-03-06 10:27:34 - UAVPathPlanner - [32mINFO[0m - 參數已更新: {'spacing': 47.0}
2026-03-06 10:27:34 - UAVPathPlanner - [32mINFO[0m - 參數已更新: {'spacing': 48.0}
2026-03-06 10:27:34 - UAVPathPlanner - [32mINFO[0m - 參數已更新: {'spacing': 49.0}
2026-03-06 10:27:34 - UAVPathPlanner - [32mINFO[0m - 參數已更新: {'spacing': 50.0}
2026-03-06 10:27:34 - UAVPathPlanner - [32mINFO[0m - 參數已更新: {'spacing': 51.0}
2026-03-06 10:27:35 - UAVPathPlanner - [32mINFO[0m - 參數已更新: {'spacing': 50.0}
2026-03-06 10:27:36 - UAVPathPlanner - [32mINFO[0m - 插入進場弧：22 個弧段點，起飛→任務轉向平滑化
2026-03-06 10:27:36 - UAVPathPlanner - [32mINFO[0m - 插入離場弧：17 個弧段點 + lead_in，runway_hdg=180°，opp=0°→五邊進場
2026-03-06 10:27:37 - UAVPathPlanner - [32mINFO[0m - 固定翼任務生成: 368 個航點, 總距離 4891m, 轉彎半徑=50m
2026-03-06 10:27:37 - UAVPathPlanner - [32mINFO[0m - 請求預覽路徑
2026-03-06 10:27:50 - UAVPathPlanner - [32mINFO[0m - 參數已更新: {'fw_takeoff_bearing': 9.0}
2026-03-06 10:27:50 - UAVPathPlanner - [32mINFO[0m - 參數已更新: {'fw_takeoff_bearing': 90.0}
2026-03-06 10:27:51 - UAVPathPlanner - [32mINFO[0m - 插入進場弧：22 個弧段點，起飛→任務轉向平滑化
2026-03-06 10:27:51 - UAVPathPlanner - [32mINFO[0m - 插入離場弧：17 個弧段點 + lead_in，runway_hdg=180°，opp=0°→五邊進場
2026-03-06 10:27:52 - UAVPathPlanner - [32mINFO[0m - 固定翼任務生成: 372 個航點, 總距離 4303m, 轉彎半徑=50m
2026-03-06 10:27:55 - UAVPathPlanner - [32mINFO[0m - 參數已更新: {'fw_takeoff_bearing': 1.0}
2026-03-06 10:27:55 - UAVPathPlanner - [32mINFO[0m - 參數已更新: {'fw_takeoff_bearing': 18.0}
2026-03-06 10:27:56 - UAVPathPlanner - [32mINFO[0m - 參數已更新: {'fw_takeoff_bearing': 180.0}
2026-03-06 10:27:56 - UAVPathPlanner - [32mINFO[0m - 插入進場弧：22 個弧段點，起飛→任務轉向平滑化
2026-03-06 10:27:56 - UAVPathPlanner - [32mINFO[0m - 插入離場弧：0 個弧段點 + lead_in，runway_hdg=180°，opp=0°→五邊進場
2026-03-06 10:27:58 - UAVPathPlanner - [32mINFO[0m - 固定翼任務生成: 317 個航點, 總距離 4388m, 轉彎半徑=50m
2026-03-06 10:28:03 - UAVPathPlanner - [32mINFO[0m - 參數已更新: {'spacing': 49.0}
2026-03-06 10:28:03 - UAVPathPlanner - [32mINFO[0m - 參數已更新: {'spacing': 48.0}
2026-03-06 10:28:03 - UAVPathPlanner - [32mINFO[0m - 參數已更新: {'spacing': 47.0}
2026-03-06 10:28:03 - UAVPathPlanner - [32mINFO[0m - 參數已更新: {'spacing': 46.0}
2026-03-06 10:28:03 - UAVPathPlanner - [32mINFO[0m - 參數已更新: {'spacing': 43.0}
2026-03-06 10:28:03 - UAVPathPlanner - [32mINFO[0m - 參數已更新: {'spacing': 41.0}
2026-03-06 10:28:03 - UAVPathPlanner - [32mINFO[0m - 參數已更新: {'spacing': 39.0}
2026-03-06 10:28:03 - UAVPathPlanner - [32mINFO[0m - 參數已更新: {'spacing': 36.0}
2026-03-06 10:28:03 - UAVPathPlanner - [32mINFO[0m - 參數已更新: {'spacing': 33.0}
2026-03-06 10:28:03 - UAVPathPlanner - [32mINFO[0m - 參數已更新: {'spacing': 30.0}
2026-03-06 10:28:03 - UAVPathPlanner - [32mINFO[0m - 參數已更新: {'spacing': 28.0}
2026-03-06 10:28:03 - UAVPathPlanner - [32mINFO[0m - 參數已更新: {'spacing': 25.0}
2026-03-06 10:28:04 - UAVPathPlanner - [32mINFO[0m - 參數已更新: {'spacing': 22.0}
2026-03-06 10:28:04 - UAVPathPlanner - [32mINFO[0m - 參數已更新: {'spacing': 19.0}
2026-03-06 10:28:04 - UAVPathPlanner - [32mINFO[0m - 參數已更新: {'spacing': 17.0}
2026-03-06 10:28:04 - UAVPathPlanner - [32mINFO[0m - 參數已更新: {'spacing': 14.0}
2026-03-06 10:28:04 - UAVPathPlanner - [32mINFO[0m - 參數已更新: {'spacing': 11.0}
2026-03-06 10:28:04 - UAVPathPlanner - [32mINFO[0m - 參數已更新: {'spacing': 9.0}
2026-03-06 10:28:04 - UAVPathPlanner - [32mINFO[0m - 參數已更新: {'spacing': 6.0}
2026-03-06 10:28:04 - UAVPathPlanner - [32mINFO[0m - 參數已更新: {'spacing': 3.0}
2026-03-06 10:28:04 - UAVPathPlanner - [32mINFO[0m - 參數已更新: {'spacing': 1.0}
2026-03-06 10:28:04 - UAVPathPlanner - [32mINFO[0m - 參數已更新: {'spacing': 0.5}
2026-03-06 10:28:04 - UAVPathPlanner - [32mINFO[0m - 參數已更新: {'spacing': 1.5}
2026-03-06 10:28:04 - UAVPathPlanner - [32mINFO[0m - 參數已更新: {'spacing': 2.5}
2026-03-06 10:28:04 - UAVPathPlanner - [32mINFO[0m - 參數已更新: {'spacing': 3.5}
2026-03-06 10:28:04 - UAVPathPlanner - [32mINFO[0m - 參數已更新: {'spacing': 5.5}
2026-03-06 10:28:04 - UAVPathPlanner - [32mINFO[0m - 參數已更新: {'spacing': 8.5}
2026-03-06 10:28:04 - UAVPathPlanner - [32mINFO[0m - 參數已更新: {'spacing': 9.5}
2026-03-06 10:28:04 - UAVPathPlanner - [32mINFO[0m - 參數已更新: {'spacing': 10.5}
2026-03-06 10:28:04 - UAVPathPlanner - [32mINFO[0m - 參數已更新: {'spacing': 12.5}
2026-03-06 10:28:05 - UAVPathPlanner - [32mINFO[0m - 參數已更新: {'spacing': 14.5}
2026-03-06 10:28:05 - UAVPathPlanner - [32mINFO[0m - 參數已更新: {'spacing': 16.5}
2026-03-06 10:28:05 - UAVPathPlanner - [32mINFO[0m - 參數已更新: {'spacing': 17.5}
2026-03-06 10:28:05 - UAVPathPlanner - [32mINFO[0m - 參數已更新: {'spacing': 18.5}
2026-03-06 10:28:05 - UAVPathPlanner - [32mINFO[0m - 參數已更新: {'spacing': 19.5}
2026-03-06 10:28:05 - UAVPathPlanner - [32mINFO[0m - 參數已更新: {'spacing': 21.5}
2026-03-06 10:28:05 - UAVPathPlanner - [32mINFO[0m - 參數已更新: {'spacing': 23.5}
2026-03-06 10:28:05 - UAVPathPlanner - [32mINFO[0m - 參數已更新: {'spacing': 24.5}
2026-03-06 10:28:05 - UAVPathPlanner - [32mINFO[0m - 參數已更新: {'spacing': 26.5}
2026-03-06 10:28:05 - UAVPathPlanner - [32mINFO[0m - 參數已更新: {'spacing': 28.5}
2026-03-06 10:28:05 - UAVPathPlanner - [32mINFO[0m - 參數已更新: {'spacing': 29.5}
2026-03-06 10:28:05 - UAVPathPlanner - [32mINFO[0m - 參數已更新: {'spacing': 31.5}
2026-03-06 10:28:05 - UAVPathPlanner - [32mINFO[0m - 參數已更新: {'spacing': 32.5}
2026-03-06 10:28:05 - UAVPathPlanner - [32mINFO[0m - 參數已更新: {'spacing': 34.5}
2026-03-06 10:28:05 - UAVPathPlanner - [32mINFO[0m - 參數已更新: {'spacing': 36.5}
2026-03-06 10:28:05 - UAVPathPlanner - [32mINFO[0m - 參數已更新: {'spacing': 37.5}
2026-03-06 10:28:05 - UAVPathPlanner - [32mINFO[0m - 參數已更新: {'spacing': 38.5}
2026-03-06 10:28:05 - UAVPathPlanner - [32mINFO[0m - 參數已更新: {'spacing': 39.5}
2026-03-06 10:28:06 - UAVPathPlanner - [32mINFO[0m - 插入進場弧：22 個弧段點，起飛→任務轉向平滑化
2026-03-06 10:28:06 - UAVPathPlanner - [32mINFO[0m - 插入離場弧：21 個弧段點 + lead_in，runway_hdg=180°，opp=0°→五邊進場
2026-03-06 10:28:07 - UAVPathPlanner - [32mINFO[0m - 固定翼任務生成: 418 個航點, 總距離 5218m, 轉彎半徑=50m
2026-03-06 10:28:07 - UAVPathPlanner - [32mINFO[0m - 請求預覽路徑
2026-03-06 10:28:13 - UAVPathPlanner - [32mINFO[0m - 參數已更新: {'spacing': 40.5}
2026-03-06 10:28:13 - UAVPathPlanner - [32mINFO[0m - 參數已更新: {'spacing': 41.5}
2026-03-06 10:28:13 - UAVPathPlanner - [32mINFO[0m - 參數已更新: {'spacing': 42.5}
2026-03-06 10:28:13 - UAVPathPlanner - [32mINFO[0m - 參數已更新: {'spacing': 43.5}
2026-03-06 10:28:13 - UAVPathPlanner - [32mINFO[0m - 參數已更新: {'spacing': 44.5}
2026-03-06 10:28:13 - UAVPathPlanner - [32mINFO[0m - 參數已更新: {'spacing': 45.5}
2026-03-06 10:28:13 - UAVPathPlanner - [32mINFO[0m - 參數已更新: {'spacing': 46.5}
2026-03-06 10:28:13 - UAVPathPlanner - [32mINFO[0m - 參數已更新: {'spacing': 47.5}
2026-03-06 10:28:13 - UAVPathPlanner - [32mINFO[0m - 參數已更新: {'spacing': 48.5}
2026-03-06 10:28:13 - UAVPathPlanner - [32mINFO[0m - 參數已更新: {'spacing': 49.5}
2026-03-06 10:28:13 - UAVPathPlanner - [32mINFO[0m - 參數已更新: {'spacing': 50.5}
2026-03-06 10:28:14 - UAVPathPlanner - [32mINFO[0m - 參數已更新: {'spacing': 51.5}
2026-03-06 10:28:15 - UAVPathPlanner - [32mINFO[0m - 參數已更新: {'spiral_curvature': 4.9}
2026-03-06 10:28:15 - UAVPathPlanner - [32mINFO[0m - 參數已更新: {'spiral_curvature': 4.800000000000001}
2026-03-06 10:28:15 - UAVPathPlanner - [32mINFO[0m - 參數已更新: {'spiral_curvature': 4.700000000000001}
2026-03-06 10:28:15 - UAVPathPlanner - [32mINFO[0m - 參數已更新: {'spiral_curvature': 4.600000000000001}
2026-03-06 10:28:15 - UAVPathPlanner - [32mINFO[0m - 參數已更新: {'spiral_curvature': 4.500000000000002}
2026-03-06 10:28:15 - UAVPathPlanner - [32mINFO[0m - 參數已更新: {'spiral_curvature': 4.400000000000002}
2026-03-06 10:28:15 - UAVPathPlanner - [32mINFO[0m - 參數已更新: {'spiral_curvature': 4.3000000000000025}
2026-03-06 10:28:15 - UAVPathPlanner - [32mINFO[0m - 參數已更新: {'spiral_curvature': 4.200000000000003}
2026-03-06 10:28:15 - UAVPathPlanner - [32mINFO[0m - 參數已更新: {'spiral_curvature': 4.100000000000003}
2026-03-06 10:28:16 - UAVPathPlanner - [32mINFO[0m - 參數已更新: {'spiral_curvature': 4.0000000000000036}
2026-03-06 10:28:16 - UAVPathPlanner - [32mINFO[0m - 參數已更新: {'spiral_curvature': 3.9000000000000035}
2026-03-06 10:28:16 - UAVPathPlanner - [32mINFO[0m - 參數已更新: {'spiral_curvature': 3.8000000000000034}
2026-03-06 10:28:16 - UAVPathPlanner - [32mINFO[0m - 參數已更新: {'spiral_curvature': 3.7000000000000033}
2026-03-06 10:28:16 - UAVPathPlanner - [32mINFO[0m - 插入進場弧：22 個弧段點，起飛→任務轉向平滑化
2026-03-06 10:28:16 - UAVPathPlanner - [32mINFO[0m - 插入離場弧：19 個弧段點 + lead_in，runway_hdg=180°，opp=0°→五邊進場
2026-03-06 10:28:18 - UAVPathPlanner - [32mINFO[0m - 固定翼任務生成: 418 個航點, 總距離 5432m, 轉彎半徑=50m
2026-03-06 10:28:18 - UAVPathPlanner - [32mINFO[0m - 請求預覽路徑
2026-03-06 10:28:19 - UAVPathPlanner - [32mINFO[0m - 參數已更新: {'spiral_curvature': 3.600000000000003}
2026-03-06 10:28:19 - UAVPathPlanner - [32mINFO[0m - 參數已更新: {'spiral_curvature': 3.500000000000003}
2026-03-06 10:28:19 - UAVPathPlanner - [32mINFO[0m - 參數已更新: {'spiral_curvature': 3.300000000000003}
2026-03-06 10:28:19 - UAVPathPlanner - [32mINFO[0m - 參數已更新: {'spiral_curvature': 3.200000000000003}
2026-03-06 10:28:19 - UAVPathPlanner - [32mINFO[0m - 參數已更新: {'spiral_curvature': 2.900000000000003}
2026-03-06 10:28:19 - UAVPathPlanner - [32mINFO[0m - 參數已更新: {'spiral_curvature': 2.600000000000003}
2026-03-06 10:28:19 - UAVPathPlanner - [32mINFO[0m - 參數已更新: {'spiral_curvature': 2.400000000000003}
2026-03-06 10:28:19 - UAVPathPlanner - [32mINFO[0m - 參數已更新: {'spiral_curvature': 2.200000000000003}
2026-03-06 10:28:20 - UAVPathPlanner - [32mINFO[0m - 參數已更新: {'spiral_curvature': 2.0000000000000027}
2026-03-06 10:28:20 - UAVPathPlanner - [32mINFO[0m - 參數已更新: {'spiral_curvature': 1.8000000000000027}
2026-03-06 10:28:20 - UAVPathPlanner - [32mINFO[0m - 參數已更新: {'spiral_curvature': 1.6000000000000028}
2026-03-06 10:28:20 - UAVPathPlanner - [32mINFO[0m - 參數已更新: {'spiral_curvature': 1.5000000000000027}
2026-03-06 10:28:20 - UAVPathPlanner - [32mINFO[0m - 參數已更新: {'spiral_curvature': 1.3000000000000027}
2026-03-06 10:28:20 - UAVPathPlanner - [32mINFO[0m - 參數已更新: {'spiral_curvature': 1.1000000000000028}
2026-03-06 10:28:20 - UAVPathPlanner - [32mINFO[0m - 參數已更新: {'spiral_curvature': 0.9000000000000028}
2026-03-06 10:28:20 - UAVPathPlanner - [32mINFO[0m - 參數已更新: {'spiral_curvature': 0.7000000000000028}
2026-03-06 10:28:20 - UAVPathPlanner - [32mINFO[0m - 參數已更新: {'spiral_curvature': 0.5000000000000029}
2026-03-06 10:28:20 - UAVPathPlanner - [32mINFO[0m - 參數已更新: {'spiral_curvature': 0.3000000000000029}
2026-03-06 10:28:20 - UAVPathPlanner - [32mINFO[0m - 參數已更新: {'spiral_curvature': 0.10000000000000286}
2026-03-06 10:28:20 - UAVPathPlanner - [32mINFO[0m - 參數已更新: {'spiral_curvature': 0.1}
2026-03-06 10:28:21 - UAVPathPlanner - [32mINFO[0m - 插入進場弧：22 個弧段點，起飛→任務轉向平滑化
2026-03-06 10:28:21 - UAVPathPlanner - [32mINFO[0m - 插入離場弧：19 個弧段點 + lead_in，runway_hdg=180°，opp=0°→五邊進場
2026-03-06 10:28:30 - UAVPathPlanner - [33mWARNING[0m - [WP 限制] 固定翼單區任務: 8334 → 626 航點（Mission Planner 上限 655）
2026-03-06 10:28:33 - UAVPathPlanner - [32mINFO[0m - 固定翼任務生成: 8334 個航點, 總距離 106320m, 轉彎半徑=50m
2026-03-06 10:28:33 - UAVPathPlanner - [32mINFO[0m - 請求預覽路徑
2026-03-06 10:28:38 - UAVPathPlanner - [32mINFO[0m - 參數已更新: {'spiral_curvature': 0.2}
2026-03-06 10:28:38 - UAVPathPlanner - [32mINFO[0m - 參數已更新: {'spiral_curvature': 0.30000000000000004}
2026-03-06 10:28:38 - UAVPathPlanner - [32mINFO[0m - 參數已更新: {'spiral_curvature': 0.5}
2026-03-06 10:28:38 - UAVPathPlanner - [32mINFO[0m - 參數已更新: {'spiral_curvature': 0.6}
2026-03-06 10:28:38 - UAVPathPlanner - [32mINFO[0m - 參數已更新: {'spiral_curvature': 0.7}
2026-03-06 10:28:38 - UAVPathPlanner - [32mINFO[0m - 參數已更新: {'spiral_curvature': 0.7999999999999999}
2026-03-06 10:28:38 - UAVPathPlanner - [32mINFO[0m - 參數已更新: {'spiral_curvature': 0.8999999999999999}
2026-03-06 10:28:38 - UAVPathPlanner - [32mINFO[0m - 參數已更新: {'spiral_curvature': 0.9999999999999999}
2026-03-06 10:28:38 - UAVPathPlanner - [32mINFO[0m - 參數已更新: {'spiral_curvature': 1.0999999999999999}
2026-03-06 10:28:38 - UAVPathPlanner - [32mINFO[0m - 參數已更新: {'spiral_curvature': 1.2}
2026-03-06 10:28:38 - UAVPathPlanner - [32mINFO[0m - 參數已更新: {'spiral_curvature': 1.3}
2026-03-06 10:28:38 - UAVPathPlanner - [32mINFO[0m - 參數已更新: {'spiral_curvature': 1.4000000000000001}
2026-03-06 10:28:38 - UAVPathPlanner - [32mINFO[0m - 參數已更新: {'spiral_curvature': 1.5000000000000002}
2026-03-06 10:28:38 - UAVPathPlanner - [32mINFO[0m - 參數已更新: {'spiral_curvature': 1.6000000000000003}
2026-03-06 10:28:38 - UAVPathPlanner - [32mINFO[0m - 參數已更新: {'spiral_curvature': 1.7000000000000004}
2026-03-06 10:28:40 - UAVPathPlanner - [32mINFO[0m - 插入進場弧：22 個弧段點，起飛→任務轉向平滑化
2026-03-06 10:28:40 - UAVPathPlanner - [32mINFO[0m - 插入離場弧：15 個弧段點 + lead_in，runway_hdg=180°，opp=0°→五邊進場
2026-03-06 10:28:41 - UAVPathPlanner - [32mINFO[0m - 固定翼任務生成: 639 個航點, 總距離 8889m, 轉彎半徑=50m
2026-03-06 10:28:41 - UAVPathPlanner - [32mINFO[0m - 請求預覽路徑
2026-03-06 10:29:19 - UAVPathPlanner - [32mINFO[0m - 應用程式關閉
2026-03-06 10:29:19 - UAVPathPlanner - [32mINFO[0m - UAV Path Planner 已退出
2026-03-06 10:31:49 - UAVPathPlanner - [32mINFO[0m - ============================================================
2026-03-06 10:31:49 - UAVPathPlanner - [32mINFO[0m - UAV Path Planner 啟動
2026-03-06 10:31:49 - UAVPathPlanner - [32mINFO[0m - 版本: 2.0.0
2026-03-06 10:31:49 - UAVPathPlanner - [32mINFO[0m - ============================================================
2026-03-06 10:31:49 - UAVPathPlanner - [32mINFO[0m - 配置文件: 使用預設配置
2026-03-06 10:31:49 - UAVPathPlanner - [32mINFO[0m - 飛行器配置載入成功: 4 種類型
2026-03-06 10:31:49 - UAVPathPlanner - [32mINFO[0m - 啟動 GUI 模式...
2026-03-06 10:31:50 - UAVPathPlanner - [32mINFO[0m - QtWebEngineWidgets 載入成功
2026-03-06 10:31:52 - UAVPathPlanner - [32mINFO[0m - 地圖初始化成功
2026-03-06 10:31:52 - UAVPathPlanner - [32mINFO[0m - 地圖組件初始化完成
2026-03-06 10:31:52 - UAVPathPlanner - [32mINFO[0m - 參數面板初始化完成
2026-03-06 10:31:52 - UAVPathPlanner - [32mINFO[0m - 任務面板初始化完成
2026-03-06 10:31:52 - UAVPathPlanner - [32mINFO[0m - 快捷鍵設置完成: Enter=生成路徑, Delete=刪除角點, Esc=清除路徑
2026-03-06 10:31:52 - UAVPathPlanner - [33mWARNING[0m - 樣式表不存在: c:\Users\joy46\Documents\DWA_path_planner-main\ui\resources\styles\dark_theme.qss
2026-03-06 10:31:52 - UAVPathPlanner - [32mINFO[0m - 主視窗初始化完成
2026-03-06 10:31:52 - UAVPathPlanner - [32mINFO[0m - GUI 啟動成功
2026-03-06 10:31:56 - UAVPathPlanner - [32mINFO[0m - 參數已更新: {'vehicle_model': ''}
2026-03-06 10:31:56 - UAVPathPlanner - [32mINFO[0m - 載具型號變更: 
2026-03-06 10:31:56 - UAVPathPlanner - [32mINFO[0m - 參數已更新: {'vehicle_model': '衝浪者 (Surfer)'}
2026-03-06 10:31:56 - UAVPathPlanner - [32mINFO[0m - 參數已更新: {'speed': 18.0}
2026-03-06 10:31:56 - UAVPathPlanner - [32mINFO[0m - 轉彎半徑檢測: 半徑=50m, 速度=18.0m/s, 狀態=ok, 傾斜角=33.4°
2026-03-06 10:31:56 - UAVPathPlanner - [32mINFO[0m - 參數已更新: {'altitude': 100.0}
2026-03-06 10:31:56 - UAVPathPlanner - [32mINFO[0m - 轉彎半徑檢測: 半徑=50m, 速度=18.0m/s, 狀態=ok, 傾斜角=33.4°
2026-03-06 10:31:56 - UAVPathPlanner - [32mINFO[0m - 載具型號變更: 衝浪者 (Surfer)
2026-03-06 10:31:56 - UAVPathPlanner - [32mINFO[0m - 參數已更新: {'vehicle_type': '固定翼'}
2026-03-06 10:31:56 - UAVPathPlanner - [32mINFO[0m - 轉彎半徑檢測: 半徑=50m, 速度=18.0m/s, 狀態=ok, 傾斜角=33.4°
2026-03-06 10:31:56 - UAVPathPlanner - [32mINFO[0m - 載具類型變更: 固定翼
2026-03-06 10:31:57 - UAVPathPlanner - [32mINFO[0m - 演算法變更: spiral
2026-03-06 10:31:57 - UAVPathPlanner - [32mINFO[0m - 參數已更新: {'algorithm': 'spiral'}
2026-03-06 10:31:57 - UAVPathPlanner - [32mINFO[0m - 演算法變更: spiral - 螺旋掃描：從外圍向中心螺旋掃描
2026-03-06 10:32:00 - UAVPathPlanner - [32mINFO[0m - 圓形拖曳模式: 啟用
2026-03-06 10:32:00 - UAVPathPlanner - [32mINFO[0m - 進入地圖拖曳定義圓形模式
2026-03-06 10:32:02 - UAVPathPlanner - [32mINFO[0m - 參數已更新: {'circle_center_lat': 23.702060355614734}
2026-03-06 10:32:02 - UAVPathPlanner - [32mINFO[0m - 參數已更新: {'circle_center_lon': 120.42311496713668}
2026-03-06 10:32:02 - UAVPathPlanner - [32mINFO[0m - 參數已更新: {'circle_max_radius': 318}
2026-03-06 10:32:02 - UAVPathPlanner - [32mINFO[0m - 拖曳圓形定義：圓心=23.702060,120.423115, r=318.1m
2026-03-06 10:32:02 - UAVPathPlanner - [32mINFO[0m - 圓形定義完成: (23.702060, 120.423115), r=318.1m
2026-03-06 10:32:03 - UAVPathPlanner - [32mINFO[0m - 插入進場弧：22 個弧段點，起飛→任務轉向平滑化
2026-03-06 10:32:03 - UAVPathPlanner - [32mINFO[0m - 插入離場弧：18 個弧段點 + lead_in，runway_hdg=180°，opp=0°→五邊進場
2026-03-06 10:32:03 - UAVPathPlanner - [33mWARNING[0m - [WP 限制] 固定翼單區任務: 1740 → 638 航點（Mission Planner 上限 655）
2026-03-06 10:32:04 - UAVPathPlanner - [32mINFO[0m - 固定翼任務生成: 1740 個航點, 總距離 17259m, 轉彎半徑=50m
2026-03-06 10:32:04 - UAVPathPlanner - [32mINFO[0m - 請求預覽路徑
2026-03-06 10:33:42 - UAVPathPlanner - [32mINFO[0m - 應用程式關閉
2026-03-06 10:33:42 - UAVPathPlanner - [32mINFO[0m - UAV Path Planner 已退出
2026-03-06 10:40:26 - UAVPathPlanner - [32mINFO[0m - ============================================================
2026-03-06 10:40:26 - UAVPathPlanner - [32mINFO[0m - UAV Path Planner 啟動
2026-03-06 10:40:26 - UAVPathPlanner - [32mINFO[0m - 版本: 2.0.0
2026-03-06 10:40:26 - UAVPathPlanner - [32mINFO[0m - ============================================================
2026-03-06 10:40:26 - UAVPathPlanner - [32mINFO[0m - 配置文件: 使用預設配置
2026-03-06 10:40:26 - UAVPathPlanner - [32mINFO[0m - 飛行器配置載入成功: 4 種類型
2026-03-06 10:40:26 - UAVPathPlanner - [32mINFO[0m - 啟動 GUI 模式...
2026-03-06 10:40:26 - UAVPathPlanner - [32mINFO[0m - QtWebEngineWidgets 載入成功
2026-03-06 10:40:27 - UAVPathPlanner - [32mINFO[0m - 地圖初始化成功
2026-03-06 10:40:27 - UAVPathPlanner - [32mINFO[0m - 地圖組件初始化完成
2026-03-06 10:40:27 - UAVPathPlanner - [32mINFO[0m - 參數面板初始化完成
2026-03-06 10:40:27 - UAVPathPlanner - [32mINFO[0m - 任務面板初始化完成
2026-03-06 10:40:27 - UAVPathPlanner - [32mINFO[0m - 快捷鍵設置完成: Enter=生成路徑, Delete=刪除角點, Esc=清除路徑
2026-03-06 10:40:27 - UAVPathPlanner - [33mWARNING[0m - 樣式表不存在: c:\Users\joy46\Documents\DWA_path_planner-main\ui\resources\styles\dark_theme.qss
2026-03-06 10:40:27 - UAVPathPlanner - [32mINFO[0m - 主視窗初始化完成
2026-03-06 10:40:27 - UAVPathPlanner - [32mINFO[0m - GUI 啟動成功
2026-03-06 10:40:31 - UAVPathPlanner - [32mINFO[0m - 參數已更新: {'vehicle_model': ''}
2026-03-06 10:40:31 - UAVPathPlanner - [32mINFO[0m - 載具型號變更: 
2026-03-06 10:40:32 - UAVPathPlanner - [32mINFO[0m - 參數已更新: {'vehicle_model': '衝浪者 (Surfer)'}
2026-03-06 10:40:32 - UAVPathPlanner - [32mINFO[0m - 參數已更新: {'speed': 18.0}
2026-03-06 10:40:32 - UAVPathPlanner - [32mINFO[0m - 轉彎半徑檢測: 半徑=50m, 速度=18.0m/s, 狀態=ok, 傾斜角=33.4°
2026-03-06 10:40:32 - UAVPathPlanner - [32mINFO[0m - 參數已更新: {'altitude': 100.0}
2026-03-06 10:40:32 - UAVPathPlanner - [32mINFO[0m - 轉彎半徑檢測: 半徑=50m, 速度=18.0m/s, 狀態=ok, 傾斜角=33.4°
2026-03-06 10:40:32 - UAVPathPlanner - [32mINFO[0m - 載具型號變更: 衝浪者 (Surfer)
2026-03-06 10:40:32 - UAVPathPlanner - [32mINFO[0m - 參數已更新: {'vehicle_type': '固定翼'}
2026-03-06 10:40:32 - UAVPathPlanner - [32mINFO[0m - 轉彎半徑檢測: 半徑=50m, 速度=18.0m/s, 狀態=ok, 傾斜角=33.4°
2026-03-06 10:40:32 - UAVPathPlanner - [32mINFO[0m - 載具類型變更: 固定翼
2026-03-06 10:40:32 - UAVPathPlanner - [32mINFO[0m - 演算法變更: spiral
2026-03-06 10:40:32 - UAVPathPlanner - [32mINFO[0m - 參數已更新: {'algorithm': 'spiral'}
2026-03-06 10:40:32 - UAVPathPlanner - [32mINFO[0m - 演算法變更: spiral - 螺旋掃描：從外圍向中心螺旋掃描
2026-03-06 10:40:35 - UAVPathPlanner - [32mINFO[0m - 圓形拖曳模式: 啟用
2026-03-06 10:40:35 - UAVPathPlanner - [32mINFO[0m - 進入地圖拖曳定義圓形模式
2026-03-06 10:40:37 - UAVPathPlanner - [32mINFO[0m - 參數已更新: {'circle_center_lat': 23.702797141442606}
2026-03-06 10:40:37 - UAVPathPlanner - [32mINFO[0m - 參數已更新: {'circle_center_lon': 120.42248210343497}
2026-03-06 10:40:37 - UAVPathPlanner - [32mINFO[0m - 參數已更新: {'circle_max_radius': 395}
2026-03-06 10:40:37 - UAVPathPlanner - [32mINFO[0m - 拖曳圓形定義：圓心=23.702797,120.422482, r=394.8m
2026-03-06 10:40:37 - UAVPathPlanner - [32mINFO[0m - 圓形定義完成: (23.702797, 120.422482), r=394.8m
2026-03-06 10:40:39 - UAVPathPlanner - [32mINFO[0m - 插入進場弧：22 個弧段點，起飛→任務轉向平滑化
2026-03-06 10:40:39 - UAVPathPlanner - [32mINFO[0m - 插入離場弧：8 個弧段點 + lead_in，runway_hdg=180°，opp=0°→五邊進場
2026-03-06 10:40:39 - UAVPathPlanner - [32mINFO[0m - 任務→五邊接縫弧：1 個弧段點插入 landing_path 前端
2026-03-06 10:40:39 - UAVPathPlanner - [33mWARNING[0m - [WP 限制] 固定翼單區任務: 2187 → 646 航點（Mission Planner 上限 655）
2026-03-06 10:40:42 - UAVPathPlanner - [32mINFO[0m - 固定翼任務生成: 2187 個航點, 總距離 25629m, 轉彎半徑=50m
2026-03-06 10:40:42 - UAVPathPlanner - [32mINFO[0m - 請求預覽路徑
2026-03-06 10:41:14 - UAVPathPlanner - [32mINFO[0m - 應用程式關閉
2026-03-06 10:41:14 - UAVPathPlanner - [32mINFO[0m - UAV Path Planner 已退出
2026-03-06 10:50:39 - UAVPathPlanner - [32mINFO[0m - ============================================================
2026-03-06 10:50:39 - UAVPathPlanner - [32mINFO[0m - UAV Path Planner 啟動
2026-03-06 10:50:39 - UAVPathPlanner - [32mINFO[0m - 版本: 2.0.0
2026-03-06 10:50:39 - UAVPathPlanner - [32mINFO[0m - ============================================================
2026-03-06 10:50:39 - UAVPathPlanner - [32mINFO[0m - 配置文件: 使用預設配置
2026-03-06 10:50:39 - UAVPathPlanner - [32mINFO[0m - 飛行器配置載入成功: 4 種類型
2026-03-06 10:50:39 - UAVPathPlanner - [32mINFO[0m - 啟動 GUI 模式...
2026-03-06 10:50:40 - UAVPathPlanner - [32mINFO[0m - QtWebEngineWidgets 載入成功
2026-03-06 10:50:40 - UAVPathPlanner - [32mINFO[0m - 地圖初始化成功
2026-03-06 10:50:40 - UAVPathPlanner - [32mINFO[0m - 地圖組件初始化完成
2026-03-06 10:50:40 - UAVPathPlanner - [32mINFO[0m - 參數面板初始化完成
2026-03-06 10:50:40 - UAVPathPlanner - [32mINFO[0m - 任務面板初始化完成
2026-03-06 10:50:40 - UAVPathPlanner - [32mINFO[0m - 快捷鍵設置完成: Enter=生成路徑, Delete=刪除角點, Esc=清除路徑
2026-03-06 10:50:40 - UAVPathPlanner - [33mWARNING[0m - 樣式表不存在: c:\Users\joy46\Documents\DWA_path_planner-main\ui\resources\styles\dark_theme.qss
2026-03-06 10:50:40 - UAVPathPlanner - [32mINFO[0m - 主視窗初始化完成
2026-03-06 10:50:41 - UAVPathPlanner - [32mINFO[0m - GUI 啟動成功
2026-03-06 10:50:43 - UAVPathPlanner - [32mINFO[0m - 演算法變更: spiral
2026-03-06 10:50:43 - UAVPathPlanner - [32mINFO[0m - 參數已更新: {'algorithm': 'spiral'}
2026-03-06 10:50:43 - UAVPathPlanner - [32mINFO[0m - 演算法變更: spiral - 螺旋掃描：從外圍向中心螺旋掃描
2026-03-06 10:50:44 - UAVPathPlanner - [32mINFO[0m - 參數已更新: {'vehicle_model': ''}
2026-03-06 10:50:44 - UAVPathPlanner - [32mINFO[0m - 載具型號變更: 
2026-03-06 10:50:44 - UAVPathPlanner - [32mINFO[0m - 參數已更新: {'vehicle_model': '衝浪者 (Surfer)'}
2026-03-06 10:50:44 - UAVPathPlanner - [32mINFO[0m - 參數已更新: {'speed': 18.0}
2026-03-06 10:50:44 - UAVPathPlanner - [32mINFO[0m - 轉彎半徑檢測: 半徑=50m, 速度=18.0m/s, 狀態=ok, 傾斜角=33.4°
2026-03-06 10:50:44 - UAVPathPlanner - [32mINFO[0m - 參數已更新: {'altitude': 100.0}
2026-03-06 10:50:44 - UAVPathPlanner - [32mINFO[0m - 轉彎半徑檢測: 半徑=50m, 速度=18.0m/s, 狀態=ok, 傾斜角=33.4°
2026-03-06 10:50:44 - UAVPathPlanner - [32mINFO[0m - 載具型號變更: 衝浪者 (Surfer)
2026-03-06 10:50:44 - UAVPathPlanner - [32mINFO[0m - 參數已更新: {'vehicle_type': '固定翼'}
2026-03-06 10:50:44 - UAVPathPlanner - [32mINFO[0m - 轉彎半徑檢測: 半徑=50m, 速度=18.0m/s, 狀態=ok, 傾斜角=33.4°
2026-03-06 10:50:44 - UAVPathPlanner - [32mINFO[0m - 載具類型變更: 固定翼
2026-03-06 10:50:48 - UAVPathPlanner - [32mINFO[0m - 圓形拖曳模式: 啟用
2026-03-06 10:50:48 - UAVPathPlanner - [32mINFO[0m - 進入地圖拖曳定義圓形模式
2026-03-06 10:50:51 - UAVPathPlanner - [32mINFO[0m - 參數已更新: {'circle_center_lat': 23.7020898271277}
2026-03-06 10:50:51 - UAVPathPlanner - [32mINFO[0m - 參數已更新: {'circle_center_lon': 120.42312033038843}
2026-03-06 10:50:51 - UAVPathPlanner - [32mINFO[0m - 參數已更新: {'circle_max_radius': 272}
2026-03-06 10:50:51 - UAVPathPlanner - [32mINFO[0m - 拖曳圓形定義：圓心=23.702090,120.423120, r=271.9m
2026-03-06 10:50:51 - UAVPathPlanner - [32mINFO[0m - 圓形定義完成: (23.702090, 120.423120), r=271.9m
2026-03-06 10:50:51 - UAVPathPlanner - [32mINFO[0m - 插入進場弧：22 個弧段點，起飛→任務轉向平滑化
2026-03-06 10:50:51 - UAVPathPlanner - [32mINFO[0m - 插入離場弧：0 個弧段點 + lead_in，runway_hdg=180°，opp=0°→五邊進場
2026-03-06 10:50:51 - UAVPathPlanner - [32mINFO[0m - 任務→五邊橋接：補入 downwind_start (23.708390, 120.421154)
2026-03-06 10:50:51 - UAVPathPlanner - [33mWARNING[0m - [WP 限制] 固定翼單區任務: 1441 → 620 航點（Mission Planner 上限 655）
2026-03-06 10:50:54 - UAVPathPlanner - [32mINFO[0m - 固定翼任務生成: 1441 個航點, 總距離 13181m, 轉彎半徑=50m
2026-03-06 10:50:54 - UAVPathPlanner - [32mINFO[0m - 請求預覽路徑
2026-03-06 10:51:10 - UAVPathPlanner - [32mINFO[0m - 參數已更新: {'fw_takeoff_bearing': 1.0}
2026-03-06 10:51:10 - UAVPathPlanner - [32mINFO[0m - 參數已更新: {'fw_takeoff_bearing': 18.0}
2026-03-06 10:51:11 - UAVPathPlanner - [32mINFO[0m - 參數已更新: {'fw_takeoff_bearing': 180.0}
2026-03-06 10:51:11 - UAVPathPlanner - [32mINFO[0m - 插入進場弧：22 個弧段點，起飛→任務轉向平滑化
2026-03-06 10:51:11 - UAVPathPlanner - [32mINFO[0m - 插入離場弧：18 個弧段點 + lead_in，runway_hdg=180°，opp=0°→五邊進場
2026-03-06 10:51:11 - UAVPathPlanner - [32mINFO[0m - 任務→五邊橋接：補入 downwind_start (23.708390, 120.421154)
2026-03-06 10:51:11 - UAVPathPlanner - [33mWARNING[0m - [WP 限制] 固定翼單區任務: 1495 → 633 航點（Mission Planner 上限 655）
2026-03-06 10:51:13 - UAVPathPlanner - [32mINFO[0m - 固定翼任務生成: 1495 個航點, 總距離 13487m, 轉彎半徑=50m
2026-03-06 10:53:52 - UAVPathPlanner - [32mINFO[0m - 應用程式關閉
2026-03-06 10:53:52 - UAVPathPlanner - [32mINFO[0m - UAV Path Planner 已退出
2026-03-06 10:56:57 - UAVPathPlanner - [32mINFO[0m - ============================================================
2026-03-06 10:56:57 - UAVPathPlanner - [32mINFO[0m - UAV Path Planner 啟動
2026-03-06 10:56:57 - UAVPathPlanner - [32mINFO[0m - 版本: 2.0.0
2026-03-06 10:56:57 - UAVPathPlanner - [32mINFO[0m - ============================================================
2026-03-06 10:56:57 - UAVPathPlanner - [32mINFO[0m - 配置文件: 使用預設配置
2026-03-06 10:56:57 - UAVPathPlanner - [32mINFO[0m - 飛行器配置載入成功: 4 種類型
2026-03-06 10:56:57 - UAVPathPlanner - [32mINFO[0m - 啟動 GUI 模式...
2026-03-06 10:56:57 - UAVPathPlanner - [32mINFO[0m - QtWebEngineWidgets 載入成功
2026-03-06 10:56:58 - UAVPathPlanner - [32mINFO[0m - 地圖初始化成功
2026-03-06 10:56:58 - UAVPathPlanner - [32mINFO[0m - 地圖組件初始化完成
2026-03-06 10:56:58 - UAVPathPlanner - [32mINFO[0m - 參數面板初始化完成
2026-03-06 10:56:58 - UAVPathPlanner - [32mINFO[0m - 任務面板初始化完成
2026-03-06 10:56:58 - UAVPathPlanner - [32mINFO[0m - 快捷鍵設置完成: Enter=生成路徑, Delete=刪除角點, Esc=清除路徑
2026-03-06 10:56:58 - UAVPathPlanner - [33mWARNING[0m - 樣式表不存在: c:\Users\joy46\Documents\DWA_path_planner-main\ui\resources\styles\dark_theme.qss
2026-03-06 10:56:58 - UAVPathPlanner - [32mINFO[0m - 主視窗初始化完成
2026-03-06 10:56:58 - UAVPathPlanner - [32mINFO[0m - GUI 啟動成功
2026-03-06 10:57:01 - UAVPathPlanner - [32mINFO[0m - 演算法變更: spiral
2026-03-06 10:57:01 - UAVPathPlanner - [32mINFO[0m - 參數已更新: {'algorithm': 'spiral'}
2026-03-06 10:57:01 - UAVPathPlanner - [32mINFO[0m - 演算法變更: spiral - 螺旋掃描：從外圍向中心螺旋掃描
2026-03-06 10:57:03 - UAVPathPlanner - [32mINFO[0m - 參數已更新: {'vehicle_model': ''}
2026-03-06 10:57:03 - UAVPathPlanner - [32mINFO[0m - 載具型號變更: 
2026-03-06 10:57:03 - UAVPathPlanner - [32mINFO[0m - 參數已更新: {'vehicle_model': '衝浪者 (Surfer)'}
2026-03-06 10:57:03 - UAVPathPlanner - [32mINFO[0m - 參數已更新: {'speed': 18.0}
2026-03-06 10:57:03 - UAVPathPlanner - [32mINFO[0m - 轉彎半徑檢測: 半徑=50m, 速度=18.0m/s, 狀態=ok, 傾斜角=33.4°
2026-03-06 10:57:03 - UAVPathPlanner - [32mINFO[0m - 參數已更新: {'altitude': 100.0}
2026-03-06 10:57:03 - UAVPathPlanner - [32mINFO[0m - 轉彎半徑檢測: 半徑=50m, 速度=18.0m/s, 狀態=ok, 傾斜角=33.4°
2026-03-06 10:57:03 - UAVPathPlanner - [32mINFO[0m - 載具型號變更: 衝浪者 (Surfer)
2026-03-06 10:57:03 - UAVPathPlanner - [32mINFO[0m - 參數已更新: {'vehicle_type': '固定翼'}
2026-03-06 10:57:03 - UAVPathPlanner - [32mINFO[0m - 轉彎半徑檢測: 半徑=50m, 速度=18.0m/s, 狀態=ok, 傾斜角=33.4°
2026-03-06 10:57:03 - UAVPathPlanner - [32mINFO[0m - 載具類型變更: 固定翼
2026-03-06 10:57:03 - UAVPathPlanner - [32mINFO[0m - 參數已更新: {'vehicle_model': ''}
2026-03-06 10:57:03 - UAVPathPlanner - [32mINFO[0m - 載具型號變更: 
2026-03-06 10:57:03 - UAVPathPlanner - [32mINFO[0m - 參數已更新: {'vehicle_model': 'Generic VTOL'}
2026-03-06 10:57:03 - UAVPathPlanner - [32mINFO[0m - 參數已更新: {'speed': 15.0}
2026-03-06 10:57:03 - UAVPathPlanner - [32mINFO[0m - 轉彎半徑檢測: 半徑=50m, 速度=15.0m/s, 狀態=ok, 傾斜角=24.6°
2026-03-06 10:57:03 - UAVPathPlanner - [32mINFO[0m - 參數已更新: {'altitude': 80.0}
2026-03-06 10:57:03 - UAVPathPlanner - [32mINFO[0m - 參數已更新: {'turn_radius': 30.0}
2026-03-06 10:57:03 - UAVPathPlanner - [32mINFO[0m - 轉彎半徑檢測: 半徑=30m, 速度=15.0m/s, 狀態=critical, 傾斜角=37.4°
2026-03-06 10:57:03 - UAVPathPlanner - [32mINFO[0m - 轉彎半徑檢測: 半徑=30m, 速度=15.0m/s, 狀態=critical, 傾斜角=37.4°
2026-03-06 10:57:03 - UAVPathPlanner - [32mINFO[0m - 載具型號變更: Generic VTOL
2026-03-06 10:57:03 - UAVPathPlanner - [32mINFO[0m - 參數已更新: {'vehicle_type': 'VTOL'}
2026-03-06 10:57:03 - UAVPathPlanner - [32mINFO[0m - 載具類型變更: VTOL
2026-03-06 10:57:03 - UAVPathPlanner - [32mINFO[0m - 參數已更新: {'vehicle_model': ''}
2026-03-06 10:57:03 - UAVPathPlanner - [32mINFO[0m - 載具型號變更: 
2026-03-06 10:57:03 - UAVPathPlanner - [32mINFO[0m - 參數已更新: {'vehicle_model': '衝浪者 (Surfer)'}
2026-03-06 10:57:03 - UAVPathPlanner - [32mINFO[0m - 參數已更新: {'speed': 18.0}
2026-03-06 10:57:03 - UAVPathPlanner - [32mINFO[0m - 轉彎半徑檢測: 半徑=30m, 速度=18.0m/s, 狀態=warning, 傾斜角=47.8°
2026-03-06 10:57:03 - UAVPathPlanner - [32mINFO[0m - 參數已更新: {'altitude': 100.0}
2026-03-06 10:57:03 - UAVPathPlanner - [32mINFO[0m - 參數已更新: {'turn_radius': 50.0}
2026-03-06 10:57:03 - UAVPathPlanner - [32mINFO[0m - 轉彎半徑檢測: 半徑=50m, 速度=18.0m/s, 狀態=ok, 傾斜角=33.4°
2026-03-06 10:57:03 - UAVPathPlanner - [32mINFO[0m - 轉彎半徑檢測: 半徑=50m, 速度=18.0m/s, 狀態=ok, 傾斜角=33.4°
2026-03-06 10:57:03 - UAVPathPlanner - [32mINFO[0m - 載具型號變更: 衝浪者 (Surfer)
2026-03-06 10:57:03 - UAVPathPlanner - [32mINFO[0m - 參數已更新: {'vehicle_type': '固定翼'}
2026-03-06 10:57:03 - UAVPathPlanner - [32mINFO[0m - 轉彎半徑檢測: 半徑=50m, 速度=18.0m/s, 狀態=ok, 傾斜角=33.4°
2026-03-06 10:57:03 - UAVPathPlanner - [32mINFO[0m - 載具類型變更: 固定翼
2026-03-06 10:57:04 - UAVPathPlanner - [32mINFO[0m - 參數已更新: {'vehicle_model': ''}
2026-03-06 10:57:04 - UAVPathPlanner - [32mINFO[0m - 載具型號變更: 
2026-03-06 10:57:04 - UAVPathPlanner - [32mINFO[0m - 參數已更新: {'vehicle_model': 'Generic VTOL'}
2026-03-06 10:57:04 - UAVPathPlanner - [32mINFO[0m - 參數已更新: {'speed': 15.0}
2026-03-06 10:57:04 - UAVPathPlanner - [32mINFO[0m - 轉彎半徑檢測: 半徑=50m, 速度=15.0m/s, 狀態=ok, 傾斜角=24.6°
2026-03-06 10:57:04 - UAVPathPlanner - [32mINFO[0m - 參數已更新: {'altitude': 80.0}
2026-03-06 10:57:04 - UAVPathPlanner - [32mINFO[0m - 參數已更新: {'turn_radius': 30.0}
2026-03-06 10:57:04 - UAVPathPlanner - [32mINFO[0m - 轉彎半徑檢測: 半徑=30m, 速度=15.0m/s, 狀態=critical, 傾斜角=37.4°
2026-03-06 10:57:04 - UAVPathPlanner - [32mINFO[0m - 轉彎半徑檢測: 半徑=30m, 速度=15.0m/s, 狀態=critical, 傾斜角=37.4°
2026-03-06 10:57:04 - UAVPathPlanner - [32mINFO[0m - 載具型號變更: Generic VTOL
2026-03-06 10:57:04 - UAVPathPlanner - [32mINFO[0m - 參數已更新: {'vehicle_type': 'VTOL'}
2026-03-06 10:57:04 - UAVPathPlanner - [32mINFO[0m - 載具類型變更: VTOL
2026-03-06 10:57:04 - UAVPathPlanner - [32mINFO[0m - 參數已更新: {'vehicle_model': ''}
2026-03-06 10:57:04 - UAVPathPlanner - [32mINFO[0m - 載具型號變更: 
2026-03-06 10:57:04 - UAVPathPlanner - [32mINFO[0m - 參數已更新: {'vehicle_model': '衝浪者 (Surfer)'}
2026-03-06 10:57:04 - UAVPathPlanner - [32mINFO[0m - 參數已更新: {'speed': 18.0}
2026-03-06 10:57:04 - UAVPathPlanner - [32mINFO[0m - 轉彎半徑檢測: 半徑=30m, 速度=18.0m/s, 狀態=warning, 傾斜角=47.8°
2026-03-06 10:57:04 - UAVPathPlanner - [32mINFO[0m - 參數已更新: {'altitude': 100.0}
2026-03-06 10:57:04 - UAVPathPlanner - [32mINFO[0m - 參數已更新: {'turn_radius': 50.0}
2026-03-06 10:57:04 - UAVPathPlanner - [32mINFO[0m - 轉彎半徑檢測: 半徑=50m, 速度=18.0m/s, 狀態=ok, 傾斜角=33.4°
2026-03-06 10:57:04 - UAVPathPlanner - [32mINFO[0m - 轉彎半徑檢測: 半徑=50m, 速度=18.0m/s, 狀態=ok, 傾斜角=33.4°
2026-03-06 10:57:04 - UAVPathPlanner - [32mINFO[0m - 載具型號變更: 衝浪者 (Surfer)
2026-03-06 10:57:04 - UAVPathPlanner - [32mINFO[0m - 參數已更新: {'vehicle_type': '固定翼'}
2026-03-06 10:57:04 - UAVPathPlanner - [32mINFO[0m - 轉彎半徑檢測: 半徑=50m, 速度=18.0m/s, 狀態=ok, 傾斜角=33.4°
2026-03-06 10:57:04 - UAVPathPlanner - [32mINFO[0m - 載具類型變更: 固定翼
2026-03-06 10:57:05 - UAVPathPlanner - [32mINFO[0m - 參數已更新: {'vehicle_model': ''}
2026-03-06 10:57:05 - UAVPathPlanner - [32mINFO[0m - 載具型號變更: 
2026-03-06 10:57:05 - UAVPathPlanner - [32mINFO[0m - 參數已更新: {'vehicle_model': 'Generic VTOL'}
2026-03-06 10:57:05 - UAVPathPlanner - [32mINFO[0m - 參數已更新: {'speed': 15.0}
2026-03-06 10:57:05 - UAVPathPlanner - [32mINFO[0m - 轉彎半徑檢測: 半徑=50m, 速度=15.0m/s, 狀態=ok, 傾斜角=24.6°
2026-03-06 10:57:05 - UAVPathPlanner - [32mINFO[0m - 參數已更新: {'altitude': 80.0}
2026-03-06 10:57:05 - UAVPathPlanner - [32mINFO[0m - 參數已更新: {'turn_radius': 30.0}
2026-03-06 10:57:05 - UAVPathPlanner - [32mINFO[0m - 轉彎半徑檢測: 半徑=30m, 速度=15.0m/s, 狀態=critical, 傾斜角=37.4°
2026-03-06 10:57:05 - UAVPathPlanner - [32mINFO[0m - 轉彎半徑檢測: 半徑=30m, 速度=15.0m/s, 狀態=critical, 傾斜角=37.4°
2026-03-06 10:57:05 - UAVPathPlanner - [32mINFO[0m - 載具型號變更: Generic VTOL
2026-03-06 10:57:05 - UAVPathPlanner - [32mINFO[0m - 參數已更新: {'vehicle_type': 'VTOL'}
2026-03-06 10:57:05 - UAVPathPlanner - [32mINFO[0m - 載具類型變更: VTOL
2026-03-06 10:57:07 - UAVPathPlanner - [32mINFO[0m - 參數已更新: {'vehicle_model': ''}
2026-03-06 10:57:07 - UAVPathPlanner - [32mINFO[0m - 載具型號變更: 
2026-03-06 10:57:07 - UAVPathPlanner - [32mINFO[0m - 參數已更新: {'vehicle_model': '衝浪者 (Surfer)'}
2026-03-06 10:57:07 - UAVPathPlanner - [32mINFO[0m - 參數已更新: {'speed': 18.0}
2026-03-06 10:57:07 - UAVPathPlanner - [32mINFO[0m - 轉彎半徑檢測: 半徑=30m, 速度=18.0m/s, 狀態=warning, 傾斜角=47.8°
2026-03-06 10:57:07 - UAVPathPlanner - [32mINFO[0m - 參數已更新: {'altitude': 100.0}
2026-03-06 10:57:07 - UAVPathPlanner - [32mINFO[0m - 參數已更新: {'turn_radius': 50.0}
2026-03-06 10:57:07 - UAVPathPlanner - [32mINFO[0m - 轉彎半徑檢測: 半徑=50m, 速度=18.0m/s, 狀態=ok, 傾斜角=33.4°
2026-03-06 10:57:07 - UAVPathPlanner - [32mINFO[0m - 轉彎半徑檢測: 半徑=50m, 速度=18.0m/s, 狀態=ok, 傾斜角=33.4°
2026-03-06 10:57:07 - UAVPathPlanner - [32mINFO[0m - 載具型號變更: 衝浪者 (Surfer)
2026-03-06 10:57:07 - UAVPathPlanner - [32mINFO[0m - 參數已更新: {'vehicle_type': '固定翼'}
2026-03-06 10:57:07 - UAVPathPlanner - [32mINFO[0m - 轉彎半徑檢測: 半徑=50m, 速度=18.0m/s, 狀態=ok, 傾斜角=33.4°
2026-03-06 10:57:07 - UAVPathPlanner - [32mINFO[0m - 載具類型變更: 固定翼
2026-03-06 10:57:09 - UAVPathPlanner - [32mINFO[0m - 圓形拖曳模式: 啟用
2026-03-06 10:57:09 - UAVPathPlanner - [32mINFO[0m - 進入地圖拖曳定義圓形模式
2026-03-06 10:57:12 - UAVPathPlanner - [32mINFO[0m - 參數已更新: {'circle_center_lat': 23.70206526753401}
2026-03-06 10:57:12 - UAVPathPlanner - [32mINFO[0m - 參數已更新: {'circle_center_lon': 120.42308161430836}
2026-03-06 10:57:12 - UAVPathPlanner - [32mINFO[0m - 參數已更新: {'circle_max_radius': 288}
2026-03-06 10:57:12 - UAVPathPlanner - [32mINFO[0m - 拖曳圓形定義：圓心=23.702065,120.423082, r=288.5m
2026-03-06 10:57:12 - UAVPathPlanner - [32mINFO[0m - 圓形定義完成: (23.702065, 120.423082), r=288.5m
2026-03-06 10:57:13 - UAVPathPlanner - [32mINFO[0m - 插入進場弧：22 個弧段點，起飛→任務轉向平滑化
2026-03-06 10:57:13 - UAVPathPlanner - [32mINFO[0m - 插入離場弧：7 個弧段點 + lead_in，runway_hdg=180°，opp=0°→五邊進場
2026-03-06 10:57:13 - UAVPathPlanner - [32mINFO[0m - 任務→五邊接縫弧：lead_in 轉角平滑，插入 10 個弧段點，downwind_start (23.708365, 120.421116)
2026-03-06 10:57:13 - UAVPathPlanner - [33mWARNING[0m - [WP 限制] 固定翼單區任務: 1548 → 544 航點（Mission Planner 上限 655）
2026-03-06 10:57:14 - UAVPathPlanner - [32mINFO[0m - 固定翼任務生成: 1548 個航點, 總距離 14804m, 轉彎半徑=50m
2026-03-06 10:57:14 - UAVPathPlanner - [32mINFO[0m - 請求預覽路徑
2026-03-06 10:57:21 - UAVPathPlanner - [32mINFO[0m - 應用程式關閉
2026-03-06 10:57:21 - UAVPathPlanner - [32mINFO[0m - UAV Path Planner 已退出
